AFAåŠå…¬ç³»ç»Ÿèšåˆé”™è¯¯æ‘˜è¦ (2025/10/10 20:51:56)
======================================================================

é¡¹ç›®æ€»ä½“çŠ¶æ€: å­˜åœ¨ 125 ä¸ªæµ‹è¯•å¤±è´¥
å½±å“æ¨¡å—æ•°é‡: 1 ä¸ª

ğŸ“‹ åç«¯APIæœåŠ¡ (125 ä¸ªå¤±è´¥æµ‹è¯•)
--------------------------------------------------
æå–åˆ°çš„é”™è¯¯è¯¦æƒ…: 254 ä¸ª

1. tests/integration/auth.test.ts
   æµ‹è¯•å¥—ä»¶: Auth Integration Tests
   æµ‹è¯•åç§°: POST /api/v1/auth/login > åº”è¯¥æˆåŠŸç™»å½•æœ‰æ•ˆç”¨æˆ·
   é”™è¯¯ä¿¡æ¯: expected 500 to be 200 // Object.is equality
   é”™è¯¯ç±»å‹: test_failure

2. tests/integration/auth.test.ts
   æµ‹è¯•å¥—ä»¶: Auth Integration Tests
   æµ‹è¯•åç§°: POST /api/v1/auth/login > åº”è¯¥æ‹’ç»ä¸å­˜åœ¨çš„ç”¨æˆ·
   é”™è¯¯ä¿¡æ¯: expected 500 to be 400 // Object.is equality
   é”™è¯¯ç±»å‹: test_failure

3. tests/integration/auth.test.ts
   æµ‹è¯•å¥—ä»¶: Auth Integration Tests
   æµ‹è¯•åç§°: POST /api/v1/auth/wechat-login > åº”è¯¥æˆåŠŸå¤„ç†å¾®ä¿¡ç™»å½•
   é”™è¯¯ä¿¡æ¯: axios.default.get.mockResolvedValue is not a function
   é”™è¯¯ç±»å‹: test_failure

4. tests/integration/auth.test.ts
   æµ‹è¯•å¥—ä»¶: Auth Integration Tests
   æµ‹è¯•åç§°: POST /api/v1/auth/wechat-login > åº”è¯¥æ‹’ç»æ— æ•ˆçš„ç”¨æˆ·ç±»å‹
   é”™è¯¯ä¿¡æ¯: axios.default.get.mockResolvedValue is not a function
   é”™è¯¯ç±»å‹: test_failure

5. tests/integration/auth.test.ts
   æµ‹è¯•å¥—ä»¶: Auth Integration Tests
   æµ‹è¯•åç§°: POST /api/v1/auth/wechat-login > åº”è¯¥æ‹’ç»ç¼ºå°‘å¾®ä¿¡æˆæƒç çš„è¯·æ±‚
   é”™è¯¯ä¿¡æ¯: axios.default.get.mockResolvedValue is not a function
   é”™è¯¯ç±»å‹: test_failure

6. tests/integration/auth.test.ts
   æµ‹è¯•å¥—ä»¶: Auth Integration Tests
   æµ‹è¯•åç§°: POST /api/v1/auth/wechat-login > åº”è¯¥å¤„ç†å¾®ä¿¡APIé”™è¯¯
   é”™è¯¯ä¿¡æ¯: axios.default.get.mockResolvedValue is not a function
   é”™è¯¯ç±»å‹: test_failure

7. tests/integration/auth.test.ts
   æµ‹è¯•å¥—ä»¶: Auth Integration Tests
   æµ‹è¯•åç§°: POST /api/v1/auth/refresh-token > åº”è¯¥åˆ·æ–°æœ‰æ•ˆçš„token
   é”™è¯¯ä¿¡æ¯: Cannot read properties of undefined (reading 'refreshToken')
   é”™è¯¯ç±»å‹: test_failure

8. tests/integration/auth.test.ts
   æµ‹è¯•å¥—ä»¶: Auth Integration Tests
   æµ‹è¯•åç§°: POST /api/v1/auth/refresh-token > åº”è¯¥æ‹’ç»æ— æ•ˆçš„åˆ·æ–°token
   é”™è¯¯ä¿¡æ¯: expected 500 to be 400 // Object.is equality
   é”™è¯¯ç±»å‹: test_failure

9. tests/integration/auth.test.ts
   æµ‹è¯•å¥—ä»¶: Auth Integration Tests
   æµ‹è¯•åç§°: POST /api/v1/auth/verify-token > åº”è¯¥éªŒè¯æœ‰æ•ˆçš„token
   é”™è¯¯ä¿¡æ¯: Cannot read properties of undefined (reading 'accessToken')
   é”™è¯¯ç±»å‹: test_failure

10. tests/integration/auth.test.ts
   æµ‹è¯•å¥—ä»¶: Auth Integration Tests
   æµ‹è¯•åç§°: GET /api/v1/auth/me > åº”è¯¥è¿”å›å½“å‰ç”¨æˆ·ä¿¡æ¯
   é”™è¯¯ä¿¡æ¯: Cannot read properties of undefined (reading 'accessToken')
   é”™è¯¯ç±»å‹: test_failure

11. tests/integration/auth.test.ts
   æµ‹è¯•å¥—ä»¶: Auth Integration Tests
   æµ‹è¯•åç§°: POST /api/v1/auth/logout > åº”è¯¥æˆåŠŸç™»å‡ºç”¨æˆ·
   é”™è¯¯ä¿¡æ¯: Cannot read properties of undefined (reading 'accessToken')
   é”™è¯¯ç±»å‹: test_failure

12. tests/integration/auth.test.ts
   æµ‹è¯•å¥—ä»¶: Auth Integration Tests
   æµ‹è¯•åç§°: é”™è¯¯å¤„ç† > åº”è¯¥å¤„ç†JSONæ ¼å¼é”™è¯¯
   é”™è¯¯ä¿¡æ¯: expected 500 to be 400 // Object.is equality
   é”™è¯¯ç±»å‹: test_failure

13. tests/integration/auth.test.ts
   æµ‹è¯•å¥—ä»¶: Auth Integration Tests
   æµ‹è¯•åç§°: é”™è¯¯å¤„ç† > åº”è¯¥å¤„ç†è¶…å¤§è¯·æ±‚ä½“
   é”™è¯¯ä¿¡æ¯: expected 500 to be 413 // Object.is equality
   é”™è¯¯ç±»å‹: test_failure

14. tests/integration/auth.test.ts
   æµ‹è¯•å¥—ä»¶: Auth Integration Tests
   æµ‹è¯•åç§°: å®‰å…¨æ€§æµ‹è¯• > åº”è¯¥é˜²æ­¢XSSæ”»å‡»
   é”™è¯¯ä¿¡æ¯: expected 500 to be 400 // Object.is equality
   é”™è¯¯ç±»å‹: test_failure

15. tests/integration/auth.test.ts
   æµ‹è¯•å¥—ä»¶: Auth Integration Tests
   æµ‹è¯•åç§°: å®‰å…¨æ€§æµ‹è¯• > åº”è¯¥é™åˆ¶è¯·æ±‚é¢‘ç‡
   é”™è¯¯ä¿¡æ¯: expected 0 to be greater than 0
   é”™è¯¯ç±»å‹: test_failure

16. tests/unit/models/visitor-application.model.test.ts
   æµ‹è¯•å¥—ä»¶: VisitorApplicationModel
   æµ‹è¯•åç§°: create > åˆ›å»ºç”³è¯·æ—¶ç¼ºå°‘å¿…å¡«å­—æ®µåº”è¯¥å¤±è´¥
   é”™è¯¯ä¿¡æ¯: SQLITE_CONSTRAINT: FOREIGN KEY constraint failed
   é”™è¯¯ç±»å‹: test_failure

17. tests/unit/models/visitor-application.model.test.ts
   æµ‹è¯•å¥—ä»¶: VisitorApplicationModel
   æµ‹è¯•åç§°: findById > æŸ¥æ‰¾ä¸å­˜åœ¨çš„ç”³è¯·åº”è¯¥è¿”å›null
   é”™è¯¯ä¿¡æ¯: SQLITE_CONSTRAINT: FOREIGN KEY constraint failed
   é”™è¯¯ç±»å‹: test_failure

18. tests/unit/models/visitor-application.model.test.ts
   æµ‹è¯•å¥—ä»¶: VisitorApplicationModel
   æµ‹è¯•åç§°: findByApplicantId > åº”è¯¥æ ¹æ®ç”³è¯·äººIDæŸ¥æ‰¾ç”³è¯·åˆ—è¡¨
   é”™è¯¯ä¿¡æ¯: åˆ›å»ºç”¨æˆ·åæŸ¥è¯¢å¤±è´¥
   é”™è¯¯ç±»å‹: test_failure

19. tests/unit/models/visitor-application.model.test.ts
   æµ‹è¯•å¥—ä»¶: VisitorApplicationModel
   æµ‹è¯•åç§°: findByMerchantId > åº”è¯¥æ ¹æ®å•†æˆ·IDæŸ¥æ‰¾ç”³è¯·åˆ—è¡¨
   é”™è¯¯ä¿¡æ¯: åˆ›å»ºç”¨æˆ·åæŸ¥è¯¢å¤±è´¥
   é”™è¯¯ç±»å‹: test_failure

20. tests/unit/models/visitor-application.model.test.ts
   æµ‹è¯•å¥—ä»¶: VisitorApplicationModel
   æµ‹è¯•åç§°: findByStatus > åº”è¯¥æ ¹æ®çŠ¶æ€æŸ¥æ‰¾ç”³è¯·åˆ—è¡¨
   é”™è¯¯ä¿¡æ¯: åˆ›å»ºè®¿å®¢ç”³è¯·åæŸ¥è¯¢å¤±è´¥
   é”™è¯¯ç±»å‹: test_failure

21. tests/unit/models/visitor-application.model.test.ts
   æµ‹è¯•å¥—ä»¶: VisitorApplicationModel
   æµ‹è¯•åç§°: update > åº”è¯¥æˆåŠŸæ›´æ–°è®¿å®¢ç”³è¯·ä¿¡æ¯
   é”™è¯¯ä¿¡æ¯: åˆ›å»ºç”¨æˆ·åæŸ¥è¯¢å¤±è´¥
   é”™è¯¯ç±»å‹: test_failure

22. tests/unit/models/visitor-application.model.test.ts
   æµ‹è¯•å¥—ä»¶: VisitorApplicationModel
   æµ‹è¯•åç§°: approve and reject > åº”è¯¥å®¡æ‰¹é€šè¿‡è®¿å®¢ç”³è¯·
   é”™è¯¯ä¿¡æ¯: SQLITE_CONSTRAINT: UNIQUE constraint failed: merchants.code
   é”™è¯¯ç±»å‹: test_failure

23. tests/unit/models/visitor-application.model.test.ts
   æµ‹è¯•å¥—ä»¶: VisitorApplicationModel
   æµ‹è¯•åç§°: approve and reject > åº”è¯¥æ‹’ç»è®¿å®¢ç”³è¯·
   é”™è¯¯ä¿¡æ¯: åˆ›å»ºè®¿å®¢ç”³è¯·åæŸ¥è¯¢å¤±è´¥
   é”™è¯¯ç±»å‹: test_failure

24. tests/unit/models/visitor-application.model.test.ts
   æµ‹è¯•å¥—ä»¶: VisitorApplicationModel
   æµ‹è¯•åç§°: count > åº”è¯¥ç»Ÿè®¡è®¿å®¢ç”³è¯·æ•°é‡
   é”™è¯¯ä¿¡æ¯: SQLITE_CONSTRAINT: FOREIGN KEY constraint failed
   é”™è¯¯ç±»å‹: test_failure

25. tests/unit/models/visitor-application.model.test.ts
   æµ‹è¯•å¥—ä»¶: VisitorApplicationModel
   æµ‹è¯•åç§°: count > åº”è¯¥æ ¹æ®æ¡ä»¶ç»Ÿè®¡ç”³è¯·æ•°é‡
   é”™è¯¯ä¿¡æ¯: SQLITE_CONSTRAINT: FOREIGN KEY constraint failed
   é”™è¯¯ç±»å‹: test_failure

26. tests/unit/models/visitor-application.model.test.ts
   æµ‹è¯•å¥—ä»¶: VisitorApplicationModel
   æµ‹è¯•åç§°: validateApplicationData > åº”è¯¥æ£€æµ‹æ— æ•ˆçš„ç”³è¯·æ•°æ®
   é”™è¯¯ä¿¡æ¯: åˆ›å»ºç”¨æˆ·åæŸ¥è¯¢å¤±è´¥
   é”™è¯¯ç±»å‹: test_failure

27. tests/unit/models/visitor-application.model.test.ts
   æµ‹è¯•å¥—ä»¶: VisitorApplicationModel
   æµ‹è¯•åç§°: incrementUsageCount > åº”è¯¥å¢åŠ é€šè¡Œç ä½¿ç”¨æ¬¡æ•°
   é”™è¯¯ä¿¡æ¯: SQLITE_CONSTRAINT: FOREIGN KEY constraint failed
   é”™è¯¯ç±»å‹: test_failure

28. tests/unit/models/visitor-application.model.test.ts
   æµ‹è¯•å¥—ä»¶: VisitorApplicationModel
   æµ‹è¯•åç§°: isPasscodeValid > åº”è¯¥æ£€æŸ¥é€šè¡Œç æ˜¯å¦æœ‰æ•ˆ
   é”™è¯¯ä¿¡æ¯: åˆ›å»ºç”¨æˆ·åæŸ¥è¯¢å¤±è´¥
   é”™è¯¯ç±»å‹: test_failure

29. tests/unit/models/visitor-application.model.test.ts
   æµ‹è¯•å¥—ä»¶: VisitorApplicationModel
   æµ‹è¯•åç§°: isPasscodeValid > åº”è¯¥æ£€æµ‹è¿‡æœŸçš„é€šè¡Œç 
   é”™è¯¯ä¿¡æ¯: SQLITE_CONSTRAINT: FOREIGN KEY constraint failed
   é”™è¯¯ç±»å‹: test_failure

30. tests/unit/models/visitor-application.model.test.ts
   æµ‹è¯•å¥—ä»¶: VisitorApplicationModel
   æµ‹è¯•åç§°: isPasscodeValid > åº”è¯¥æ£€æµ‹ä½¿ç”¨æ¬¡æ•°è¶…é™çš„é€šè¡Œç 
   é”™è¯¯ä¿¡æ¯: SQLITE_CONSTRAINT: FOREIGN KEY constraint failed
   é”™è¯¯ç±»å‹: test_failure

31. tests/unit/models/visitor-application.model.test.ts
   æµ‹è¯•å¥—ä»¶: VisitorApplicationModel
   æµ‹è¯•åç§°: getFullInfo > åº”è¯¥è·å–ç”³è¯·çš„å®Œæ•´ä¿¡æ¯
   é”™è¯¯ä¿¡æ¯: åˆ›å»ºå•†æˆ·åæŸ¥è¯¢å¤±è´¥
   é”™è¯¯ç±»å‹: test_failure

32. tests/unit/models/visitor-application.model.test.ts
   æµ‹è¯•å¥—ä»¶: VisitorApplicationModel
   æµ‹è¯•åç§°: batchUpdateStatus > åº”è¯¥æ‰¹é‡æ›´æ–°ç”³è¯·çŠ¶æ€
   é”™è¯¯ä¿¡æ¯: åˆ›å»ºå•†æˆ·åæŸ¥è¯¢å¤±è´¥
   é”™è¯¯ç±»å‹: test_failure

33. tests/unit/models/permission.model.test.ts
   æµ‹è¯•å¥—ä»¶: PermissionModel
   æµ‹è¯•åç§°: create > åº”è¯¥æˆåŠŸåˆ›å»ºæƒé™
   é”™è¯¯ä¿¡æ¯: åˆ›å»ºæƒé™åæŸ¥è¯¢å¤±è´¥
   é”™è¯¯ç±»å‹: test_failure

34. tests/unit/models/permission.model.test.ts
   æµ‹è¯•å¥—ä»¶: PermissionModel
   æµ‹è¯•åç§°: create > åˆ›å»ºæƒé™æ—¶ç¼ºå°‘å¿…å¡«å­—æ®µåº”è¯¥å¤±è´¥
   é”™è¯¯ä¿¡æ¯: åˆ›å»ºé¡¹ç›®åæŸ¥è¯¢å¤±è´¥
   é”™è¯¯ç±»å‹: test_failure

35. tests/unit/models/permission.model.test.ts
   æµ‹è¯•å¥—ä»¶: PermissionModel
   æµ‹è¯•åç§°: create > åˆ›å»ºé‡å¤ä»£ç çš„æƒé™åº”è¯¥å¤±è´¥
   é”™è¯¯ä¿¡æ¯: åˆ›å»ºé¡¹ç›®åæŸ¥è¯¢å¤±è´¥
   é”™è¯¯ç±»å‹: test_failure

36. tests/unit/models/permission.model.test.ts
   æµ‹è¯•å¥—ä»¶: PermissionModel
   æµ‹è¯•åç§°: findById > åº”è¯¥æ ¹æ®IDæŸ¥æ‰¾æƒé™
   é”™è¯¯ä¿¡æ¯: åˆ›å»ºé¡¹ç›®åæŸ¥è¯¢å¤±è´¥
   é”™è¯¯ç±»å‹: test_failure

37. tests/unit/models/permission.model.test.ts
   æµ‹è¯•å¥—ä»¶: PermissionModel
   æµ‹è¯•åç§°: findByCode > åº”è¯¥æ ¹æ®ä»£ç æŸ¥æ‰¾æƒé™
   é”™è¯¯ä¿¡æ¯: Cannot read properties of null (reading 'code')
   é”™è¯¯ç±»å‹: test_failure

38. tests/unit/models/permission.model.test.ts
   æµ‹è¯•å¥—ä»¶: PermissionModel
   æµ‹è¯•åç§°: findByResource > åº”è¯¥æ ¹æ®èµ„æºç±»å‹å’ŒIDæŸ¥æ‰¾æƒé™åˆ—è¡¨
   é”™è¯¯ä¿¡æ¯: åˆ›å»ºå•†æˆ·åæŸ¥è¯¢å¤±è´¥
   é”™è¯¯ç±»å‹: test_failure

39. tests/unit/models/permission.model.test.ts
   æµ‹è¯•å¥—ä»¶: PermissionModel
   æµ‹è¯•åç§°: update > åº”è¯¥æˆåŠŸæ›´æ–°æƒé™ä¿¡æ¯
   é”™è¯¯ä¿¡æ¯: åˆ›å»ºæƒé™åæŸ¥è¯¢å¤±è´¥
   é”™è¯¯ç±»å‹: test_failure

40. tests/unit/models/permission.model.test.ts
   æµ‹è¯•å¥—ä»¶: PermissionModel
   æµ‹è¯•åç§°: delete > åº”è¯¥åˆ é™¤æƒé™
   é”™è¯¯ä¿¡æ¯: åˆ›å»ºé¡¹ç›®åæŸ¥è¯¢å¤±è´¥
   é”™è¯¯ç±»å‹: test_failure

41. tests/unit/models/permission.model.test.ts
   æµ‹è¯•å¥—ä»¶: PermissionModel
   æµ‹è¯•åç§°: getActions and setActions > åº”è¯¥è·å–å’Œè®¾ç½®æƒé™æ“ä½œ
   é”™è¯¯ä¿¡æ¯: åˆ›å»ºæƒé™åæŸ¥è¯¢å¤±è´¥
   é”™è¯¯ç±»å‹: test_failure

42. tests/unit/models/permission.model.test.ts
   æµ‹è¯•å¥—ä»¶: PermissionModel
   æµ‹è¯•åç§°: validatePermissionData > åº”è¯¥éªŒè¯æœ‰æ•ˆçš„æƒé™æ•°æ®
   é”™è¯¯ä¿¡æ¯: åˆ›å»ºé¡¹ç›®åæŸ¥è¯¢å¤±è´¥
   é”™è¯¯ç±»å‹: test_failure

43. tests/unit/models/permission.model.test.ts
   æµ‹è¯•å¥—ä»¶: PermissionModel
   æµ‹è¯•åç§°: batchCreate > åº”è¯¥æ‰¹é‡åˆ›å»ºæƒé™
   é”™è¯¯ä¿¡æ¯: expected [] to have a length of 2 but got +0
   é”™è¯¯ç±»å‹: test_failure

44. tests/unit/models/permission.model.test.ts
   æµ‹è¯•å¥—ä»¶: PermissionModel
   æµ‹è¯•åç§°: merchant permissions > åº”è¯¥ä¸ºå•†æˆ·åˆ†é…æƒé™
   é”™è¯¯ä¿¡æ¯: SQLITE_CONSTRAINT: UNIQUE constraint failed: projects.code
   é”™è¯¯ç±»å‹: test_failure

45. tests/unit/models/permission.model.test.ts
   æµ‹è¯•å¥—ä»¶: PermissionModel
   æµ‹è¯•åç§°: merchant permissions > åº”è¯¥è·å–å•†æˆ·çš„æƒé™åˆ—è¡¨
   é”™è¯¯ä¿¡æ¯: åˆ›å»ºå•†æˆ·åæŸ¥è¯¢å¤±è´¥
   é”™è¯¯ç±»å‹: test_failure

46. tests/unit/models/permission.model.test.ts
   æµ‹è¯•å¥—ä»¶: PermissionModel
   æµ‹è¯•åç§°: merchant permissions > åº”è¯¥æ’¤é”€å•†æˆ·æƒé™
   é”™è¯¯ä¿¡æ¯: SQLITE_CONSTRAINT: FOREIGN KEY constraint failed
   é”™è¯¯ç±»å‹: test_failure

47. tests/unit/models/permission.model.test.ts
   æµ‹è¯•å¥—ä»¶: PermissionModel
   æµ‹è¯•åç§°: merchant permissions > åº”è¯¥æ‰¹é‡ä¸ºå•†æˆ·åˆ†é…æƒé™
   é”™è¯¯ä¿¡æ¯: åˆ›å»ºæƒé™åæŸ¥è¯¢å¤±è´¥
   é”™è¯¯ç±»å‹: test_failure

48. tests/unit/models/permission.model.test.ts
   æµ‹è¯•å¥—ä»¶: PermissionModel
   æµ‹è¯•åç§°: count > åº”è¯¥ç»Ÿè®¡æƒé™æ•°é‡
   é”™è¯¯ä¿¡æ¯: åˆ›å»ºé¡¹ç›®åæŸ¥è¯¢å¤±è´¥
   é”™è¯¯ç±»å‹: test_failure

49. tests/unit/models/permission.model.test.ts
   æµ‹è¯•å¥—ä»¶: PermissionModel
   æµ‹è¯•åç§°: count > åº”è¯¥æ ¹æ®æ¡ä»¶ç»Ÿè®¡æƒé™æ•°é‡
   é”™è¯¯ä¿¡æ¯: åˆ›å»ºé¡¹ç›®åæŸ¥è¯¢å¤±è´¥
   é”™è¯¯ç±»å‹: test_failure

50. tests/unit/models/permission.model.test.ts
   æµ‹è¯•å¥—ä»¶: PermissionModel
   æµ‹è¯•åç§°: exists and codeExists > åº”è¯¥æ£€æŸ¥æƒé™æ˜¯å¦å­˜åœ¨
   é”™è¯¯ä¿¡æ¯: åˆ›å»ºé¡¹ç›®åæŸ¥è¯¢å¤±è´¥
   é”™è¯¯ç±»å‹: test_failure

51. tests/unit/models/access-record.model.test.ts
   æµ‹è¯•å¥—ä»¶: AccessRecordModel
   æµ‹è¯•åç§°: create > åº”è¯¥æˆåŠŸåˆ›å»ºé€šè¡Œè®°å½•
   é”™è¯¯ä¿¡æ¯: SQLITE_CONSTRAINT: FOREIGN KEY constraint failed
   é”™è¯¯ç±»å‹: test_failure

52. tests/unit/models/access-record.model.test.ts
   æµ‹è¯•å¥—ä»¶: AccessRecordModel
   æµ‹è¯•åç§°: create > åº”è¯¥åˆ›å»ºå¤±è´¥çš„é€šè¡Œè®°å½•
   é”™è¯¯ä¿¡æ¯: åˆ›å»ºé¡¹ç›®åæŸ¥è¯¢å¤±è´¥
   é”™è¯¯ç±»å‹: test_failure

53. tests/unit/models/access-record.model.test.ts
   æµ‹è¯•å¥—ä»¶: AccessRecordModel
   æµ‹è¯•åç§°: create > åˆ›å»ºè®°å½•æ—¶ç¼ºå°‘å¿…å¡«å­—æ®µåº”è¯¥å¤±è´¥
   é”™è¯¯ä¿¡æ¯: åˆ›å»ºé€šè¡Œç åæŸ¥è¯¢å¤±è´¥
   é”™è¯¯ç±»å‹: test_failure

54. tests/unit/models/access-record.model.test.ts
   æµ‹è¯•å¥—ä»¶: AccessRecordModel
   æµ‹è¯•åç§°: findById > åº”è¯¥æ ¹æ®IDæŸ¥æ‰¾é€šè¡Œè®°å½•
   é”™è¯¯ä¿¡æ¯: æ•°æ®åº“ç¹å¿™ï¼Œè¯·ç¨åé‡è¯•
   é”™è¯¯ç±»å‹: test_failure

55. tests/unit/models/access-record.model.test.ts
   æµ‹è¯•å¥—ä»¶: AccessRecordModel
   æµ‹è¯•åç§°: findById > æŸ¥æ‰¾ä¸å­˜åœ¨çš„è®°å½•åº”è¯¥è¿”å›null
   é”™è¯¯ä¿¡æ¯: SQLITE_CONSTRAINT: FOREIGN KEY constraint failed
   é”™è¯¯ç±»å‹: test_failure

56. tests/unit/models/access-record.model.test.ts
   æµ‹è¯•å¥—ä»¶: AccessRecordModel
   æµ‹è¯•åç§°: findByUserId > åº”è¯¥æ ¹æ®ç”¨æˆ·IDæŸ¥æ‰¾é€šè¡Œè®°å½•åˆ—è¡¨
   é”™è¯¯ä¿¡æ¯: SQLITE_CONSTRAINT: FOREIGN KEY constraint failed
   é”™è¯¯ç±»å‹: test_failure

57. tests/unit/models/access-record.model.test.ts
   æµ‹è¯•å¥—ä»¶: AccessRecordModel
   æµ‹è¯•åç§°: findByDeviceId > åº”è¯¥æ ¹æ®è®¾å¤‡IDæŸ¥æ‰¾é€šè¡Œè®°å½•åˆ—è¡¨
   é”™è¯¯ä¿¡æ¯: åˆ›å»ºé€šè¡Œç åæŸ¥è¯¢å¤±è´¥
   é”™è¯¯ç±»å‹: test_failure

58. tests/unit/models/access-record.model.test.ts
   æµ‹è¯•å¥—ä»¶: AccessRecordModel
   æµ‹è¯•åç§°: findByPasscodeId > åº”è¯¥æ ¹æ®é€šè¡Œç IDæŸ¥æ‰¾é€šè¡Œè®°å½•åˆ—è¡¨
   é”™è¯¯ä¿¡æ¯: åˆ›å»ºé€šè¡Œç åæŸ¥è¯¢å¤±è´¥
   é”™è¯¯ç±»å‹: test_failure

59. tests/unit/models/access-record.model.test.ts
   æµ‹è¯•å¥—ä»¶: AccessRecordModel
   æµ‹è¯•åç§°: findByResult > åº”è¯¥æ ¹æ®ç»“æœæŸ¥æ‰¾é€šè¡Œè®°å½•åˆ—è¡¨
   é”™è¯¯ä¿¡æ¯: åˆ›å»ºç”¨æˆ·åæŸ¥è¯¢å¤±è´¥
   é”™è¯¯ç±»å‹: test_failure

60. tests/unit/models/access-record.model.test.ts
   æµ‹è¯•å¥—ä»¶: AccessRecordModel
   æµ‹è¯•åç§°: update > åº”è¯¥æˆåŠŸæ›´æ–°é€šè¡Œè®°å½•ä¿¡æ¯
   é”™è¯¯ä¿¡æ¯: åˆ›å»ºé€šè¡Œç åæŸ¥è¯¢å¤±è´¥
   é”™è¯¯ç±»å‹: test_failure

61. tests/unit/models/access-record.model.test.ts
   æµ‹è¯•å¥—ä»¶: AccessRecordModel
   æµ‹è¯•åç§°: update > æ›´æ–°ä¸å­˜åœ¨çš„è®°å½•åº”è¯¥å¤±è´¥
   é”™è¯¯ä¿¡æ¯: SQLITE_CONSTRAINT: FOREIGN KEY constraint failed
   é”™è¯¯ç±»å‹: test_failure

62. tests/unit/models/access-record.model.test.ts
   æµ‹è¯•å¥—ä»¶: AccessRecordModel
   æµ‹è¯•åç§°: delete > åº”è¯¥ç‰©ç†åˆ é™¤é€šè¡Œè®°å½•
   é”™è¯¯ä¿¡æ¯: åˆ›å»ºåœºåœ°åæŸ¥è¯¢å¤±è´¥
   é”™è¯¯ç±»å‹: test_failure

63. tests/unit/models/access-record.model.test.ts
   æµ‹è¯•å¥—ä»¶: AccessRecordModel
   æµ‹è¯•åç§°: count > åº”è¯¥ç»Ÿè®¡é€šè¡Œè®°å½•æ•°é‡
   é”™è¯¯ä¿¡æ¯: SQLITE_CONSTRAINT: FOREIGN KEY constraint failed
   é”™è¯¯ç±»å‹: test_failure

64. tests/unit/models/access-record.model.test.ts
   æµ‹è¯•å¥—ä»¶: AccessRecordModel
   æµ‹è¯•åç§°: count > åº”è¯¥æ ¹æ®æ¡ä»¶ç»Ÿè®¡è®°å½•æ•°é‡
   é”™è¯¯ä¿¡æ¯: åˆ›å»ºé¡¹ç›®åæŸ¥è¯¢å¤±è´¥
   é”™è¯¯ç±»å‹: test_failure

65. tests/unit/models/access-record.model.test.ts
   æµ‹è¯•å¥—ä»¶: AccessRecordModel
   æµ‹è¯•åç§°: getTodayCount > åº”è¯¥è·å–ä»Šæ—¥é€šè¡Œè®°å½•æ•°é‡
   é”™è¯¯ä¿¡æ¯: åˆ›å»ºé€šè¡Œç åæŸ¥è¯¢å¤±è´¥
   é”™è¯¯ç±»å‹: test_failure

66. tests/unit/models/access-record.model.test.ts
   æµ‹è¯•å¥—ä»¶: AccessRecordModel
   æµ‹è¯•åç§°: getSuccessCount and getFailedCount > åº”è¯¥è·å–æˆåŠŸå’Œå¤±è´¥é€šè¡Œæ¬¡æ•°
   é”™è¯¯ä¿¡æ¯: åˆ›å»ºç”¨æˆ·åæŸ¥è¯¢å¤±è´¥
   é”™è¯¯ç±»å‹: test_failure

67. tests/unit/models/access-record.model.test.ts
   æµ‹è¯•å¥—ä»¶: AccessRecordModel
   æµ‹è¯•åç§°: validateRecordData > åº”è¯¥éªŒè¯æœ‰æ•ˆçš„è®°å½•æ•°æ®
   é”™è¯¯ä¿¡æ¯: åˆ›å»ºæ¥¼å±‚åæŸ¥è¯¢å¤±è´¥
   é”™è¯¯ç±»å‹: test_failure

68. tests/unit/models/access-record.model.test.ts
   æµ‹è¯•å¥—ä»¶: AccessRecordModel
   æµ‹è¯•åç§°: validateRecordData > åº”è¯¥æ£€æµ‹æ— æ•ˆçš„è®°å½•æ•°æ®
   é”™è¯¯ä¿¡æ¯: SQLITE_CONSTRAINT: FOREIGN KEY constraint failed
   é”™è¯¯ç±»å‹: test_failure

69. tests/unit/models/access-record.model.test.ts
   æµ‹è¯•å¥—ä»¶: AccessRecordModel
   æµ‹è¯•åç§°: exists > åº”è¯¥æ£€æŸ¥é€šè¡Œè®°å½•æ˜¯å¦å­˜åœ¨
   é”™è¯¯ä¿¡æ¯: SQLITE_CONSTRAINT: FOREIGN KEY constraint failed
   é”™è¯¯ç±»å‹: test_failure

70. tests/unit/models/access-record.model.test.ts
   æµ‹è¯•å¥—ä»¶: AccessRecordModel
   æµ‹è¯•åç§°: getLatestByUserId > åº”è¯¥è·å–ç”¨æˆ·æœ€è¿‘çš„é€šè¡Œè®°å½•
   é”™è¯¯ä¿¡æ¯: SQLITE_CONSTRAINT: FOREIGN KEY constraint failed
   é”™è¯¯ç±»å‹: test_failure

71. tests/unit/models/access-record.model.test.ts
   æµ‹è¯•å¥—ä»¶: AccessRecordModel
   æµ‹è¯•åç§°: getLatestByDeviceId > åº”è¯¥è·å–è®¾å¤‡æœ€è¿‘çš„é€šè¡Œè®°å½•
   é”™è¯¯ä¿¡æ¯: SQLITE_CONSTRAINT: FOREIGN KEY constraint failed
   é”™è¯¯ç±»å‹: test_failure

72. tests/unit/models/access-record.model.test.ts
   æµ‹è¯•å¥—ä»¶: AccessRecordModel
   æµ‹è¯•åç§°: getStatistics > åº”è¯¥è·å–é€šè¡Œç»Ÿè®¡ä¿¡æ¯
   é”™è¯¯ä¿¡æ¯: åˆ›å»ºé¡¹ç›®åæŸ¥è¯¢å¤±è´¥
   é”™è¯¯ç±»å‹: test_failure

73. tests/unit/models/access-record.model.test.ts
   æµ‹è¯•å¥—ä»¶: AccessRecordModel
   æµ‹è¯•åç§°: getFullInfo > åº”è¯¥è·å–é€šè¡Œè®°å½•çš„å®Œæ•´ä¿¡æ¯
   é”™è¯¯ä¿¡æ¯: åˆ›å»ºç”¨æˆ·åæŸ¥è¯¢å¤±è´¥
   é”™è¯¯ç±»å‹: test_failure

74. tests/unit/models/access-record.model.test.ts
   æµ‹è¯•å¥—ä»¶: AccessRecordModel
   æµ‹è¯•åç§°: batchCreate > åº”è¯¥æ‰¹é‡åˆ›å»ºé€šè¡Œè®°å½•
   é”™è¯¯ä¿¡æ¯: æ•°æ®åº“ç¹å¿™ï¼Œè¯·ç¨åé‡è¯•
   é”™è¯¯ç±»å‹: test_failure

75. tests/unit/models/access-record.model.test.ts
   æµ‹è¯•å¥—ä»¶: AccessRecordModel
   æµ‹è¯•åç§°: cleanup > åº”è¯¥æ¸…ç†æ—§çš„é€šè¡Œè®°å½•
   é”™è¯¯ä¿¡æ¯: åˆ›å»ºé€šè¡Œç åæŸ¥è¯¢å¤±è´¥
   é”™è¯¯ç±»å‹: test_failure

76. tests/unit/models/access-record.model.test.ts
   æµ‹è¯•å¥—ä»¶: AccessRecordModel
   æµ‹è¯•åç§°: findAll with filters > åº”è¯¥æ”¯æŒå¤æ‚ç­›é€‰æŸ¥è¯¢
   é”™è¯¯ä¿¡æ¯: SQLITE_CONSTRAINT: FOREIGN KEY constraint failed
   é”™è¯¯ç±»å‹: test_failure

77. tests/unit/models/access-record.model.test.ts
   æµ‹è¯•å¥—ä»¶: AccessRecordModel
   æµ‹è¯•åç§°: findAll with filters > åº”è¯¥æ”¯æŒåˆ†é¡µæŸ¥è¯¢
   é”™è¯¯ä¿¡æ¯: åˆ›å»ºç”¨æˆ·åæŸ¥è¯¢å¤±è´¥
   é”™è¯¯ç±»å‹: test_failure

78. tests/unit/models/user.model.test.ts
   æµ‹è¯•å¥—ä»¶: UserModel
   æµ‹è¯•åç§°: create > åº”è¯¥ä½¿ç”¨é»˜è®¤çŠ¶æ€åˆ›å»ºç”¨æˆ·
   é”™è¯¯ä¿¡æ¯: SQLITE_CONSTRAINT: UNIQUE constraint failed: merchants.code
   é”™è¯¯ç±»å‹: test_failure

79. tests/unit/models/user.model.test.ts
   æµ‹è¯•å¥—ä»¶: UserModel
   æµ‹è¯•åç§°: findByMerchantId > åº”è¯¥æ ¹æ®å•†æˆ·IDæŸ¥æ‰¾ç”¨æˆ·åˆ—è¡¨
   é”™è¯¯ä¿¡æ¯: SQLITE_CONSTRAINT: FOREIGN KEY constraint failed
   é”™è¯¯ç±»å‹: test_failure

80. tests/unit/models/user.model.test.ts
   æµ‹è¯•å¥—ä»¶: UserModel
   æµ‹è¯•åç§°: findByUserType > åº”è¯¥æ ¹æ®ç”¨æˆ·ç±»å‹æŸ¥æ‰¾ç”¨æˆ·åˆ—è¡¨
   é”™è¯¯ä¿¡æ¯: expected 1 to be greater than or equal to 2
   é”™è¯¯ç±»å‹: test_failure

81. tests/unit/models/user.model.test.ts
   æµ‹è¯•å¥—ä»¶: UserModel
   æµ‹è¯•åç§°: update > åº”è¯¥æˆåŠŸæ›´æ–°ç”¨æˆ·ä¿¡æ¯
   é”™è¯¯ä¿¡æ¯: ç”¨æˆ·ä¸å­˜åœ¨æˆ–æ›´æ–°å¤±è´¥
   é”™è¯¯ç±»å‹: test_failure

82. tests/unit/models/user.model.test.ts
   æµ‹è¯•å¥—ä»¶: UserModel
   æµ‹è¯•åç§°: batchCreate > åº”è¯¥æ‰¹é‡åˆ›å»ºç”¨æˆ·
   é”™è¯¯ä¿¡æ¯: SQLITE_CONSTRAINT: FOREIGN KEY constraint failed
   é”™è¯¯ç±»å‹: test_failure

83. tests/unit/models/user.model.test.ts
   æµ‹è¯•å¥—ä»¶: UserModel
   æµ‹è¯•åç§°: count > åº”è¯¥æ ¹æ®æ¡ä»¶ç»Ÿè®¡ç”¨æˆ·æ•°é‡
   é”™è¯¯ä¿¡æ¯: expected 0 to be greater than or equal to 1
   é”™è¯¯ç±»å‹: test_failure

84. tests/unit/models/user.model.test.ts
   æµ‹è¯•å¥—ä»¶: UserModel
   æµ‹è¯•åç§°: openIdExists > åº”è¯¥æ£€æŸ¥openIdæ˜¯å¦å·²å­˜åœ¨
   é”™è¯¯ä¿¡æ¯: åˆ›å»ºç”¨æˆ·åæŸ¥è¯¢å¤±è´¥
   é”™è¯¯ç±»å‹: test_failure

85. tests/unit/models/user.model.test.ts
   æµ‹è¯•å¥—ä»¶: UserModel
   æµ‹è¯•åç§°: phoneExists > åº”è¯¥æ£€æŸ¥æ‰‹æœºå·æ˜¯å¦å·²å­˜åœ¨
   é”™è¯¯ä¿¡æ¯: åˆ›å»ºç”¨æˆ·åæŸ¥è¯¢å¤±è´¥
   é”™è¯¯ç±»å‹: test_failure

86. tests/unit/models/user.model.test.ts
   æµ‹è¯•å¥—ä»¶: UserModel
   æµ‹è¯•åç§°: findAll with pagination > åº”è¯¥æ”¯æŒåˆ†é¡µæŸ¥è¯¢
   é”™è¯¯ä¿¡æ¯: åˆ›å»ºç”¨æˆ·åæŸ¥è¯¢å¤±è´¥
   é”™è¯¯ç±»å‹: test_failure

87. tests/unit/models/space-hierarchy.test.ts
   æµ‹è¯•å¥—ä»¶: Space Hierarchy Integration
   æµ‹è¯•åç§°: åˆ›å»ºå®Œæ•´çš„ç©ºé—´å±‚çº§ç»“æ„ > åº”è¯¥èƒ½å¤Ÿåˆ›å»ºé¡¹ç›®->åœºåœ°->æ¥¼å±‚çš„å®Œæ•´å±‚çº§
   é”™è¯¯ä¿¡æ¯: SQLITE_CONSTRAINT: FOREIGN KEY constraint failed
   é”™è¯¯ç±»å‹: test_failure

88. tests/unit/models/space-hierarchy.test.ts
   æµ‹è¯•å¥—ä»¶: Space Hierarchy Integration
   æµ‹è¯•åç§°: åˆ›å»ºå®Œæ•´çš„ç©ºé—´å±‚çº§ç»“æ„ > åº”è¯¥èƒ½å¤Ÿè·å–é¡¹ç›®çš„å®Œæ•´å±‚çº§ç»“æ„
   é”™è¯¯ä¿¡æ¯: åˆ›å»ºæ¥¼å±‚åæŸ¥è¯¢å¤±è´¥
   é”™è¯¯ç±»å‹: test_failure

89. tests/unit/models/space-hierarchy.test.ts
   æµ‹è¯•å¥—ä»¶: Space Hierarchy Integration
   æµ‹è¯•åç§°: æ•°æ®å®Œæ•´æ€§çº¦æŸ > åˆ é™¤é¡¹ç›®æ—¶åº”è¯¥çº§è”åˆ é™¤åœºåœ°å’Œæ¥¼å±‚
   é”™è¯¯ä¿¡æ¯: åˆ›å»ºæ¥¼å±‚åæŸ¥è¯¢å¤±è´¥
   é”™è¯¯ç±»å‹: test_failure

90. tests/unit/models/space-hierarchy.test.ts
   æµ‹è¯•å¥—ä»¶: Space Hierarchy Integration
   æµ‹è¯•åç§°: æ•°æ®å®Œæ•´æ€§çº¦æŸ > åˆ é™¤åœºåœ°æ—¶åº”è¯¥çº§è”åˆ é™¤æ¥¼å±‚
   é”™è¯¯ä¿¡æ¯: åˆ›å»ºæ¥¼å±‚åæŸ¥è¯¢å¤±è´¥
   é”™è¯¯ç±»å‹: test_failure

91. tests/unit/models/space-hierarchy.test.ts
   æµ‹è¯•å¥—ä»¶: Space Hierarchy Integration
   æµ‹è¯•åç§°: ç»Ÿè®¡ä¿¡æ¯ > åº”è¯¥èƒ½å¤Ÿè·å–é¡¹ç›®çš„ç»Ÿè®¡ä¿¡æ¯
   é”™è¯¯ä¿¡æ¯: SQLITE_CONSTRAINT: FOREIGN KEY constraint failed
   é”™è¯¯ç±»å‹: test_failure

92. tests/unit/models/merchant.model.test.ts
   æµ‹è¯•å¥—ä»¶: MerchantModel
   æµ‹è¯•åç§°: findByName > åº”è¯¥æ ¹æ®åç§°æ¨¡ç³ŠæŸ¥æ‰¾å•†æˆ·
   é”™è¯¯ä¿¡æ¯: åˆ›å»ºå•†æˆ·åæŸ¥è¯¢å¤±è´¥
   é”™è¯¯ç±»å‹: test_failure

93. tests/unit/models/merchant.model.test.ts
   æµ‹è¯•å¥—ä»¶: MerchantModel
   æµ‹è¯•åç§°: softDelete > åº”è¯¥è½¯åˆ é™¤å•†æˆ·ï¼ˆè®¾ç½®çŠ¶æ€ä¸ºinactiveï¼‰
   é”™è¯¯ä¿¡æ¯: åˆ›å»ºå•†æˆ·åæŸ¥è¯¢å¤±è´¥
   é”™è¯¯ç±»å‹: test_failure

94. tests/unit/models/merchant.model.test.ts
   æµ‹è¯•å¥—ä»¶: MerchantModel
   æµ‹è¯•åç§°: count > åº”è¯¥æ ¹æ®æ¡ä»¶ç»Ÿè®¡å•†æˆ·æ•°é‡
   é”™è¯¯ä¿¡æ¯: expected 0 to be greater than or equal to 1
   é”™è¯¯ç±»å‹: test_failure

95. tests/unit/models/merchant.model.test.ts
   æµ‹è¯•å¥—ä»¶: MerchantModel
   æµ‹è¯•åç§°: getSettings and updateSettings > åº”è¯¥è·å–å’Œæ›´æ–°å•†æˆ·è®¾ç½®
   é”™è¯¯ä¿¡æ¯: å•†æˆ·ä¸å­˜åœ¨æˆ–æ›´æ–°å¤±è´¥
   é”™è¯¯ç±»å‹: test_failure

96. tests/unit/models/merchant.model.test.ts
   æµ‹è¯•å¥—ä»¶: MerchantModel
   æµ‹è¯•åç§°: codeExists > åº”è¯¥æ£€æŸ¥å•†æˆ·ç¼–ç æ˜¯å¦å·²å­˜åœ¨
   é”™è¯¯ä¿¡æ¯: expected false to be true // Object.is equality
   é”™è¯¯ç±»å‹: test_failure

97. tests/unit/models/merchant.model.test.ts
   æµ‹è¯•å¥—ä»¶: MerchantModel
   æµ‹è¯•åç§°: batchUpdateStatus > åº”è¯¥æ‰¹é‡æ›´æ–°å•†æˆ·çŠ¶æ€
   é”™è¯¯ä¿¡æ¯: expected 1 to be 2 // Object.is equality
   é”™è¯¯ç±»å‹: test_failure

98. tests/unit/models/merchant.model.test.ts
   æµ‹è¯•å¥—ä»¶: MerchantModel
   æµ‹è¯•åç§°: findAll with pagination and search > åº”è¯¥æ”¯æŒåˆ†é¡µæŸ¥è¯¢
   é”™è¯¯ä¿¡æ¯: åˆ›å»ºå•†æˆ·åæŸ¥è¯¢å¤±è´¥
   é”™è¯¯ç±»å‹: test_failure

99. tests/unit/models/venue.model.test.ts
   æµ‹è¯•å¥—ä»¶: VenueModel
   æµ‹è¯•åç§°: create > åº”è¯¥æˆåŠŸåˆ›å»ºåœºåœ°
   é”™è¯¯ä¿¡æ¯: æ•°æ®åº“ç¹å¿™ï¼Œè¯·ç¨åé‡è¯•
   é”™è¯¯ç±»å‹: test_failure

100. tests/unit/models/venue.model.test.ts
   æµ‹è¯•å¥—ä»¶: VenueModel
   æµ‹è¯•åç§°: create > åº”è¯¥ä½¿ç”¨é»˜è®¤çŠ¶æ€åˆ›å»ºåœºåœ°
   é”™è¯¯ä¿¡æ¯: åˆ›å»ºåœºåœ°åæŸ¥è¯¢å¤±è´¥
   é”™è¯¯ç±»å‹: test_failure

101. tests/unit/models/venue.model.test.ts
   æµ‹è¯•å¥—ä»¶: VenueModel
   æµ‹è¯•åç§°: findById > æŸ¥æ‰¾ä¸å­˜åœ¨çš„åœºåœ°åº”è¯¥è¿”å›null
   é”™è¯¯ä¿¡æ¯: åˆ›å»ºé¡¹ç›®åæŸ¥è¯¢å¤±è´¥
   é”™è¯¯ç±»å‹: test_failure

102. tests/unit/models/venue.model.test.ts
   æµ‹è¯•å¥—ä»¶: VenueModel
   æµ‹è¯•åç§°: findByProjectId > åº”è¯¥æ ¹æ®é¡¹ç›®IDæŸ¥æ‰¾åœºåœ°åˆ—è¡¨
   é”™è¯¯ä¿¡æ¯: SQLITE_CONSTRAINT: FOREIGN KEY constraint failed
   é”™è¯¯ç±»å‹: test_failure

103. tests/unit/models/venue.model.test.ts
   æµ‹è¯•å¥—ä»¶: VenueModel
   æµ‹è¯•åç§°: findByName > åº”è¯¥æ ¹æ®åœºåœ°åç§°æ¨¡ç³ŠæŸ¥æ‰¾åœºåœ°
   é”™è¯¯ä¿¡æ¯: SQLITE_CONSTRAINT: FOREIGN KEY constraint failed
   é”™è¯¯ç±»å‹: test_failure

104. tests/unit/models/venue.model.test.ts
   æµ‹è¯•å¥—ä»¶: VenueModel
   æµ‹è¯•åç§°: update > åº”è¯¥æˆåŠŸæ›´æ–°åœºåœ°ä¿¡æ¯
   é”™è¯¯ä¿¡æ¯: åˆ›å»ºåœºåœ°åæŸ¥è¯¢å¤±è´¥
   é”™è¯¯ç±»å‹: test_failure

105. tests/unit/models/venue.model.test.ts
   æµ‹è¯•å¥—ä»¶: VenueModel
   æµ‹è¯•åç§°: update > æ›´æ–°ä¸å­˜åœ¨çš„åœºåœ°åº”è¯¥å¤±è´¥
   é”™è¯¯ä¿¡æ¯: åˆ›å»ºé¡¹ç›®åæŸ¥è¯¢å¤±è´¥
   é”™è¯¯ç±»å‹: test_failure

106. tests/unit/models/venue.model.test.ts
   æµ‹è¯•å¥—ä»¶: VenueModel
   æµ‹è¯•åç§°: softDelete > åº”è¯¥è½¯åˆ é™¤åœºåœ°ï¼ˆè®¾ç½®çŠ¶æ€ä¸ºinactiveï¼‰
   é”™è¯¯ä¿¡æ¯: SQLITE_CONSTRAINT: FOREIGN KEY constraint failed
   é”™è¯¯ç±»å‹: test_failure

107. tests/unit/models/venue.model.test.ts
   æµ‹è¯•å¥—ä»¶: VenueModel
   æµ‹è¯•åç§°: delete > åº”è¯¥ç‰©ç†åˆ é™¤åœºåœ°
   é”™è¯¯ä¿¡æ¯: åˆ›å»ºé¡¹ç›®åæŸ¥è¯¢å¤±è´¥
   é”™è¯¯ç±»å‹: test_failure

108. tests/unit/models/venue.model.test.ts
   æµ‹è¯•å¥—ä»¶: VenueModel
   æµ‹è¯•åç§°: count > åº”è¯¥ç»Ÿè®¡åœºåœ°æ•°é‡
   é”™è¯¯ä¿¡æ¯: åˆ›å»ºé¡¹ç›®åæŸ¥è¯¢å¤±è´¥
   é”™è¯¯ç±»å‹: test_failure

109. tests/unit/models/venue.model.test.ts
   æµ‹è¯•å¥—ä»¶: VenueModel
   æµ‹è¯•åç§°: codeExists > åº”è¯¥æ’é™¤æŒ‡å®šIDæ£€æŸ¥ç¼–ç æ˜¯å¦å­˜åœ¨
   é”™è¯¯ä¿¡æ¯: SQLITE_CONSTRAINT: FOREIGN KEY constraint failed
   é”™è¯¯ç±»å‹: test_failure

110. tests/unit/models/venue.model.test.ts
   æµ‹è¯•å¥—ä»¶: VenueModel
   æµ‹è¯•åç§°: batchUpdateStatus > åº”è¯¥æ‰¹é‡æ›´æ–°åœºåœ°çŠ¶æ€
   é”™è¯¯ä¿¡æ¯: åˆ›å»ºåœºåœ°åæŸ¥è¯¢å¤±è´¥
   é”™è¯¯ç±»å‹: test_failure

111. tests/unit/models/venue.model.test.ts
   æµ‹è¯•å¥—ä»¶: VenueModel
   æµ‹è¯•åç§°: findAll with filters > åº”è¯¥æ”¯æŒå¤æ‚ç­›é€‰æŸ¥è¯¢
   é”™è¯¯ä¿¡æ¯: åˆ›å»ºé¡¹ç›®åæŸ¥è¯¢å¤±è´¥
   é”™è¯¯ç±»å‹: test_failure

112. tests/unit/models/venue.model.test.ts
   æµ‹è¯•å¥—ä»¶: VenueModel
   æµ‹è¯•åç§°: findAll with filters > åº”è¯¥æ”¯æŒåˆ†é¡µæŸ¥è¯¢
   é”™è¯¯ä¿¡æ¯: SQLITE_CONSTRAINT: FOREIGN KEY constraint failed
   é”™è¯¯ç±»å‹: test_failure

113. tests/unit/models/passcode.model.test.ts
   æµ‹è¯•å¥—ä»¶: PasscodeModel
   æµ‹è¯•åç§°: create > åº”è¯¥æˆåŠŸåˆ›å»ºé€šè¡Œç 
   é”™è¯¯ä¿¡æ¯: åˆ›å»ºå•†æˆ·åæŸ¥è¯¢å¤±è´¥
   é”™è¯¯ç±»å‹: test_failure

114. tests/unit/models/passcode.model.test.ts
   æµ‹è¯•å¥—ä»¶: PasscodeModel
   æµ‹è¯•åç§°: create > åº”è¯¥ä½¿ç”¨é»˜è®¤å€¼åˆ›å»ºé€šè¡Œç 
   é”™è¯¯ä¿¡æ¯: SQLITE_CONSTRAINT: UNIQUE constraint failed: merchants.code
   é”™è¯¯ç±»å‹: test_failure

115. tests/unit/models/passcode.model.test.ts
   æµ‹è¯•å¥—ä»¶: PasscodeModel
   æµ‹è¯•åç§°: create > åˆ›å»ºé€šè¡Œç æ—¶ç¼ºå°‘å¿…å¡«å­—æ®µåº”è¯¥å¤±è´¥
   é”™è¯¯ä¿¡æ¯: SQLITE_CONSTRAINT: UNIQUE constraint failed: merchants.code
   é”™è¯¯ç±»å‹: test_failure

116. tests/unit/models/passcode.model.test.ts
   æµ‹è¯•å¥—ä»¶: PasscodeModel
   æµ‹è¯•åç§°: findById > åº”è¯¥æ ¹æ®IDæŸ¥æ‰¾é€šè¡Œç 
   é”™è¯¯ä¿¡æ¯: åˆ›å»ºå•†æˆ·åæŸ¥è¯¢å¤±è´¥
   é”™è¯¯ç±»å‹: test_failure

117. tests/unit/models/passcode.model.test.ts
   æµ‹è¯•å¥—ä»¶: PasscodeModel
   æµ‹è¯•åç§°: findById > æŸ¥æ‰¾ä¸å­˜åœ¨çš„é€šè¡Œç åº”è¯¥è¿”å›null
   é”™è¯¯ä¿¡æ¯: åˆ›å»ºå•†æˆ·åæŸ¥è¯¢å¤±è´¥
   é”™è¯¯ç±»å‹: test_failure

118. tests/unit/models/passcode.model.test.ts
   æµ‹è¯•å¥—ä»¶: PasscodeModel
   æµ‹è¯•åç§°: findByCode > æŸ¥æ‰¾ä¸å­˜åœ¨çš„é€šè¡Œç å†…å®¹åº”è¯¥è¿”å›null
   é”™è¯¯ä¿¡æ¯: åˆ›å»ºè®¿å®¢ç”³è¯·åæŸ¥è¯¢å¤±è´¥
   é”™è¯¯ç±»å‹: test_failure

119. tests/unit/models/passcode.model.test.ts
   æµ‹è¯•å¥—ä»¶: PasscodeModel
   æµ‹è¯•åç§°: findByUserId > åº”è¯¥æ ¹æ®ç”¨æˆ·IDæŸ¥æ‰¾é€šè¡Œç åˆ—è¡¨
   é”™è¯¯ä¿¡æ¯: åˆ›å»ºè®¿å®¢ç”³è¯·åæŸ¥è¯¢å¤±è´¥
   é”™è¯¯ç±»å‹: test_failure

120. tests/unit/models/passcode.model.test.ts
   æµ‹è¯•å¥—ä»¶: PasscodeModel
   æµ‹è¯•åç§°: isValid > åº”è¯¥éªŒè¯æœ‰æ•ˆçš„é€šè¡Œç 
   é”™è¯¯ä¿¡æ¯: æ•°æ®åº“ç¹å¿™ï¼Œè¯·ç¨åé‡è¯•
   é”™è¯¯ç±»å‹: test_failure

121. tests/unit/models/passcode.model.test.ts
   æµ‹è¯•å¥—ä»¶: PasscodeModel
   æµ‹è¯•åç§°: isValid > åº”è¯¥æ£€æµ‹å·²å¤±æ•ˆçš„é€šè¡Œç 
   é”™è¯¯ä¿¡æ¯: åˆ›å»ºè®¿å®¢ç”³è¯·åæŸ¥è¯¢å¤±è´¥
   é”™è¯¯ç±»å‹: test_failure

122. tests/unit/models/project.model.test.ts
   æµ‹è¯•å¥—ä»¶: ProjectModel
   æµ‹è¯•åç§°: findById > åº”è¯¥æ ¹æ®IDæŸ¥æ‰¾é¡¹ç›®
   é”™è¯¯ä¿¡æ¯: expected 'TEST_PROJECT' to be 'TEST_PROJECT_004' // Object.is equality
   é”™è¯¯ç±»å‹: test_failure

123. tests/unit/models/project.model.test.ts
   æµ‹è¯•å¥—ä»¶: ProjectModel
   æµ‹è¯•åç§°: update > åº”è¯¥æˆåŠŸæ›´æ–°é¡¹ç›®ä¿¡æ¯
   é”™è¯¯ä¿¡æ¯: é¡¹ç›®ä¸å­˜åœ¨æˆ–æ›´æ–°å¤±è´¥
   é”™è¯¯ç±»å‹: test_failure

124. tests/unit/models/floor.model.test.ts
   æµ‹è¯•å¥—ä»¶: FloorModel
   æµ‹è¯•åç§°: findById > æŸ¥æ‰¾ä¸å­˜åœ¨çš„æ¥¼å±‚åº”è¯¥è¿”å›null
   é”™è¯¯ä¿¡æ¯: æ•°æ®åº“ç¹å¿™ï¼Œè¯·ç¨åé‡è¯•
   é”™è¯¯ç±»å‹: test_failure

125. tests/unit/models/floor.model.test.ts
   æµ‹è¯•å¥—ä»¶: FloorModel
   æµ‹è¯•åç§°: validateFloorData > åº”è¯¥éªŒè¯æœ‰æ•ˆçš„æ¥¼å±‚æ•°æ®
   é”™è¯¯ä¿¡æ¯: åˆ é™¤æµ‹è¯•æ•°æ®åº“æ–‡ä»¶å¤±è´¥: Error: EBUSY: resource busy or locked, unlink 'D:\vulgate\code\kiro\afa100\afa-office-system\backend\database\test.db'
   é”™è¯¯ç±»å‹: error

126. tests/performance/access-performance.test.ts
   æµ‹è¯•å¥—ä»¶: é€šè¡Œç³»ç»Ÿæ€§èƒ½æµ‹è¯•
   æµ‹è¯•åç§°: é€šè¡Œç³»ç»Ÿæ€§èƒ½æµ‹è¯•
   é”™è¯¯ä¿¡æ¯: TypeError: Database.getInstance is not a function
   é”™è¯¯ç±»å‹: error

127. tests/performance/access-performance.test.ts
   æµ‹è¯•å¥—ä»¶: é€šè¡Œç³»ç»Ÿæ€§èƒ½æµ‹è¯•
   æµ‹è¯•åç§°: é€šè¡Œç³»ç»Ÿæ€§èƒ½æµ‹è¯•
   é”™è¯¯ä¿¡æ¯: TypeError: Database.getInstance is not a function
   é”™è¯¯ç±»å‹: error

128. tests/integration/auth.test.ts
   æµ‹è¯•å¥—ä»¶: Auth Integration Tests
   æµ‹è¯•åç§°: POST /api/v1/auth/login > åº”è¯¥æˆåŠŸç™»å½•æœ‰æ•ˆç”¨æˆ·
   é”™è¯¯ä¿¡æ¯: AssertionError: expected 500 to be 200 // Object.is equality
   é”™è¯¯ç±»å‹: assertion

129. tests/integration/auth.test.ts
   æµ‹è¯•å¥—ä»¶: Auth Integration Tests
   æµ‹è¯•åç§°: POST /api/v1/auth/login > åº”è¯¥æ‹’ç»ä¸å­˜åœ¨çš„ç”¨æˆ·
   é”™è¯¯ä¿¡æ¯: AssertionError: expected 500 to be 400 // Object.is equality
   é”™è¯¯ç±»å‹: assertion

130. tests/integration/auth.test.ts
   æµ‹è¯•å¥—ä»¶: Auth Integration Tests
   æµ‹è¯•åç§°: POST /api/v1/auth/wechat-login > åº”è¯¥æˆåŠŸå¤„ç†å¾®ä¿¡ç™»å½•
   é”™è¯¯ç±»å‹: test_failure

131. tests/integration/auth.test.ts
   æµ‹è¯•å¥—ä»¶: Auth Integration Tests
   æµ‹è¯•åç§°: POST /api/v1/auth/wechat-login > åº”è¯¥æ‹’ç»æ— æ•ˆçš„ç”¨æˆ·ç±»å‹
   é”™è¯¯ç±»å‹: test_failure

132. tests/integration/auth.test.ts
   æµ‹è¯•å¥—ä»¶: Auth Integration Tests
   æµ‹è¯•åç§°: POST /api/v1/auth/wechat-login > åº”è¯¥æ‹’ç»ç¼ºå°‘å¾®ä¿¡æˆæƒç çš„è¯·æ±‚
   é”™è¯¯ç±»å‹: test_failure

133. tests/integration/auth.test.ts
   æµ‹è¯•å¥—ä»¶: Auth Integration Tests
   æµ‹è¯•åç§°: POST /api/v1/auth/wechat-login > åº”è¯¥å¤„ç†å¾®ä¿¡APIé”™è¯¯
   é”™è¯¯ä¿¡æ¯: TypeError: axios.default.get.mockResolvedValue is not a function
   é”™è¯¯ç±»å‹: error

134. tests/integration/auth.test.ts
   æµ‹è¯•å¥—ä»¶: Auth Integration Tests
   æµ‹è¯•åç§°: POST /api/v1/auth/refresh-token > åº”è¯¥åˆ·æ–°æœ‰æ•ˆçš„token
   é”™è¯¯ä¿¡æ¯: TypeError: Cannot read properties of undefined (reading 'refreshToken')
   é”™è¯¯ç±»å‹: error

135. tests/integration/auth.test.ts
   æµ‹è¯•å¥—ä»¶: Auth Integration Tests
   æµ‹è¯•åç§°: POST /api/v1/auth/refresh-token > åº”è¯¥æ‹’ç»æ— æ•ˆçš„åˆ·æ–°token
   é”™è¯¯ä¿¡æ¯: AssertionError: expected 500 to be 400 // Object.is equality
   é”™è¯¯ç±»å‹: assertion

136. tests/integration/auth.test.ts
   æµ‹è¯•å¥—ä»¶: Auth Integration Tests
   æµ‹è¯•åç§°: POST /api/v1/auth/verify-token > åº”è¯¥éªŒè¯æœ‰æ•ˆçš„token
   é”™è¯¯ä¿¡æ¯: TypeError: Cannot read properties of undefined (reading 'accessToken')
   é”™è¯¯ç±»å‹: error

137. tests/integration/auth.test.ts
   æµ‹è¯•å¥—ä»¶: Auth Integration Tests
   æµ‹è¯•åç§°: GET /api/v1/auth/me > åº”è¯¥è¿”å›å½“å‰ç”¨æˆ·ä¿¡æ¯
   é”™è¯¯ä¿¡æ¯: TypeError: Cannot read properties of undefined (reading 'accessToken')
   é”™è¯¯ç±»å‹: error

138. tests/integration/auth.test.ts
   æµ‹è¯•å¥—ä»¶: Auth Integration Tests
   æµ‹è¯•åç§°: POST /api/v1/auth/logout > åº”è¯¥æˆåŠŸç™»å‡ºç”¨æˆ·
   é”™è¯¯ä¿¡æ¯: TypeError: Cannot read properties of undefined (reading 'accessToken')
   é”™è¯¯ç±»å‹: error

139. tests/integration/auth.test.ts
   æµ‹è¯•å¥—ä»¶: Auth Integration Tests
   æµ‹è¯•åç§°: é”™è¯¯å¤„ç† > åº”è¯¥å¤„ç†JSONæ ¼å¼é”™è¯¯
   é”™è¯¯ä¿¡æ¯: AssertionError: expected 500 to be 400 // Object.is equality
   é”™è¯¯ç±»å‹: assertion

140. tests/integration/auth.test.ts
   æµ‹è¯•å¥—ä»¶: Auth Integration Tests
   æµ‹è¯•åç§°: é”™è¯¯å¤„ç† > åº”è¯¥å¤„ç†è¶…å¤§è¯·æ±‚ä½“
   é”™è¯¯ä¿¡æ¯: AssertionError: expected 500 to be 413 // Object.is equality
   é”™è¯¯ç±»å‹: assertion

141. tests/integration/auth.test.ts
   æµ‹è¯•å¥—ä»¶: Auth Integration Tests
   æµ‹è¯•åç§°: å®‰å…¨æ€§æµ‹è¯• > åº”è¯¥é˜²æ­¢XSSæ”»å‡»
   é”™è¯¯ä¿¡æ¯: AssertionError: expected 500 to be 400 // Object.is equality
   é”™è¯¯ç±»å‹: assertion

142. tests/integration/auth.test.ts
   æµ‹è¯•å¥—ä»¶: Auth Integration Tests
   æµ‹è¯•åç§°: å®‰å…¨æ€§æµ‹è¯• > åº”è¯¥é™åˆ¶è¯·æ±‚é¢‘ç‡
   é”™è¯¯ä¿¡æ¯: AssertionError: expected 0 to be greater than 0
   é”™è¯¯ç±»å‹: assertion

143. tests/unit/models/access-record.model.test.ts
   æµ‹è¯•å¥—ä»¶: AccessRecordModel
   æµ‹è¯•åç§°: create > åº”è¯¥æˆåŠŸåˆ›å»ºé€šè¡Œè®°å½•
   é”™è¯¯ç±»å‹: test_failure

144. tests/unit/models/access-record.model.test.ts
   æµ‹è¯•å¥—ä»¶: AccessRecordModel
   æµ‹è¯•åç§°: findById > æŸ¥æ‰¾ä¸å­˜åœ¨çš„è®°å½•åº”è¯¥è¿”å›null
   é”™è¯¯ç±»å‹: test_failure

145. tests/unit/models/access-record.model.test.ts
   æµ‹è¯•å¥—ä»¶: AccessRecordModel
   æµ‹è¯•åç§°: findByUserId > åº”è¯¥æ ¹æ®ç”¨æˆ·IDæŸ¥æ‰¾é€šè¡Œè®°å½•åˆ—è¡¨
   é”™è¯¯ç±»å‹: test_failure

146. tests/unit/models/access-record.model.test.ts
   æµ‹è¯•å¥—ä»¶: AccessRecordModel
   æµ‹è¯•åç§°: update > æ›´æ–°ä¸å­˜åœ¨çš„è®°å½•åº”è¯¥å¤±è´¥
   é”™è¯¯ç±»å‹: test_failure

147. tests/unit/models/access-record.model.test.ts
   æµ‹è¯•å¥—ä»¶: AccessRecordModel
   æµ‹è¯•åç§°: count > åº”è¯¥ç»Ÿè®¡é€šè¡Œè®°å½•æ•°é‡
   é”™è¯¯ç±»å‹: test_failure

148. tests/unit/models/access-record.model.test.ts
   æµ‹è¯•å¥—ä»¶: AccessRecordModel
   æµ‹è¯•åç§°: validateRecordData > åº”è¯¥æ£€æµ‹æ— æ•ˆçš„è®°å½•æ•°æ®
   é”™è¯¯ç±»å‹: test_failure

149. tests/unit/models/access-record.model.test.ts
   æµ‹è¯•å¥—ä»¶: AccessRecordModel
   æµ‹è¯•åç§°: exists > åº”è¯¥æ£€æŸ¥é€šè¡Œè®°å½•æ˜¯å¦å­˜åœ¨
   é”™è¯¯ç±»å‹: test_failure

150. tests/unit/models/access-record.model.test.ts
   æµ‹è¯•å¥—ä»¶: AccessRecordModel
   æµ‹è¯•åç§°: getLatestByUserId > åº”è¯¥è·å–ç”¨æˆ·æœ€è¿‘çš„é€šè¡Œè®°å½•
   é”™è¯¯ç±»å‹: test_failure

151. tests/unit/models/access-record.model.test.ts
   æµ‹è¯•å¥—ä»¶: AccessRecordModel
   æµ‹è¯•åç§°: getLatestByDeviceId > åº”è¯¥è·å–è®¾å¤‡æœ€è¿‘çš„é€šè¡Œè®°å½•
   é”™è¯¯ç±»å‹: test_failure

152. tests/unit/models/access-record.model.test.ts
   æµ‹è¯•å¥—ä»¶: AccessRecordModel
   æµ‹è¯•åç§°: findAll with filters > åº”è¯¥æ”¯æŒå¤æ‚ç­›é€‰æŸ¥è¯¢
   é”™è¯¯ç±»å‹: test_failure

153. tests/unit/models/floor.model.test.ts
   æµ‹è¯•å¥—ä»¶: FloorModel
   æµ‹è¯•åç§°: validateFloorData > åº”è¯¥éªŒè¯æœ‰æ•ˆçš„æ¥¼å±‚æ•°æ®
   é”™è¯¯ç±»å‹: test_failure

154. tests/unit/models/permission.model.test.ts
   æµ‹è¯•å¥—ä»¶: PermissionModel
   æµ‹è¯•åç§°: merchant permissions > åº”è¯¥æ’¤é”€å•†æˆ·æƒé™
   é”™è¯¯ç±»å‹: test_failure

155. tests/unit/models/space-hierarchy.test.ts
   æµ‹è¯•å¥—ä»¶: Space Hierarchy Integration
   æµ‹è¯•åç§°: åˆ›å»ºå®Œæ•´çš„ç©ºé—´å±‚çº§ç»“æ„ > åº”è¯¥èƒ½å¤Ÿåˆ›å»ºé¡¹ç›®->åœºåœ°->æ¥¼å±‚çš„å®Œæ•´å±‚çº§
   é”™è¯¯ç±»å‹: test_failure

156. tests/unit/models/space-hierarchy.test.ts
   æµ‹è¯•å¥—ä»¶: Space Hierarchy Integration
   æµ‹è¯•åç§°: ç»Ÿè®¡ä¿¡æ¯ > åº”è¯¥èƒ½å¤Ÿè·å–é¡¹ç›®çš„ç»Ÿè®¡ä¿¡æ¯
   é”™è¯¯ç±»å‹: test_failure

157. tests/unit/models/user.model.test.ts
   æµ‹è¯•å¥—ä»¶: UserModel
   æµ‹è¯•åç§°: findByMerchantId > åº”è¯¥æ ¹æ®å•†æˆ·IDæŸ¥æ‰¾ç”¨æˆ·åˆ—è¡¨
   é”™è¯¯ç±»å‹: test_failure

158. tests/unit/models/user.model.test.ts
   æµ‹è¯•å¥—ä»¶: UserModel
   æµ‹è¯•åç§°: batchCreate > åº”è¯¥æ‰¹é‡åˆ›å»ºç”¨æˆ·
   é”™è¯¯ç±»å‹: test_failure

159. tests/unit/models/venue.model.test.ts
   æµ‹è¯•å¥—ä»¶: VenueModel
   æµ‹è¯•åç§°: findByProjectId > åº”è¯¥æ ¹æ®é¡¹ç›®IDæŸ¥æ‰¾åœºåœ°åˆ—è¡¨
   é”™è¯¯ç±»å‹: test_failure

160. tests/unit/models/venue.model.test.ts
   æµ‹è¯•å¥—ä»¶: VenueModel
   æµ‹è¯•åç§°: findByName > åº”è¯¥æ ¹æ®åœºåœ°åç§°æ¨¡ç³ŠæŸ¥æ‰¾åœºåœ°
   é”™è¯¯ç±»å‹: test_failure

161. tests/unit/models/venue.model.test.ts
   æµ‹è¯•å¥—ä»¶: VenueModel
   æµ‹è¯•åç§°: softDelete > åº”è¯¥è½¯åˆ é™¤åœºåœ°ï¼ˆè®¾ç½®çŠ¶æ€ä¸ºinactiveï¼‰
   é”™è¯¯ç±»å‹: test_failure

162. tests/unit/models/venue.model.test.ts
   æµ‹è¯•å¥—ä»¶: VenueModel
   æµ‹è¯•åç§°: codeExists > åº”è¯¥æ’é™¤æŒ‡å®šIDæ£€æŸ¥ç¼–ç æ˜¯å¦å­˜åœ¨
   é”™è¯¯ç±»å‹: test_failure

163. tests/unit/models/venue.model.test.ts
   æµ‹è¯•å¥—ä»¶: VenueModel
   æµ‹è¯•åç§°: findAll with filters > åº”è¯¥æ”¯æŒåˆ†é¡µæŸ¥è¯¢
   é”™è¯¯ç±»å‹: test_failure

164. tests/unit/models/visitor-application.model.test.ts
   æµ‹è¯•å¥—ä»¶: VisitorApplicationModel
   æµ‹è¯•åç§°: create > åˆ›å»ºç”³è¯·æ—¶ç¼ºå°‘å¿…å¡«å­—æ®µåº”è¯¥å¤±è´¥
   é”™è¯¯ç±»å‹: test_failure

165. tests/unit/models/visitor-application.model.test.ts
   æµ‹è¯•å¥—ä»¶: VisitorApplicationModel
   æµ‹è¯•åç§°: findById > æŸ¥æ‰¾ä¸å­˜åœ¨çš„ç”³è¯·åº”è¯¥è¿”å›null
   é”™è¯¯ç±»å‹: test_failure

166. tests/unit/models/visitor-application.model.test.ts
   æµ‹è¯•å¥—ä»¶: VisitorApplicationModel
   æµ‹è¯•åç§°: count > åº”è¯¥ç»Ÿè®¡è®¿å®¢ç”³è¯·æ•°é‡
   é”™è¯¯ç±»å‹: test_failure

167. tests/unit/models/visitor-application.model.test.ts
   æµ‹è¯•å¥—ä»¶: VisitorApplicationModel
   æµ‹è¯•åç§°: count > åº”è¯¥æ ¹æ®æ¡ä»¶ç»Ÿè®¡ç”³è¯·æ•°é‡
   é”™è¯¯ç±»å‹: test_failure

168. tests/unit/models/visitor-application.model.test.ts
   æµ‹è¯•å¥—ä»¶: VisitorApplicationModel
   æµ‹è¯•åç§°: incrementUsageCount > åº”è¯¥å¢åŠ é€šè¡Œç ä½¿ç”¨æ¬¡æ•°
   é”™è¯¯ç±»å‹: test_failure

169. tests/unit/models/visitor-application.model.test.ts
   æµ‹è¯•å¥—ä»¶: VisitorApplicationModel
   æµ‹è¯•åç§°: isPasscodeValid > åº”è¯¥æ£€æµ‹è¿‡æœŸçš„é€šè¡Œç 
   é”™è¯¯ç±»å‹: test_failure

170. tests/unit/models/visitor-application.model.test.ts
   æµ‹è¯•å¥—ä»¶: VisitorApplicationModel
   æµ‹è¯•åç§°: isPasscodeValid > åº”è¯¥æ£€æµ‹ä½¿ç”¨æ¬¡æ•°è¶…é™çš„é€šè¡Œç 
   é”™è¯¯ä¿¡æ¯: Serialized Error: { errno: 19, code: 'SQLITE_CONSTRAINT' }
   é”™è¯¯ç±»å‹: error

171. tests/unit/models/access-record.model.test.ts
   æµ‹è¯•å¥—ä»¶: AccessRecordModel
   æµ‹è¯•åç§°: create > åº”è¯¥åˆ›å»ºå¤±è´¥çš„é€šè¡Œè®°å½•
   é”™è¯¯ç±»å‹: test_failure

172. tests/unit/models/access-record.model.test.ts
   æµ‹è¯•å¥—ä»¶: AccessRecordModel
   æµ‹è¯•åç§°: count > åº”è¯¥æ ¹æ®æ¡ä»¶ç»Ÿè®¡è®°å½•æ•°é‡
   é”™è¯¯ç±»å‹: test_failure

173. tests/unit/models/access-record.model.test.ts
   æµ‹è¯•å¥—ä»¶: AccessRecordModel
   æµ‹è¯•åç§°: getStatistics > åº”è¯¥è·å–é€šè¡Œç»Ÿè®¡ä¿¡æ¯
   é”™è¯¯ä¿¡æ¯: Error: åˆ›å»ºé¡¹ç›®åæŸ¥è¯¢å¤±è´¥
   é”™è¯¯ç±»å‹: error

174. tests/unit/models/access-record.model.test.ts
   æµ‹è¯•å¥—ä»¶: AccessRecordModel
   æµ‹è¯•åç§°: create > åˆ›å»ºè®°å½•æ—¶ç¼ºå°‘å¿…å¡«å­—æ®µåº”è¯¥å¤±è´¥
   é”™è¯¯ç±»å‹: test_failure

175. tests/unit/models/access-record.model.test.ts
   æµ‹è¯•å¥—ä»¶: AccessRecordModel
   æµ‹è¯•åç§°: findByDeviceId > åº”è¯¥æ ¹æ®è®¾å¤‡IDæŸ¥æ‰¾é€šè¡Œè®°å½•åˆ—è¡¨
   é”™è¯¯ç±»å‹: test_failure

176. tests/unit/models/access-record.model.test.ts
   æµ‹è¯•å¥—ä»¶: AccessRecordModel
   æµ‹è¯•åç§°: findByPasscodeId > åº”è¯¥æ ¹æ®é€šè¡Œç IDæŸ¥æ‰¾é€šè¡Œè®°å½•åˆ—è¡¨
   é”™è¯¯ç±»å‹: test_failure

177. tests/unit/models/access-record.model.test.ts
   æµ‹è¯•å¥—ä»¶: AccessRecordModel
   æµ‹è¯•åç§°: update > åº”è¯¥æˆåŠŸæ›´æ–°é€šè¡Œè®°å½•ä¿¡æ¯
   é”™è¯¯ç±»å‹: test_failure

178. tests/unit/models/access-record.model.test.ts
   æµ‹è¯•å¥—ä»¶: AccessRecordModel
   æµ‹è¯•åç§°: getTodayCount > åº”è¯¥è·å–ä»Šæ—¥é€šè¡Œè®°å½•æ•°é‡
   é”™è¯¯ç±»å‹: test_failure

179. tests/unit/models/access-record.model.test.ts
   æµ‹è¯•å¥—ä»¶: AccessRecordModel
   æµ‹è¯•åç§°: cleanup > åº”è¯¥æ¸…ç†æ—§çš„é€šè¡Œè®°å½•
   é”™è¯¯ä¿¡æ¯: Error: åˆ›å»ºé€šè¡Œç åæŸ¥è¯¢å¤±è´¥
   é”™è¯¯ç±»å‹: error

180. tests/unit/models/access-record.model.test.ts
   æµ‹è¯•å¥—ä»¶: AccessRecordModel
   æµ‹è¯•åç§°: findById > åº”è¯¥æ ¹æ®IDæŸ¥æ‰¾é€šè¡Œè®°å½•
   é”™è¯¯ç±»å‹: test_failure

181. tests/unit/models/access-record.model.test.ts
   æµ‹è¯•å¥—ä»¶: AccessRecordModel
   æµ‹è¯•åç§°: batchCreate > åº”è¯¥æ‰¹é‡åˆ›å»ºé€šè¡Œè®°å½•
   é”™è¯¯ç±»å‹: test_failure

182. tests/unit/models/floor.model.test.ts
   æµ‹è¯•å¥—ä»¶: FloorModel
   æµ‹è¯•åç§°: findById > æŸ¥æ‰¾ä¸å­˜åœ¨çš„æ¥¼å±‚åº”è¯¥è¿”å›null
   é”™è¯¯ç±»å‹: test_failure

183. tests/unit/models/passcode.model.test.ts
   æµ‹è¯•å¥—ä»¶: PasscodeModel
   æµ‹è¯•åç§°: create > åº”è¯¥æˆåŠŸåˆ›å»ºé€šè¡Œç 
   é”™è¯¯ç±»å‹: test_failure

184. tests/unit/models/passcode.model.test.ts
   æµ‹è¯•å¥—ä»¶: PasscodeModel
   æµ‹è¯•åç§°: isValid > åº”è¯¥éªŒè¯æœ‰æ•ˆçš„é€šè¡Œç 
   é”™è¯¯ç±»å‹: test_failure

185. tests/unit/models/passcode.model.test.ts
   æµ‹è¯•å¥—ä»¶: PasscodeModel
   æµ‹è¯•åç§°: isValid > åº”è¯¥éªŒè¯æœ‰æ•ˆçš„é€šè¡Œç 
   é”™è¯¯ç±»å‹: test_failure

186. tests/unit/models/venue.model.test.ts
   æµ‹è¯•å¥—ä»¶: VenueModel
   æµ‹è¯•åç§°: create > åº”è¯¥æˆåŠŸåˆ›å»ºåœºåœ°
   é”™è¯¯ä¿¡æ¯: Error: æ•°æ®åº“ç¹å¿™ï¼Œè¯·ç¨åé‡è¯•
   é”™è¯¯ç±»å‹: error

187. tests/unit/models/access-record.model.test.ts
   æµ‹è¯•å¥—ä»¶: AccessRecordModel
   æµ‹è¯•åç§°: findByResult > åº”è¯¥æ ¹æ®ç»“æœæŸ¥æ‰¾é€šè¡Œè®°å½•åˆ—è¡¨
   é”™è¯¯ç±»å‹: test_failure

188. tests/unit/models/access-record.model.test.ts
   æµ‹è¯•å¥—ä»¶: AccessRecordModel
   æµ‹è¯•åç§°: getSuccessCount and getFailedCount > åº”è¯¥è·å–æˆåŠŸå’Œå¤±è´¥é€šè¡Œæ¬¡æ•°
   é”™è¯¯ç±»å‹: test_failure

189. tests/unit/models/access-record.model.test.ts
   æµ‹è¯•å¥—ä»¶: AccessRecordModel
   æµ‹è¯•åç§°: getFullInfo > åº”è¯¥è·å–é€šè¡Œè®°å½•çš„å®Œæ•´ä¿¡æ¯
   é”™è¯¯ç±»å‹: test_failure

190. tests/unit/models/access-record.model.test.ts
   æµ‹è¯•å¥—ä»¶: AccessRecordModel
   æµ‹è¯•åç§°: findAll with filters > åº”è¯¥æ”¯æŒåˆ†é¡µæŸ¥è¯¢
   é”™è¯¯ä¿¡æ¯: Error: åˆ›å»ºç”¨æˆ·åæŸ¥è¯¢å¤±è´¥
   é”™è¯¯ç±»å‹: error

191. tests/unit/models/access-record.model.test.ts
   æµ‹è¯•å¥—ä»¶: AccessRecordModel
   æµ‹è¯•åç§°: delete > åº”è¯¥ç‰©ç†åˆ é™¤é€šè¡Œè®°å½•
   é”™è¯¯ä¿¡æ¯: Error: åˆ›å»ºåœºåœ°åæŸ¥è¯¢å¤±è´¥
   é”™è¯¯ç±»å‹: error

192. tests/unit/models/access-record.model.test.ts
   æµ‹è¯•å¥—ä»¶: AccessRecordModel
   æµ‹è¯•åç§°: validateRecordData > åº”è¯¥éªŒè¯æœ‰æ•ˆçš„è®°å½•æ•°æ®
   é”™è¯¯ä¿¡æ¯: Error: åˆ›å»ºæ¥¼å±‚åæŸ¥è¯¢å¤±è´¥
   é”™è¯¯ç±»å‹: error

193. tests/unit/models/merchant.model.test.ts
   æµ‹è¯•å¥—ä»¶: MerchantModel
   æµ‹è¯•åç§°: findByName > åº”è¯¥æ ¹æ®åç§°æ¨¡ç³ŠæŸ¥æ‰¾å•†æˆ·
   é”™è¯¯ä¿¡æ¯: Error: åˆ›å»ºå•†æˆ·åæŸ¥è¯¢å¤±è´¥
   é”™è¯¯ç±»å‹: error

194. tests/unit/models/merchant.model.test.ts
   æµ‹è¯•å¥—ä»¶: MerchantModel
   æµ‹è¯•åç§°: softDelete > åº”è¯¥è½¯åˆ é™¤å•†æˆ·ï¼ˆè®¾ç½®çŠ¶æ€ä¸ºinactiveï¼‰
   é”™è¯¯ä¿¡æ¯: Error: åˆ›å»ºå•†æˆ·åæŸ¥è¯¢å¤±è´¥
   é”™è¯¯ç±»å‹: error

195. tests/unit/models/merchant.model.test.ts
   æµ‹è¯•å¥—ä»¶: MerchantModel
   æµ‹è¯•åç§°: count > åº”è¯¥æ ¹æ®æ¡ä»¶ç»Ÿè®¡å•†æˆ·æ•°é‡
   é”™è¯¯ä¿¡æ¯: AssertionError: expected 0 to be greater than or equal to 1
   é”™è¯¯ç±»å‹: assertion

196. tests/unit/models/merchant.model.test.ts
   æµ‹è¯•å¥—ä»¶: MerchantModel
   æµ‹è¯•åç§°: getSettings and updateSettings > åº”è¯¥è·å–å’Œæ›´æ–°å•†æˆ·è®¾ç½®
   é”™è¯¯ä¿¡æ¯: Error: å•†æˆ·ä¸å­˜åœ¨æˆ–æ›´æ–°å¤±è´¥
   é”™è¯¯ç±»å‹: error

197. tests/unit/models/merchant.model.test.ts
   æµ‹è¯•å¥—ä»¶: MerchantModel
   æµ‹è¯•åç§°: codeExists > åº”è¯¥æ£€æŸ¥å•†æˆ·ç¼–ç æ˜¯å¦å·²å­˜åœ¨
   é”™è¯¯ä¿¡æ¯: AssertionError: expected false to be true // Object.is equality
   é”™è¯¯ç±»å‹: assertion

198. tests/unit/models/merchant.model.test.ts
   æµ‹è¯•å¥—ä»¶: MerchantModel
   æµ‹è¯•åç§°: batchUpdateStatus > åº”è¯¥æ‰¹é‡æ›´æ–°å•†æˆ·çŠ¶æ€
   é”™è¯¯ä¿¡æ¯: AssertionError: expected 1 to be 2 // Object.is equality
   é”™è¯¯ç±»å‹: assertion

199. tests/unit/models/merchant.model.test.ts
   æµ‹è¯•å¥—ä»¶: MerchantModel
   æµ‹è¯•åç§°: findAll with pagination and search > åº”è¯¥æ”¯æŒåˆ†é¡µæŸ¥è¯¢
   é”™è¯¯ä¿¡æ¯: Error: åˆ›å»ºå•†æˆ·åæŸ¥è¯¢å¤±è´¥
   é”™è¯¯ç±»å‹: error

200. tests/unit/models/passcode.model.test.ts
   æµ‹è¯•å¥—ä»¶: PasscodeModel
   æµ‹è¯•åç§°: create > åº”è¯¥æˆåŠŸåˆ›å»ºé€šè¡Œç 
   é”™è¯¯ç±»å‹: test_failure

201. tests/unit/models/passcode.model.test.ts
   æµ‹è¯•å¥—ä»¶: PasscodeModel
   æµ‹è¯•åç§°: findById > åº”è¯¥æ ¹æ®IDæŸ¥æ‰¾é€šè¡Œç 
   é”™è¯¯ç±»å‹: test_failure

202. tests/unit/models/passcode.model.test.ts
   æµ‹è¯•å¥—ä»¶: PasscodeModel
   æµ‹è¯•åç§°: findById > æŸ¥æ‰¾ä¸å­˜åœ¨çš„é€šè¡Œç åº”è¯¥è¿”å›null
   é”™è¯¯ä¿¡æ¯: Error: åˆ›å»ºå•†æˆ·åæŸ¥è¯¢å¤±è´¥
   é”™è¯¯ç±»å‹: error

203. tests/unit/models/passcode.model.test.ts
   æµ‹è¯•å¥—ä»¶: PasscodeModel
   æµ‹è¯•åç§°: create > åº”è¯¥ä½¿ç”¨é»˜è®¤å€¼åˆ›å»ºé€šè¡Œç 
   é”™è¯¯ç±»å‹: test_failure

204. tests/unit/models/passcode.model.test.ts
   æµ‹è¯•å¥—ä»¶: PasscodeModel
   æµ‹è¯•åç§°: create > åˆ›å»ºé€šè¡Œç æ—¶ç¼ºå°‘å¿…å¡«å­—æ®µåº”è¯¥å¤±è´¥
   é”™è¯¯ç±»å‹: test_failure

205. tests/unit/models/user.model.test.ts
   æµ‹è¯•å¥—ä»¶: UserModel
   æµ‹è¯•åç§°: create > åº”è¯¥ä½¿ç”¨é»˜è®¤çŠ¶æ€åˆ›å»ºç”¨æˆ·
   é”™è¯¯ç±»å‹: test_failure

206. tests/unit/models/visitor-application.model.test.ts
   æµ‹è¯•å¥—ä»¶: VisitorApplicationModel
   æµ‹è¯•åç§°: approve and reject > åº”è¯¥å®¡æ‰¹é€šè¿‡è®¿å®¢ç”³è¯·
   é”™è¯¯ä¿¡æ¯: Serialized Error: { errno: 19, code: 'SQLITE_CONSTRAINT' }
   é”™è¯¯ç±»å‹: error

207. tests/unit/models/passcode.model.test.ts
   æµ‹è¯•å¥—ä»¶: PasscodeModel
   æµ‹è¯•åç§°: findByCode > æŸ¥æ‰¾ä¸å­˜åœ¨çš„é€šè¡Œç å†…å®¹åº”è¯¥è¿”å›null
   é”™è¯¯ç±»å‹: test_failure

208. tests/unit/models/passcode.model.test.ts
   æµ‹è¯•å¥—ä»¶: PasscodeModel
   æµ‹è¯•åç§°: findByUserId > åº”è¯¥æ ¹æ®ç”¨æˆ·IDæŸ¥æ‰¾é€šè¡Œç åˆ—è¡¨
   é”™è¯¯ç±»å‹: test_failure

209. tests/unit/models/passcode.model.test.ts
   æµ‹è¯•å¥—ä»¶: PasscodeModel
   æµ‹è¯•åç§°: isValid > åº”è¯¥æ£€æµ‹å·²å¤±æ•ˆçš„é€šè¡Œç 
   é”™è¯¯ä¿¡æ¯: Error: åˆ›å»ºè®¿å®¢ç”³è¯·åæŸ¥è¯¢å¤±è´¥
   é”™è¯¯ç±»å‹: error

210. tests/unit/models/permission.model.test.ts
   æµ‹è¯•å¥—ä»¶: PermissionModel
   æµ‹è¯•åç§°: create > åº”è¯¥æˆåŠŸåˆ›å»ºæƒé™
   é”™è¯¯ä¿¡æ¯: Error: åˆ›å»ºæƒé™åæŸ¥è¯¢å¤±è´¥
   é”™è¯¯ç±»å‹: error

211. tests/unit/models/permission.model.test.ts
   æµ‹è¯•å¥—ä»¶: PermissionModel
   æµ‹è¯•åç§°: create > åˆ›å»ºæƒé™æ—¶ç¼ºå°‘å¿…å¡«å­—æ®µåº”è¯¥å¤±è´¥
   é”™è¯¯ç±»å‹: test_failure

212. tests/unit/models/permission.model.test.ts
   æµ‹è¯•å¥—ä»¶: PermissionModel
   æµ‹è¯•åç§°: create > åˆ›å»ºé‡å¤ä»£ç çš„æƒé™åº”è¯¥å¤±è´¥
   é”™è¯¯ç±»å‹: test_failure

213. tests/unit/models/permission.model.test.ts
   æµ‹è¯•å¥—ä»¶: PermissionModel
   æµ‹è¯•åç§°: findById > åº”è¯¥æ ¹æ®IDæŸ¥æ‰¾æƒé™
   é”™è¯¯ç±»å‹: test_failure

214. tests/unit/models/permission.model.test.ts
   æµ‹è¯•å¥—ä»¶: PermissionModel
   æµ‹è¯•åç§°: delete > åº”è¯¥åˆ é™¤æƒé™
   é”™è¯¯ç±»å‹: test_failure

215. tests/unit/models/permission.model.test.ts
   æµ‹è¯•å¥—ä»¶: PermissionModel
   æµ‹è¯•åç§°: validatePermissionData > åº”è¯¥éªŒè¯æœ‰æ•ˆçš„æƒé™æ•°æ®
   é”™è¯¯ç±»å‹: test_failure

216. tests/unit/models/permission.model.test.ts
   æµ‹è¯•å¥—ä»¶: PermissionModel
   æµ‹è¯•åç§°: count > åº”è¯¥ç»Ÿè®¡æƒé™æ•°é‡
   é”™è¯¯ç±»å‹: test_failure

217. tests/unit/models/permission.model.test.ts
   æµ‹è¯•å¥—ä»¶: PermissionModel
   æµ‹è¯•åç§°: count > åº”è¯¥æ ¹æ®æ¡ä»¶ç»Ÿè®¡æƒé™æ•°é‡
   é”™è¯¯ç±»å‹: test_failure

218. tests/unit/models/permission.model.test.ts
   æµ‹è¯•å¥—ä»¶: PermissionModel
   æµ‹è¯•åç§°: exists and codeExists > åº”è¯¥æ£€æŸ¥æƒé™æ˜¯å¦å­˜åœ¨
   é”™è¯¯ä¿¡æ¯: Error: åˆ›å»ºé¡¹ç›®åæŸ¥è¯¢å¤±è´¥
   é”™è¯¯ç±»å‹: error

219. tests/unit/models/permission.model.test.ts
   æµ‹è¯•å¥—ä»¶: PermissionModel
   æµ‹è¯•åç§°: findByCode > åº”è¯¥æ ¹æ®ä»£ç æŸ¥æ‰¾æƒé™
   é”™è¯¯ä¿¡æ¯: TypeError: Cannot read properties of null (reading 'code')
   é”™è¯¯ç±»å‹: error

220. tests/unit/models/permission.model.test.ts
   æµ‹è¯•å¥—ä»¶: PermissionModel
   æµ‹è¯•åç§°: findByResource > åº”è¯¥æ ¹æ®èµ„æºç±»å‹å’ŒIDæŸ¥æ‰¾æƒé™åˆ—è¡¨
   é”™è¯¯ç±»å‹: test_failure

221. tests/unit/models/permission.model.test.ts
   æµ‹è¯•å¥—ä»¶: PermissionModel
   æµ‹è¯•åç§°: merchant permissions > åº”è¯¥è·å–å•†æˆ·çš„æƒé™åˆ—è¡¨
   é”™è¯¯ä¿¡æ¯: Error: åˆ›å»ºå•†æˆ·åæŸ¥è¯¢å¤±è´¥
   é”™è¯¯ç±»å‹: error

222. tests/unit/models/permission.model.test.ts
   æµ‹è¯•å¥—ä»¶: PermissionModel
   æµ‹è¯•åç§°: update > åº”è¯¥æˆåŠŸæ›´æ–°æƒé™ä¿¡æ¯
   é”™è¯¯ä¿¡æ¯: Error: åˆ›å»ºæƒé™åæŸ¥è¯¢å¤±è´¥
   é”™è¯¯ç±»å‹: error

223. tests/unit/models/permission.model.test.ts
   æµ‹è¯•å¥—ä»¶: PermissionModel
   æµ‹è¯•åç§°: getActions and setActions > åº”è¯¥è·å–å’Œè®¾ç½®æƒé™æ“ä½œ
   é”™è¯¯ä¿¡æ¯: Error: åˆ›å»ºæƒé™åæŸ¥è¯¢å¤±è´¥
   é”™è¯¯ç±»å‹: error

224. tests/unit/models/permission.model.test.ts
   æµ‹è¯•å¥—ä»¶: PermissionModel
   æµ‹è¯•åç§°: batchCreate > åº”è¯¥æ‰¹é‡åˆ›å»ºæƒé™
   é”™è¯¯ä¿¡æ¯: AssertionError: expected [] to have a length of 2 but got +0
   é”™è¯¯ç±»å‹: assertion

225. tests/unit/models/permission.model.test.ts
   æµ‹è¯•å¥—ä»¶: PermissionModel
   æµ‹è¯•åç§°: merchant permissions > åº”è¯¥ä¸ºå•†æˆ·åˆ†é…æƒé™
   é”™è¯¯ä¿¡æ¯: Serialized Error: { errno: 19, code: 'SQLITE_CONSTRAINT' }
   é”™è¯¯ç±»å‹: error

226. tests/unit/models/permission.model.test.ts
   æµ‹è¯•å¥—ä»¶: PermissionModel
   æµ‹è¯•åç§°: merchant permissions > åº”è¯¥æ‰¹é‡ä¸ºå•†æˆ·åˆ†é…æƒé™
   é”™è¯¯ä¿¡æ¯: Error: åˆ›å»ºæƒé™åæŸ¥è¯¢å¤±è´¥
   é”™è¯¯ç±»å‹: error

227. tests/unit/models/project.model.test.ts
   æµ‹è¯•å¥—ä»¶: ProjectModel
   æµ‹è¯•åç§°: findById > åº”è¯¥æ ¹æ®IDæŸ¥æ‰¾é¡¹ç›®
   é”™è¯¯ä¿¡æ¯: AssertionError: expected 'TEST_PROJECT' to be 'TEST_PROJECT_004' // Object.is equality
   é”™è¯¯ç±»å‹: assertion

228. tests/unit/models/project.model.test.ts
   æµ‹è¯•å¥—ä»¶: ProjectModel
   æµ‹è¯•åç§°: update > åº”è¯¥æˆåŠŸæ›´æ–°é¡¹ç›®ä¿¡æ¯
   é”™è¯¯ä¿¡æ¯: Error: é¡¹ç›®ä¸å­˜åœ¨æˆ–æ›´æ–°å¤±è´¥
   é”™è¯¯ç±»å‹: error

229. tests/unit/models/space-hierarchy.test.ts
   æµ‹è¯•å¥—ä»¶: Space Hierarchy Integration
   æµ‹è¯•åç§°: åˆ›å»ºå®Œæ•´çš„ç©ºé—´å±‚çº§ç»“æ„ > åº”è¯¥èƒ½å¤Ÿè·å–é¡¹ç›®çš„å®Œæ•´å±‚çº§ç»“æ„
   é”™è¯¯ä¿¡æ¯: Error: åˆ›å»ºæ¥¼å±‚åæŸ¥è¯¢å¤±è´¥
   é”™è¯¯ç±»å‹: error

230. tests/unit/models/space-hierarchy.test.ts
   æµ‹è¯•å¥—ä»¶: Space Hierarchy Integration
   æµ‹è¯•åç§°: æ•°æ®å®Œæ•´æ€§çº¦æŸ > åˆ é™¤é¡¹ç›®æ—¶åº”è¯¥çº§è”åˆ é™¤åœºåœ°å’Œæ¥¼å±‚
   é”™è¯¯ä¿¡æ¯: Error: åˆ›å»ºæ¥¼å±‚åæŸ¥è¯¢å¤±è´¥
   é”™è¯¯ç±»å‹: error

231. tests/unit/models/space-hierarchy.test.ts
   æµ‹è¯•å¥—ä»¶: Space Hierarchy Integration
   æµ‹è¯•åç§°: æ•°æ®å®Œæ•´æ€§çº¦æŸ > åˆ é™¤åœºåœ°æ—¶åº”è¯¥çº§è”åˆ é™¤æ¥¼å±‚
   é”™è¯¯ä¿¡æ¯: Error: åˆ›å»ºæ¥¼å±‚åæŸ¥è¯¢å¤±è´¥
   é”™è¯¯ç±»å‹: error

232. tests/unit/models/user.model.test.ts
   æµ‹è¯•å¥—ä»¶: UserModel
   æµ‹è¯•åç§°: findByUserType > åº”è¯¥æ ¹æ®ç”¨æˆ·ç±»å‹æŸ¥æ‰¾ç”¨æˆ·åˆ—è¡¨
   é”™è¯¯ä¿¡æ¯: AssertionError: expected 1 to be greater than or equal to 2
   é”™è¯¯ç±»å‹: assertion

233. tests/unit/models/user.model.test.ts
   æµ‹è¯•å¥—ä»¶: UserModel
   æµ‹è¯•åç§°: update > åº”è¯¥æˆåŠŸæ›´æ–°ç”¨æˆ·ä¿¡æ¯
   é”™è¯¯ä¿¡æ¯: Error: ç”¨æˆ·ä¸å­˜åœ¨æˆ–æ›´æ–°å¤±è´¥
   é”™è¯¯ç±»å‹: error

234. tests/unit/models/user.model.test.ts
   æµ‹è¯•å¥—ä»¶: UserModel
   æµ‹è¯•åç§°: count > åº”è¯¥æ ¹æ®æ¡ä»¶ç»Ÿè®¡ç”¨æˆ·æ•°é‡
   é”™è¯¯ä¿¡æ¯: AssertionError: expected 0 to be greater than or equal to 1
   é”™è¯¯ç±»å‹: assertion

235. tests/unit/models/user.model.test.ts
   æµ‹è¯•å¥—ä»¶: UserModel
   æµ‹è¯•åç§°: openIdExists > åº”è¯¥æ£€æŸ¥openIdæ˜¯å¦å·²å­˜åœ¨
   é”™è¯¯ä¿¡æ¯: Error: åˆ›å»ºç”¨æˆ·åæŸ¥è¯¢å¤±è´¥
   é”™è¯¯ç±»å‹: error

236. tests/unit/models/user.model.test.ts
   æµ‹è¯•å¥—ä»¶: UserModel
   æµ‹è¯•åç§°: phoneExists > åº”è¯¥æ£€æŸ¥æ‰‹æœºå·æ˜¯å¦å·²å­˜åœ¨
   é”™è¯¯ä¿¡æ¯: Error: åˆ›å»ºç”¨æˆ·åæŸ¥è¯¢å¤±è´¥
   é”™è¯¯ç±»å‹: error

237. tests/unit/models/user.model.test.ts
   æµ‹è¯•å¥—ä»¶: UserModel
   æµ‹è¯•åç§°: findAll with pagination > åº”è¯¥æ”¯æŒåˆ†é¡µæŸ¥è¯¢
   é”™è¯¯ä¿¡æ¯: Error: åˆ›å»ºç”¨æˆ·åæŸ¥è¯¢å¤±è´¥
   é”™è¯¯ç±»å‹: error

238. tests/unit/models/venue.model.test.ts
   æµ‹è¯•å¥—ä»¶: VenueModel
   æµ‹è¯•åç§°: create > åº”è¯¥ä½¿ç”¨é»˜è®¤çŠ¶æ€åˆ›å»ºåœºåœ°
   é”™è¯¯ä¿¡æ¯: Error: åˆ›å»ºåœºåœ°åæŸ¥è¯¢å¤±è´¥
   é”™è¯¯ç±»å‹: error

239. tests/unit/models/venue.model.test.ts
   æµ‹è¯•å¥—ä»¶: VenueModel
   æµ‹è¯•åç§°: findById > æŸ¥æ‰¾ä¸å­˜åœ¨çš„åœºåœ°åº”è¯¥è¿”å›null
   é”™è¯¯ç±»å‹: test_failure

240. tests/unit/models/venue.model.test.ts
   æµ‹è¯•å¥—ä»¶: VenueModel
   æµ‹è¯•åç§°: update > æ›´æ–°ä¸å­˜åœ¨çš„åœºåœ°åº”è¯¥å¤±è´¥
   é”™è¯¯ç±»å‹: test_failure

241. tests/unit/models/venue.model.test.ts
   æµ‹è¯•å¥—ä»¶: VenueModel
   æµ‹è¯•åç§°: delete > åº”è¯¥ç‰©ç†åˆ é™¤åœºåœ°
   é”™è¯¯ç±»å‹: test_failure

242. tests/unit/models/venue.model.test.ts
   æµ‹è¯•å¥—ä»¶: VenueModel
   æµ‹è¯•åç§°: count > åº”è¯¥ç»Ÿè®¡åœºåœ°æ•°é‡
   é”™è¯¯ç±»å‹: test_failure

243. tests/unit/models/venue.model.test.ts
   æµ‹è¯•å¥—ä»¶: VenueModel
   æµ‹è¯•åç§°: findAll with filters > åº”è¯¥æ”¯æŒå¤æ‚ç­›é€‰æŸ¥è¯¢
   é”™è¯¯ä¿¡æ¯: Error: åˆ›å»ºé¡¹ç›®åæŸ¥è¯¢å¤±è´¥
   é”™è¯¯ç±»å‹: error

244. tests/unit/models/venue.model.test.ts
   æµ‹è¯•å¥—ä»¶: VenueModel
   æµ‹è¯•åç§°: update > åº”è¯¥æˆåŠŸæ›´æ–°åœºåœ°ä¿¡æ¯
   é”™è¯¯ä¿¡æ¯: Error: åˆ›å»ºåœºåœ°åæŸ¥è¯¢å¤±è´¥
   é”™è¯¯ç±»å‹: error

245. tests/unit/models/venue.model.test.ts
   æµ‹è¯•å¥—ä»¶: VenueModel
   æµ‹è¯•åç§°: batchUpdateStatus > åº”è¯¥æ‰¹é‡æ›´æ–°åœºåœ°çŠ¶æ€
   é”™è¯¯ä¿¡æ¯: Error: åˆ›å»ºåœºåœ°åæŸ¥è¯¢å¤±è´¥
   é”™è¯¯ç±»å‹: error

246. tests/unit/models/visitor-application.model.test.ts
   æµ‹è¯•å¥—ä»¶: VisitorApplicationModel
   æµ‹è¯•åç§°: findByApplicantId > åº”è¯¥æ ¹æ®ç”³è¯·äººIDæŸ¥æ‰¾ç”³è¯·åˆ—è¡¨
   é”™è¯¯ç±»å‹: test_failure

247. tests/unit/models/visitor-application.model.test.ts
   æµ‹è¯•å¥—ä»¶: VisitorApplicationModel
   æµ‹è¯•åç§°: update > åº”è¯¥æˆåŠŸæ›´æ–°è®¿å®¢ç”³è¯·ä¿¡æ¯
   é”™è¯¯ç±»å‹: test_failure

248. tests/unit/models/visitor-application.model.test.ts
   æµ‹è¯•å¥—ä»¶: VisitorApplicationModel
   æµ‹è¯•åç§°: isPasscodeValid > åº”è¯¥æ£€æŸ¥é€šè¡Œç æ˜¯å¦æœ‰æ•ˆ
   é”™è¯¯ä¿¡æ¯: Error: åˆ›å»ºç”¨æˆ·åæŸ¥è¯¢å¤±è´¥
   é”™è¯¯ç±»å‹: error

249. tests/unit/models/visitor-application.model.test.ts
   æµ‹è¯•å¥—ä»¶: VisitorApplicationModel
   æµ‹è¯•åç§°: findByMerchantId > åº”è¯¥æ ¹æ®å•†æˆ·IDæŸ¥æ‰¾ç”³è¯·åˆ—è¡¨
   é”™è¯¯ç±»å‹: test_failure

250. tests/unit/models/visitor-application.model.test.ts
   æµ‹è¯•å¥—ä»¶: VisitorApplicationModel
   æµ‹è¯•åç§°: validateApplicationData > åº”è¯¥æ£€æµ‹æ— æ•ˆçš„ç”³è¯·æ•°æ®
   é”™è¯¯ä¿¡æ¯: Error: åˆ›å»ºç”¨æˆ·åæŸ¥è¯¢å¤±è´¥
   é”™è¯¯ç±»å‹: error

251. tests/unit/models/visitor-application.model.test.ts
   æµ‹è¯•å¥—ä»¶: VisitorApplicationModel
   æµ‹è¯•åç§°: findByStatus > åº”è¯¥æ ¹æ®çŠ¶æ€æŸ¥æ‰¾ç”³è¯·åˆ—è¡¨
   é”™è¯¯ä¿¡æ¯: Error: åˆ›å»ºè®¿å®¢ç”³è¯·åæŸ¥è¯¢å¤±è´¥
   é”™è¯¯ç±»å‹: error

252. tests/unit/models/visitor-application.model.test.ts
   æµ‹è¯•å¥—ä»¶: VisitorApplicationModel
   æµ‹è¯•åç§°: approve and reject > åº”è¯¥æ‹’ç»è®¿å®¢ç”³è¯·
   é”™è¯¯ä¿¡æ¯: Error: åˆ›å»ºè®¿å®¢ç”³è¯·åæŸ¥è¯¢å¤±è´¥
   é”™è¯¯ç±»å‹: error

253. tests/unit/models/visitor-application.model.test.ts
   æµ‹è¯•å¥—ä»¶: VisitorApplicationModel
   æµ‹è¯•åç§°: getFullInfo > åº”è¯¥è·å–ç”³è¯·çš„å®Œæ•´ä¿¡æ¯
   é”™è¯¯ç±»å‹: test_failure

254. tests/unit/models/visitor-application.model.test.ts
   æµ‹è¯•å¥—ä»¶: VisitorApplicationModel
   æµ‹è¯•åç§°: batchUpdateStatus > åº”è¯¥æ‰¹é‡æ›´æ–°ç”³è¯·çŠ¶æ€
   é”™è¯¯ä¿¡æ¯: AssertionError: expected false to be true // Object.is equality
   é”™è¯¯ç±»å‹: assertion

ğŸ“„ è¯¦ç»†é”™è¯¯æ‘˜è¦: D:\vulgate\code\kiro\afa100\afa-office-system\logs\backend\2025-10-10-3732-errors-summary.txt
ğŸ“„ å®Œæ•´æµ‹è¯•æ—¥å¿—: D:\vulgate\code\kiro\afa100\afa-office-system\logs\backend\2025-10-10-3732-test-execution.log

======================================================================
ğŸ“Š ä½¿ç”¨è¯´æ˜:
- æ­¤æ–‡ä»¶èšåˆäº†æ‰€æœ‰æ¨¡å—çš„é”™è¯¯ä¿¡æ¯ï¼Œä¾¿äºAIåŠ©æ‰‹å¿«é€Ÿäº†è§£é¡¹ç›®æµ‹è¯•çŠ¶æ€
- æ¯ä¸ªæ¨¡å—çš„è¯¦ç»†é”™è¯¯ä¿¡æ¯è¯·æŸ¥çœ‹å¯¹åº”çš„é”™è¯¯æ‘˜è¦æ–‡ä»¶
- å®Œæ•´çš„æµ‹è¯•è¾“å‡ºè¯·æŸ¥çœ‹å„æ¨¡å—çš„æµ‹è¯•æ‰§è¡Œæ—¥å¿—
======================================================================
