ç§ŸåŠ¡ç®¡ç†ç«¯ æµ‹è¯•å¤±è´¥æ‘˜è¦ (2025/10/10 20:23:36)
============================================================

å¤±è´¥æµ‹è¯•æ•°é‡: 9
æå–åˆ°çš„é”™è¯¯è¯¦æƒ…: 18 ä¸ª

1. tests/unit/components/error-test.test.tsx
   æµ‹è¯•å¥—ä»¶: å‰ç«¯ç§ŸåŠ¡ç®¡ç†ç«¯é”™è¯¯æµ‹è¯•
   æµ‹è¯•åç§°: åº”è¯¥æ•…æ„å¤±è´¥ - ç»„ä»¶æ¸²æŸ“é”™è¯¯
   é”™è¯¯ä¿¡æ¯: Unable to find an element by: [data-testid="non-existent-element"]
   é”™è¯¯ç±»å‹: test_failure

2. tests/unit/components/error-test.test.tsx
   æµ‹è¯•å¥—ä»¶: å‰ç«¯ç§ŸåŠ¡ç®¡ç†ç«¯é”™è¯¯æµ‹è¯•
   æµ‹è¯•åç§°: åº”è¯¥æ•…æ„å¤±è´¥ - æ–‡æœ¬å†…å®¹ä¸åŒ¹é…
   é”™è¯¯ä¿¡æ¯: expect(element).toHaveTextContent() | Received:
   é”™è¯¯ç±»å‹: test_failure

3. tests/unit/components/error-test.test.tsx
   æµ‹è¯•å¥—ä»¶: å‰ç«¯ç§ŸåŠ¡ç®¡ç†ç«¯é”™è¯¯æµ‹è¯•
   æµ‹è¯•åç§°: åº”è¯¥æ•…æ„å¤±è´¥ - å±æ€§éªŒè¯é”™è¯¯
   é”™è¯¯ä¿¡æ¯: expect(element).toHaveAttribute("data-testid", "wrong-test-id") // element.getAttribute("data-testid") === "wrong-test-id" | Received:
   é”™è¯¯ç±»å‹: test_failure

4. tests/unit/components/error-test.test.tsx
   æµ‹è¯•å¥—ä»¶: å‰ç«¯ç§ŸåŠ¡ç®¡ç†ç«¯é”™è¯¯æµ‹è¯•
   æµ‹è¯•åç§°: åº”è¯¥æ•…æ„å¤±è´¥ - çŠ¶æ€ç®¡ç†é”™è¯¯
   é”™è¯¯ä¿¡æ¯: expected null not to be null
   é”™è¯¯ç±»å‹: test_failure

5. tests/unit/components/error-test.test.tsx
   æµ‹è¯•å¥—ä»¶: å‰ç«¯ç§ŸåŠ¡ç®¡ç†ç«¯é”™è¯¯æµ‹è¯•
   æµ‹è¯•åç§°: åº”è¯¥æ•…æ„å¤±è´¥ - APIå“åº”æ ¼å¼é”™è¯¯
   é”™è¯¯ä¿¡æ¯: expected false to be true // Object.is equality
   é”™è¯¯ç±»å‹: test_failure

6. src/pages/Login/Login.test.tsx
   æµ‹è¯•å¥—ä»¶: LoginPage
   æµ‹è¯•åç§°: åº”è¯¥æ¸²æŸ“ç™»å½•è¡¨å•
   é”™è¯¯ä¿¡æ¯: Cannot read properties of undefined (reading '_context')
   é”™è¯¯ç±»å‹: test_failure

7. src/pages/Login/Login.test.tsx
   æµ‹è¯•å¥—ä»¶: LoginPage
   æµ‹è¯•åç§°: åº”è¯¥éªŒè¯å¿…å¡«å­—æ®µ
   é”™è¯¯ä¿¡æ¯: Cannot read properties of undefined (reading '_context')
   é”™è¯¯ç±»å‹: test_failure

8. src/pages/Login/Login.test.tsx
   æµ‹è¯•å¥—ä»¶: LoginPage
   æµ‹è¯•åç§°: åº”è¯¥éªŒè¯é‚®ç®±æ ¼å¼
   é”™è¯¯ä¿¡æ¯: Cannot read properties of undefined (reading '_context')
   é”™è¯¯ç±»å‹: test_failure

9. src/pages/Login/Login.test.tsx
   æµ‹è¯•å¥—ä»¶: LoginPage
   æµ‹è¯•åç§°: åº”è¯¥éªŒè¯å¯†ç é•¿åº¦
   é”™è¯¯ä¿¡æ¯: Error: Playwright Test did not expect test.describe() to be called here.
   é”™è¯¯ç±»å‹: error

10. src/pages/Login/Login.test.tsx
   æµ‹è¯•å¥—ä»¶: LoginPage
   æµ‹è¯•åç§°: åº”è¯¥æ¸²æŸ“ç™»å½•è¡¨å•
   é”™è¯¯ç±»å‹: test_failure

11. src/pages/Login/Login.test.tsx
   æµ‹è¯•å¥—ä»¶: LoginPage
   æµ‹è¯•åç§°: åº”è¯¥éªŒè¯å¿…å¡«å­—æ®µ
   é”™è¯¯ç±»å‹: test_failure

12. src/pages/Login/Login.test.tsx
   æµ‹è¯•å¥—ä»¶: LoginPage
   æµ‹è¯•åç§°: åº”è¯¥éªŒè¯é‚®ç®±æ ¼å¼
   é”™è¯¯ç±»å‹: test_failure

13. src/pages/Login/Login.test.tsx
   æµ‹è¯•å¥—ä»¶: LoginPage
   æµ‹è¯•åç§°: åº”è¯¥éªŒè¯å¯†ç é•¿åº¦
   é”™è¯¯ä¿¡æ¯: TypeError: Cannot read properties of undefined (reading '_context')
   é”™è¯¯ç±»å‹: error

14. tests/unit/components/error-test.test.tsx
   æµ‹è¯•å¥—ä»¶: å‰ç«¯ç§ŸåŠ¡ç®¡ç†ç«¯é”™è¯¯æµ‹è¯•
   æµ‹è¯•åç§°: åº”è¯¥æ•…æ„å¤±è´¥ - ç»„ä»¶æ¸²æŸ“é”™è¯¯
   é”™è¯¯ä¿¡æ¯: TestingLibraryElementError: Unable to find an element by: [data-testid="non-existent-element"]
   é”™è¯¯ç±»å‹: element_not_found

15. tests/unit/components/error-test.test.tsx
   æµ‹è¯•å¥—ä»¶: å‰ç«¯ç§ŸåŠ¡ç®¡ç†ç«¯é”™è¯¯æµ‹è¯•
   æµ‹è¯•åç§°: åº”è¯¥æ•…æ„å¤±è´¥ - æ–‡æœ¬å†…å®¹ä¸åŒ¹é…
   é”™è¯¯ä¿¡æ¯: Error: expect(element).toHaveTextContent() | Received:
   é”™è¯¯ç±»å‹: error

16. tests/unit/components/error-test.test.tsx
   æµ‹è¯•å¥—ä»¶: å‰ç«¯ç§ŸåŠ¡ç®¡ç†ç«¯é”™è¯¯æµ‹è¯•
   æµ‹è¯•åç§°: åº”è¯¥æ•…æ„å¤±è´¥ - å±æ€§éªŒè¯é”™è¯¯
   é”™è¯¯ä¿¡æ¯: Error: expect(element).toHaveAttribute("data-testid", "wrong-test-id") // element.getAttribute("data-testid") === "wrong-test-id" | Received:
   é”™è¯¯ç±»å‹: error

17. tests/unit/components/error-test.test.tsx
   æµ‹è¯•å¥—ä»¶: å‰ç«¯ç§ŸåŠ¡ç®¡ç†ç«¯é”™è¯¯æµ‹è¯•
   æµ‹è¯•åç§°: åº”è¯¥æ•…æ„å¤±è´¥ - çŠ¶æ€ç®¡ç†é”™è¯¯
   é”™è¯¯ä¿¡æ¯: AssertionError: expected null not to be null
   é”™è¯¯ç±»å‹: assertion

18. tests/unit/components/error-test.test.tsx
   æµ‹è¯•å¥—ä»¶: å‰ç«¯ç§ŸåŠ¡ç®¡ç†ç«¯é”™è¯¯æµ‹è¯•
   æµ‹è¯•åç§°: åº”è¯¥æ•…æ„å¤±è´¥ - APIå“åº”æ ¼å¼é”™è¯¯
   é”™è¯¯ä¿¡æ¯: AssertionError: expected false to be true // Object.is equality
   é”™è¯¯ç±»å‹: assertion

------------------------------------------------------------
ğŸ“„ å®Œæ•´æµ‹è¯•æ—¥å¿—: 2025-10-10-33368-test-execution.log
ğŸ“„ è¯¦ç»†é”™è¯¯æ—¥å¿—: 2025-10-10-33368-test-errors.log
============================================================
