å¾®ä¿¡å°ç¨‹åº æµ‹è¯•å¤±è´¥æ‘˜è¦ (2025/10/10 20:30:11)
============================================================

å¤±è´¥æµ‹è¯•æ•°é‡: 17
æå–åˆ°çš„é”™è¯¯è¯¦æƒ…: 34 ä¸ª

1. tests/integration/visitor-flow.test.ts
   æµ‹è¯•å¥—ä»¶: Visitor Flow Integration Tests
   æµ‹è¯•åç§°: Complete Visitor Application Flow > should handle usage limit exceeded
   é”™è¯¯ä¿¡æ¯: expected [Function] to throw error including 'é€šè¡Œç ä½¿ç”¨æ¬¡æ•°å·²è¾¾ä¸Šé™ï¼Œæ— æ³•åˆ·æ–°' but got 'HTTP 400: [object Object]'
   é”™è¯¯ç±»å‹: test_failure

2. tests/integration/visitor-flow.test.ts
   æµ‹è¯•å¥—ä»¶: Visitor Flow Integration Tests
   æµ‹è¯•åç§°: Error Handling > should handle invalid application data
   é”™è¯¯ä¿¡æ¯: expected [Function] to throw error including 'ç”³è¯·æ•°æ®æ— æ•ˆ' but got 'HTTP 400: [object Object]'
   é”™è¯¯ç±»å‹: test_failure

3. tests/integration/visitor-flow.test.ts
   æµ‹è¯•å¥—ä»¶: Visitor Flow Integration Tests
   æµ‹è¯•åç§°: Data Validation > should validate scheduled time format
   é”™è¯¯ä¿¡æ¯: expected '2024-01-01T10:00:00.000Z' to be '2024-01-01T10:00:00Z' // Object.is equality
   é”™è¯¯ç±»å‹: test_failure

4. tests/unit/services/visitor.test.ts
   æµ‹è¯•å¥—ä»¶: VisitorService
   æµ‹è¯•åç§°: submitApplication > should validate required fields
   é”™è¯¯ä¿¡æ¯: expected [Function] to throw error including 'è®¿å®¢å§“åä¸èƒ½ä¸ºç©º' but got 'HTTP 400: [object Object]'
   é”™è¯¯ç±»å‹: test_failure

5. tests/unit/services/visitor.test.ts
   æµ‹è¯•å¥—ä»¶: VisitorService
   æµ‹è¯•åç§°: refreshPasscode > should handle refresh failure
   é”™è¯¯ä¿¡æ¯: expected [Function] to throw error including 'é€šè¡Œç åˆ·æ–°å¤±è´¥' but got 'HTTP 400: [object Object]'
   é”™è¯¯ç±»å‹: test_failure

6. tests/unit/services/employee.test.ts
   æµ‹è¯•å¥—ä»¶: EmployeeService
   æµ‹è¯•åç§°: submitApplication > should handle duplicate application
   é”™è¯¯ä¿¡æ¯: expected [Function] to throw error including 'æ‚¨å·²æäº¤è¿‡ç”³è¯·ï¼Œè¯·å‹¿é‡å¤æäº¤' but got 'HTTP 400: [object Object]'
   é”™è¯¯ç±»å‹: test_failure

7. tests/unit/services/employee.test.ts
   æµ‹è¯•å¥—ä»¶: EmployeeService
   æµ‹è¯•åç§°: approveVisitorApplication > should handle approval failure
   é”™è¯¯ä¿¡æ¯: expected [Function] to throw error including 'å®¡æ‰¹æ“ä½œå¤±è´¥' but got 'HTTP 400: [object Object]'
   é”™è¯¯ç±»å‹: test_failure

8. tests/e2e/complete-visitor-flow.test.ts
   æµ‹è¯•å¥—ä»¶: è®¿å®¢é¢„çº¦å®Œæ•´æµç¨‹ç«¯åˆ°ç«¯æµ‹è¯•
   æµ‹è¯•åç§°: æ•°æ®éªŒè¯æµ‹è¯• > åº”è¯¥éªŒè¯è®¿å®¢ç”³è¯·æ•°æ®æ ¼å¼
   é”™è¯¯ä¿¡æ¯: expected '2024-01-01T10:00:00.000Z' to be '2024-01-01T10:00:00Z' // Object.is equality
   é”™è¯¯ç±»å‹: test_failure

9. tests/e2e/complete-visitor-flow.test.ts
   æµ‹è¯•å¥—ä»¶: è®¿å®¢é¢„çº¦å®Œæ•´æµç¨‹ç«¯åˆ°ç«¯æµ‹è¯•
   æµ‹è¯•åç§°: æ•°æ®éªŒè¯æµ‹è¯• > åº”è¯¥éªŒè¯ç”³è¯·æ•°æ®å®Œæ•´æ€§
   é”™è¯¯ä¿¡æ¯: expected false to be true // Object.is equality
   é”™è¯¯ç±»å‹: test_failure

10. tests/e2e/complete-visitor-flow.test.ts
   æµ‹è¯•å¥—ä»¶: è®¿å®¢é¢„çº¦å®Œæ•´æµç¨‹ç«¯åˆ°ç«¯æµ‹è¯•
   æµ‹è¯•åç§°: é€šè¡Œç å±•ç¤ºå®æ—¶æ€§æµ‹è¯• > åº”è¯¥å®æ—¶æ›´æ–°é€šè¡Œç çŠ¶æ€
   é”™è¯¯ä¿¡æ¯: expected 'active' to be 'expired' // Object.is equality
   é”™è¯¯ç±»å‹: test_failure

11. tests/integration/employee-flow.test.ts
   æµ‹è¯•å¥—ä»¶: Employee Flow Integration Tests
   æµ‹è¯•åç§°: Passcode Management > should handle passcode refresh failure
   é”™è¯¯ä¿¡æ¯: expected [Function] to throw error including 'æœåŠ¡å™¨é”™è¯¯ï¼Œæ— æ³•åˆ·æ–°é€šè¡Œç ' but got 'HTTP 500: [object Object]'
   é”™è¯¯ç±»å‹: test_failure

12. tests/integration/employee-flow.test.ts
   æµ‹è¯•å¥—ä»¶: Employee Flow Integration Tests
   æµ‹è¯•åç§°: Data Validation > should validate ID card format
   é”™è¯¯ä¿¡æ¯: expected true to be false // Object.is equality
   é”™è¯¯ç±»å‹: test_failure

13. tests/e2e/passcode-accuracy.test.ts
   æµ‹è¯•å¥—ä»¶: é€šè¡Œç å±•ç¤ºå‡†ç¡®æ€§æµ‹è¯•
   æµ‹è¯•åç§°: äºŒç»´ç ç”Ÿæˆå‡†ç¡®æ€§ > åº”è¯¥æ ¹æ®é€šè¡Œç å†…å®¹ç”Ÿæˆæ­£ç¡®çš„äºŒç»´ç 
   é”™è¯¯ä¿¡æ¯: expected "spy" to be called with arguments: [ +0, +0, 200, 200 ] | Received:
   é”™è¯¯ç±»å‹: test_failure

14. tests/e2e/passcode-accuracy.test.ts
   æµ‹è¯•å¥—ä»¶: é€šè¡Œç å±•ç¤ºå‡†ç¡®æ€§æµ‹è¯•
   æµ‹è¯•åç§°: äºŒç»´ç ç”Ÿæˆå‡†ç¡®æ€§ > åº”è¯¥æ ¹æ®å±å¹•å°ºå¯¸è‡ªé€‚åº”äºŒç»´ç å¤§å°
   é”™è¯¯ä¿¡æ¯: expected 177 to be 200 // Object.is equality
   é”™è¯¯ç±»å‹: test_failure

15. tests/e2e/passcode-accuracy.test.ts
   æµ‹è¯•å¥—ä»¶: é€šè¡Œç å±•ç¤ºå‡†ç¡®æ€§æµ‹è¯•
   æµ‹è¯•åç§°: é€šè¡Œç çŠ¶æ€å®æ—¶æ›´æ–° > åº”è¯¥å‡†ç¡®æ˜¾ç¤ºé€šè¡Œç çš„å®æ—¶çŠ¶æ€
   é”™è¯¯ä¿¡æ¯: expected 'å·²è¿‡æœŸ' to be 'å‰©ä½™ 3 æ¬¡ä½¿ç”¨' // Object.is equality
   é”™è¯¯ç±»å‹: test_failure

16. tests/e2e/passcode-accuracy.test.ts
   æµ‹è¯•å¥—ä»¶: é€šè¡Œç å±•ç¤ºå‡†ç¡®æ€§æµ‹è¯•
   æµ‹è¯•åç§°: é€šè¡Œç çŠ¶æ€å®æ—¶æ›´æ–° > åº”è¯¥å‡†ç¡®æ˜¾ç¤ºé€šè¡Œç çš„è¿‡æœŸçŠ¶æ€
   é”™è¯¯ä¿¡æ¯: expected true to be false // Object.is equality
   é”™è¯¯ç±»å‹: test_failure

17. tests/e2e/passcode-accuracy.test.ts
   æµ‹è¯•å¥—ä»¶: é€šè¡Œç å±•ç¤ºå‡†ç¡®æ€§æµ‹è¯•
   æµ‹è¯•åç§°: å‘˜å·¥é€šè¡Œç è‡ªåŠ¨åˆ·æ–°å‡†ç¡®æ€§ > åº”è¯¥æŒ‰ç…§è®¾å®šé¢‘ç‡å‡†ç¡®åˆ·æ–°å‘˜å·¥é€šè¡Œç 
   é”™è¯¯ä¿¡æ¯: Aborting after running 10000 timers, assuming an infinite loop!
   é”™è¯¯ç±»å‹: test_failure

18. tests/e2e/complete-visitor-flow.test.ts
   æµ‹è¯•å¥—ä»¶: è®¿å®¢é¢„çº¦å®Œæ•´æµç¨‹ç«¯åˆ°ç«¯æµ‹è¯•
   æµ‹è¯•åç§°: æ•°æ®éªŒè¯æµ‹è¯• > åº”è¯¥éªŒè¯è®¿å®¢ç”³è¯·æ•°æ®æ ¼å¼
   é”™è¯¯ä¿¡æ¯: AssertionError: expected '2024-01-01T10:00:00.000Z' to be '2024-01-01T10:00:00Z' // Object.is equality
   é”™è¯¯ç±»å‹: assertion

19. tests/e2e/complete-visitor-flow.test.ts
   æµ‹è¯•å¥—ä»¶: è®¿å®¢é¢„çº¦å®Œæ•´æµç¨‹ç«¯åˆ°ç«¯æµ‹è¯•
   æµ‹è¯•åç§°: æ•°æ®éªŒè¯æµ‹è¯• > åº”è¯¥éªŒè¯ç”³è¯·æ•°æ®å®Œæ•´æ€§
   é”™è¯¯ä¿¡æ¯: AssertionError: expected false to be true // Object.is equality
   é”™è¯¯ç±»å‹: assertion

20. tests/e2e/complete-visitor-flow.test.ts
   æµ‹è¯•å¥—ä»¶: è®¿å®¢é¢„çº¦å®Œæ•´æµç¨‹ç«¯åˆ°ç«¯æµ‹è¯•
   æµ‹è¯•åç§°: é€šè¡Œç å±•ç¤ºå®æ—¶æ€§æµ‹è¯• > åº”è¯¥å®æ—¶æ›´æ–°é€šè¡Œç çŠ¶æ€
   é”™è¯¯ä¿¡æ¯: AssertionError: expected 'active' to be 'expired' // Object.is equality
   é”™è¯¯ç±»å‹: assertion

21. tests/e2e/passcode-accuracy.test.ts
   æµ‹è¯•å¥—ä»¶: é€šè¡Œç å±•ç¤ºå‡†ç¡®æ€§æµ‹è¯•
   æµ‹è¯•åç§°: äºŒç»´ç ç”Ÿæˆå‡†ç¡®æ€§ > åº”è¯¥æ ¹æ®é€šè¡Œç å†…å®¹ç”Ÿæˆæ­£ç¡®çš„äºŒç»´ç 
   é”™è¯¯ä¿¡æ¯: AssertionError: expected "spy" to be called with arguments: [ +0, +0, 200, 200 ] | Received:
   é”™è¯¯ç±»å‹: assertion

22. tests/e2e/passcode-accuracy.test.ts
   æµ‹è¯•å¥—ä»¶: é€šè¡Œç å±•ç¤ºå‡†ç¡®æ€§æµ‹è¯•
   æµ‹è¯•åç§°: äºŒç»´ç ç”Ÿæˆå‡†ç¡®æ€§ > åº”è¯¥æ ¹æ®å±å¹•å°ºå¯¸è‡ªé€‚åº”äºŒç»´ç å¤§å°
   é”™è¯¯ä¿¡æ¯: AssertionError: expected 177 to be 200 // Object.is equality
   é”™è¯¯ç±»å‹: assertion

23. tests/e2e/passcode-accuracy.test.ts
   æµ‹è¯•å¥—ä»¶: é€šè¡Œç å±•ç¤ºå‡†ç¡®æ€§æµ‹è¯•
   æµ‹è¯•åç§°: é€šè¡Œç çŠ¶æ€å®æ—¶æ›´æ–° > åº”è¯¥å‡†ç¡®æ˜¾ç¤ºé€šè¡Œç çš„å®æ—¶çŠ¶æ€
   é”™è¯¯ä¿¡æ¯: AssertionError: expected 'å·²è¿‡æœŸ' to be 'å‰©ä½™ 3 æ¬¡ä½¿ç”¨' // Object.is equality
   é”™è¯¯ç±»å‹: assertion

24. tests/e2e/passcode-accuracy.test.ts
   æµ‹è¯•å¥—ä»¶: é€šè¡Œç å±•ç¤ºå‡†ç¡®æ€§æµ‹è¯•
   æµ‹è¯•åç§°: é€šè¡Œç çŠ¶æ€å®æ—¶æ›´æ–° > åº”è¯¥å‡†ç¡®æ˜¾ç¤ºé€šè¡Œç çš„è¿‡æœŸçŠ¶æ€
   é”™è¯¯ä¿¡æ¯: AssertionError: expected true to be false // Object.is equality
   é”™è¯¯ç±»å‹: assertion

25. tests/e2e/passcode-accuracy.test.ts
   æµ‹è¯•å¥—ä»¶: é€šè¡Œç å±•ç¤ºå‡†ç¡®æ€§æµ‹è¯•
   æµ‹è¯•åç§°: å‘˜å·¥é€šè¡Œç è‡ªåŠ¨åˆ·æ–°å‡†ç¡®æ€§ > åº”è¯¥æŒ‰ç…§è®¾å®šé¢‘ç‡å‡†ç¡®åˆ·æ–°å‘˜å·¥é€šè¡Œç 
   é”™è¯¯ä¿¡æ¯: Error: Aborting after running 10000 timers, assuming an infinite loop!
   é”™è¯¯ç±»å‹: error

26. tests/integration/employee-flow.test.ts
   æµ‹è¯•å¥—ä»¶: Employee Flow Integration Tests
   æµ‹è¯•åç§°: Passcode Management > should handle passcode refresh failure
   é”™è¯¯ä¿¡æ¯: AssertionError: expected [Function] to throw error including 'æœåŠ¡å™¨é”™è¯¯ï¼Œæ— æ³•åˆ·æ–°é€šè¡Œç ' but got 'HTTP 500: [object Object]'
   é”™è¯¯ç±»å‹: assertion

27. tests/integration/employee-flow.test.ts
   æµ‹è¯•å¥—ä»¶: Employee Flow Integration Tests
   æµ‹è¯•åç§°: Data Validation > should validate ID card format
   é”™è¯¯ä¿¡æ¯: AssertionError: expected true to be false // Object.is equality
   é”™è¯¯ç±»å‹: assertion

28. tests/integration/visitor-flow.test.ts
   æµ‹è¯•å¥—ä»¶: Visitor Flow Integration Tests
   æµ‹è¯•åç§°: Complete Visitor Application Flow > should handle usage limit exceeded
   é”™è¯¯ä¿¡æ¯: AssertionError: expected [Function] to throw error including 'é€šè¡Œç ä½¿ç”¨æ¬¡æ•°å·²è¾¾ä¸Šé™ï¼Œæ— æ³•åˆ·æ–°' but got 'HTTP 400: [object Object]'
   é”™è¯¯ç±»å‹: assertion

29. tests/integration/visitor-flow.test.ts
   æµ‹è¯•å¥—ä»¶: Visitor Flow Integration Tests
   æµ‹è¯•åç§°: Error Handling > should handle invalid application data
   é”™è¯¯ä¿¡æ¯: AssertionError: expected [Function] to throw error including 'ç”³è¯·æ•°æ®æ— æ•ˆ' but got 'HTTP 400: [object Object]'
   é”™è¯¯ç±»å‹: assertion

30. tests/integration/visitor-flow.test.ts
   æµ‹è¯•å¥—ä»¶: Visitor Flow Integration Tests
   æµ‹è¯•åç§°: Data Validation > should validate scheduled time format
   é”™è¯¯ä¿¡æ¯: AssertionError: expected '2024-01-01T10:00:00.000Z' to be '2024-01-01T10:00:00Z' // Object.is equality
   é”™è¯¯ç±»å‹: assertion

31. tests/unit/services/employee.test.ts
   æµ‹è¯•å¥—ä»¶: EmployeeService
   æµ‹è¯•åç§°: submitApplication > should handle duplicate application
   é”™è¯¯ä¿¡æ¯: AssertionError: expected [Function] to throw error including 'æ‚¨å·²æäº¤è¿‡ç”³è¯·ï¼Œè¯·å‹¿é‡å¤æäº¤' but got 'HTTP 400: [object Object]'
   é”™è¯¯ç±»å‹: assertion

32. tests/unit/services/employee.test.ts
   æµ‹è¯•å¥—ä»¶: EmployeeService
   æµ‹è¯•åç§°: approveVisitorApplication > should handle approval failure
   é”™è¯¯ä¿¡æ¯: AssertionError: expected [Function] to throw error including 'å®¡æ‰¹æ“ä½œå¤±è´¥' but got 'HTTP 400: [object Object]'
   é”™è¯¯ç±»å‹: assertion

33. tests/unit/services/visitor.test.ts
   æµ‹è¯•å¥—ä»¶: VisitorService
   æµ‹è¯•åç§°: submitApplication > should validate required fields
   é”™è¯¯ä¿¡æ¯: AssertionError: expected [Function] to throw error including 'è®¿å®¢å§“åä¸èƒ½ä¸ºç©º' but got 'HTTP 400: [object Object]'
   é”™è¯¯ç±»å‹: assertion

34. tests/unit/services/visitor.test.ts
   æµ‹è¯•å¥—ä»¶: VisitorService
   æµ‹è¯•åç§°: refreshPasscode > should handle refresh failure
   é”™è¯¯ä¿¡æ¯: AssertionError: expected [Function] to throw error including 'é€šè¡Œç åˆ·æ–°å¤±è´¥' but got 'HTTP 400: [object Object]'
   é”™è¯¯ç±»å‹: assertion

------------------------------------------------------------
ğŸ“„ å®Œæ•´æµ‹è¯•æ—¥å¿—: 2025-10-10-21608-test-execution.log
ğŸ“„ è¯¦ç»†é”™è¯¯æ—¥å¿—: 2025-10-10-21608-test-errors.log
============================================================
