å¾®ä¿¡å°ç¨‹åº æµ‹è¯•å¤±è´¥æ‘˜è¦ (2025/10/15 09:46:38)
============================================================

å¤±è´¥æµ‹è¯•æ•°é‡: 64
æå–åˆ°çš„é”™è¯¯è¯¦æƒ…: 128 ä¸ª

1. tests/unit/services/notification.test.ts
   æµ‹è¯•å¥—ä»¶: é€šçŸ¥æœåŠ¡æµ‹è¯•
   æµ‹è¯•åç§°: é€šçŸ¥æ•°æ®éªŒè¯ > åº”è¯¥å¤„ç†ç‰¹æ®Šå­—ç¬¦å’Œé•¿æ–‡æœ¬
   é”™è¯¯ä¿¡æ¯: expected 105 to be less than or equal to 104
   é”™è¯¯ç±»å‹: test_failure

2. tests/unit/components/status-badge.test.ts
   æµ‹è¯•å¥—ä»¶: çŠ¶æ€å¾½ç« ç»„ä»¶æµ‹è¯•
   æµ‹è¯•åç§°: ç»„ä»¶ç”Ÿå‘½å‘¨æœŸ > åº”è¯¥åœ¨attachedæ—¶åˆå§‹åŒ–çŠ¶æ€é…ç½®
   é”™è¯¯ä¿¡æ¯: expected "spy" to be called with arguments: [ { displayText: 'å·²é€šè¿‡', â€¦(1) } ] | Received:
   é”™è¯¯ç±»å‹: test_failure

3. tests/unit/components/status-badge.test.ts
   æµ‹è¯•å¥—ä»¶: çŠ¶æ€å¾½ç« ç»„ä»¶æµ‹è¯•
   æµ‹è¯•åç§°: ç»„ä»¶ç”Ÿå‘½å‘¨æœŸ > åº”è¯¥åœ¨readyæ—¶æ£€æŸ¥å±æ€§æœ‰æ•ˆæ€§
   é”™è¯¯ä¿¡æ¯: expected "spy" to be called with arguments: [ 'æœªçŸ¥çš„çŠ¶æ€ç±»å‹: invalid_status' ] | Received:
   é”™è¯¯ç±»å‹: test_failure

4. tests/unit/components/status-badge.test.ts
   æµ‹è¯•å¥—ä»¶: çŠ¶æ€å¾½ç« ç»„ä»¶æµ‹è¯•
   æµ‹è¯•åç§°: å±æ€§å˜åŒ–ç›‘å¬ > åº”è¯¥ç›‘å¬statuså±æ€§å˜åŒ–å¹¶æ›´æ–°æ˜¾ç¤º
   é”™è¯¯ä¿¡æ¯: expected "spy" to be called with arguments: [ { displayText: 'å·²é€šè¿‡', â€¦(1) } ] | Received:
   é”™è¯¯ç±»å‹: test_failure

5. tests/unit/components/status-badge.test.ts
   æµ‹è¯•å¥—ä»¶: çŠ¶æ€å¾½ç« ç»„ä»¶æµ‹è¯•
   æµ‹è¯•åç§°: å±æ€§å˜åŒ–ç›‘å¬ > åº”è¯¥ç›‘å¬textå±æ€§å˜åŒ–å¹¶æ›´æ–°æ˜¾ç¤ºæ–‡æœ¬
   é”™è¯¯ä¿¡æ¯: expected "spy" to be called with arguments: [ { displayText: 'è‡ªå®šä¹‰æ–‡æœ¬', â€¦(1) } ] | Received:
   é”™è¯¯ç±»å‹: test_failure

6. tests/unit/components/status-badge.test.ts
   æµ‹è¯•å¥—ä»¶: çŠ¶æ€å¾½ç« ç»„ä»¶æµ‹è¯•
   æµ‹è¯•åç§°: æ ·å¼è®¡ç®— > åº”è¯¥æ ¹æ®typeå±æ€§è®¡ç®—æ ·å¼ç±»
   é”™è¯¯ä¿¡æ¯: expected "spy" to be called with arguments: [ Array(1) ] | Received:
   é”™è¯¯ç±»å‹: test_failure

7. tests/unit/components/status-badge.test.ts
   æµ‹è¯•å¥—ä»¶: çŠ¶æ€å¾½ç« ç»„ä»¶æµ‹è¯•
   æµ‹è¯•åç§°: æ ·å¼è®¡ç®— > åº”è¯¥æ”¯æŒåœ†è§’æ ·å¼
   é”™è¯¯ä¿¡æ¯: expected "spy" to be called with arguments: [ Array(1) ] | Received:
   é”™è¯¯ç±»å‹: test_failure

8. tests/unit/components/status-badge.test.ts
   æµ‹è¯•å¥—ä»¶: çŠ¶æ€å¾½ç« ç»„ä»¶æµ‹è¯•
   æµ‹è¯•åç§°: äº‹ä»¶å¤„ç† > åº”è¯¥å¤„ç†ç‚¹å‡»äº‹ä»¶
   é”™è¯¯ä¿¡æ¯: expected "spy" to be called with arguments: [ 'tap', { status: 'pending', â€¦(1) } ] | Received:
   é”™è¯¯ç±»å‹: test_failure

9. tests/unit/components/status-badge.test.ts
   æµ‹è¯•å¥—ä»¶: çŠ¶æ€å¾½ç« ç»„ä»¶æµ‹è¯•
   æµ‹è¯•åç§°: çŠ¶æ€é…ç½® > åº”è¯¥æ­£ç¡®å¤„ç†æ‰€æœ‰é¢„å®šä¹‰çŠ¶æ€
   é”™è¯¯ä¿¡æ¯: Cannot read properties of undefined (reading 'statusConfig')
   é”™è¯¯ç±»å‹: test_failure

10. tests/unit/components/status-badge.test.ts
   æµ‹è¯•å¥—ä»¶: çŠ¶æ€å¾½ç« ç»„ä»¶æµ‹è¯•
   æµ‹è¯•åç§°: çŠ¶æ€é…ç½® > åº”è¯¥æ”¯æŒè‡ªå®šä¹‰çŠ¶æ€é…ç½®
   é”™è¯¯ä¿¡æ¯: expected "spy" to be called with arguments: [ { statusConfig: { â€¦(2) } } ] | Received:
   é”™è¯¯ç±»å‹: test_failure

11. tests/unit/components/status-badge.test.ts
   æµ‹è¯•å¥—ä»¶: çŠ¶æ€å¾½ç« ç»„ä»¶æµ‹è¯•
   æµ‹è¯•åç§°: æ•°æ®ç»‘å®š > åº”è¯¥æ­£ç¡®ç»‘å®šæ˜¾ç¤ºæ–‡æœ¬
   é”™è¯¯ä¿¡æ¯: expected "spy" to be called with arguments: [ { displayText: 'å·²é€šè¿‡' } ] | Received:
   é”™è¯¯ç±»å‹: test_failure

12. tests/unit/components/status-badge.test.ts
   æµ‹è¯•å¥—ä»¶: çŠ¶æ€å¾½ç« ç»„ä»¶æµ‹è¯•
   æµ‹è¯•åç§°: æ•°æ®ç»‘å®š > åº”è¯¥ä¼˜å…ˆä½¿ç”¨è‡ªå®šä¹‰æ–‡æœ¬
   é”™è¯¯ä¿¡æ¯: expected "spy" to be called with arguments: [ { displayText: 'å®¡æ ¸é€šè¿‡' } ] | Received:
   é”™è¯¯ç±»å‹: test_failure

13. tests/unit/components/status-badge.test.ts
   æµ‹è¯•å¥—ä»¶: çŠ¶æ€å¾½ç« ç»„ä»¶æµ‹è¯•
   æµ‹è¯•åç§°: æ•°æ®ç»‘å®š > åº”è¯¥åœ¨æ²¡æœ‰é…ç½®æ—¶ä½¿ç”¨çŠ¶æ€å€¼ä½œä¸ºæ˜¾ç¤ºæ–‡æœ¬
   é”™è¯¯ä¿¡æ¯: expected "spy" to be called with arguments: [ { displayText: 'unknown_status' } ] | Received:
   é”™è¯¯ç±»å‹: test_failure

14. tests/unit/components/status-badge.test.ts
   æµ‹è¯•å¥—ä»¶: çŠ¶æ€å¾½ç« ç»„ä»¶æµ‹è¯•
   æµ‹è¯•åç§°: æ¡ä»¶æ¸²æŸ“ > åº”è¯¥æ ¹æ®çŠ¶æ€æ§åˆ¶æ˜¾ç¤ºéšè—
   é”™è¯¯ä¿¡æ¯: this.properties.status.trim is not a function
   é”™è¯¯ç±»å‹: test_failure

15. tests/unit/components/status-badge.test.ts
   æµ‹è¯•å¥—ä»¶: çŠ¶æ€å¾½ç« ç»„ä»¶æµ‹è¯•
   æµ‹è¯•åç§°: æ¡ä»¶æ¸²æŸ“ > åº”è¯¥åœ¨çŠ¶æ€ä¸ºç©ºæ—¶éšè—ç»„ä»¶
   é”™è¯¯ä¿¡æ¯: this.properties.status.trim is not a function
   é”™è¯¯ç±»å‹: test_failure

16. tests/unit/components/form-field.test.ts
   æµ‹è¯•å¥—ä»¶: è¡¨å•å­—æ®µç»„ä»¶æµ‹è¯•
   æµ‹è¯•åç§°: ç»„ä»¶ç”Ÿå‘½å‘¨æœŸ > åº”è¯¥åœ¨attachedæ—¶åˆå§‹åŒ–å†…éƒ¨å€¼
   é”™è¯¯ä¿¡æ¯: expected "spy" to be called with arguments: [ { internalValue: 'åˆå§‹å€¼' } ] | Received:
   é”™è¯¯ç±»å‹: test_failure

17. tests/unit/components/form-field.test.ts
   æµ‹è¯•å¥—ä»¶: è¡¨å•å­—æ®µç»„ä»¶æµ‹è¯•
   æµ‹è¯•åç§°: ç»„ä»¶ç”Ÿå‘½å‘¨æœŸ > åº”è¯¥åœ¨readyæ—¶è¿›è¡Œåˆå§‹éªŒè¯
   é”™è¯¯ä¿¡æ¯: this.properties.value.trim is not a function
   é”™è¯¯ç±»å‹: test_failure

18. tests/unit/components/form-field.test.ts
   æµ‹è¯•å¥—ä»¶: è¡¨å•å­—æ®µç»„ä»¶æµ‹è¯•
   æµ‹è¯•åç§°: è¾“å…¥äº‹ä»¶å¤„ç† > åº”è¯¥å¤„ç†è¾“å…¥äº‹ä»¶å¹¶æ›´æ–°å€¼
   é”™è¯¯ä¿¡æ¯: this.setData is not a function
   é”™è¯¯ç±»å‹: test_failure

19. tests/unit/components/form-field.test.ts
   æµ‹è¯•å¥—ä»¶: è¡¨å•å­—æ®µç»„ä»¶æµ‹è¯•
   æµ‹è¯•åç§°: è¾“å…¥äº‹ä»¶å¤„ç† > åº”è¯¥å¤„ç†ç„¦ç‚¹äº‹ä»¶
   é”™è¯¯ä¿¡æ¯: this.setData is not a function
   é”™è¯¯ç±»å‹: test_failure

20. tests/unit/components/form-field.test.ts
   æµ‹è¯•å¥—ä»¶: è¡¨å•å­—æ®µç»„ä»¶æµ‹è¯•
   æµ‹è¯•åç§°: è¡¨å•éªŒè¯ > åº”è¯¥éªŒè¯å¿…å¡«å­—æ®µ
   é”™è¯¯ä¿¡æ¯: Cannot read properties of undefined (reading 'required')
   é”™è¯¯ç±»å‹: test_failure

21. tests/unit/components/form-field.test.ts
   æµ‹è¯•å¥—ä»¶: è¡¨å•å­—æ®µç»„ä»¶æµ‹è¯•
   æµ‹è¯•åç§°: è¡¨å•éªŒè¯ > åº”è¯¥éªŒè¯å­—æ®µé•¿åº¦
   é”™è¯¯ä¿¡æ¯: Cannot read properties of undefined (reading 'value')
   é”™è¯¯ç±»å‹: test_failure

22. tests/unit/components/form-field.test.ts
   æµ‹è¯•å¥—ä»¶: è¡¨å•å­—æ®µç»„ä»¶æµ‹è¯•
   æµ‹è¯•åç§°: è¡¨å•éªŒè¯ > åº”è¯¥éªŒè¯æ­£åˆ™è¡¨è¾¾å¼
   é”™è¯¯ä¿¡æ¯: Cannot read properties of undefined (reading 'value')
   é”™è¯¯ç±»å‹: test_failure

23. tests/unit/components/form-field.test.ts
   æµ‹è¯•å¥—ä»¶: è¡¨å•å­—æ®µç»„ä»¶æµ‹è¯•
   æµ‹è¯•åç§°: è¡¨å•éªŒè¯ > åº”è¯¥æ”¯æŒè‡ªå®šä¹‰éªŒè¯å‡½æ•°
   é”™è¯¯ä¿¡æ¯: Cannot read properties of undefined (reading 'value')
   é”™è¯¯ç±»å‹: test_failure

24. tests/unit/components/form-field.test.ts
   æµ‹è¯•å¥—ä»¶: è¡¨å•å­—æ®µç»„ä»¶æµ‹è¯•
   æµ‹è¯•åç§°: è¡¨å•éªŒè¯ > åº”è¯¥é€šè¿‡æ‰€æœ‰éªŒè¯è§„åˆ™
   é”™è¯¯ä¿¡æ¯: Cannot read properties of undefined (reading 'value')
   é”™è¯¯ç±»å‹: test_failure

25. tests/unit/components/form-field.test.ts
   æµ‹è¯•å¥—ä»¶: è¡¨å•å­—æ®µç»„ä»¶æµ‹è¯•
   æµ‹è¯•åç§°: æ ·å¼è®¡ç®— > åº”è¯¥æ ¹æ®çŠ¶æ€è®¡ç®—è¾“å…¥æ¡†æ ·å¼
   é”™è¯¯ä¿¡æ¯: Cannot read properties of undefined (reading 'focused')
   é”™è¯¯ç±»å‹: test_failure

26. tests/unit/components/form-field.test.ts
   æµ‹è¯•å¥—ä»¶: è¡¨å•å­—æ®µç»„ä»¶æµ‹è¯•
   æµ‹è¯•åç§°: æ ·å¼è®¡ç®— > åº”è¯¥è®¡ç®—æ ‡ç­¾æ ·å¼
   é”™è¯¯ä¿¡æ¯: Cannot read properties of undefined (reading 'required')
   é”™è¯¯ç±»å‹: test_failure

27. tests/unit/components/form-field.test.ts
   æµ‹è¯•å¥—ä»¶: è¡¨å•å­—æ®µç»„ä»¶æµ‹è¯•
   æµ‹è¯•åç§°: å·¥å…·æ–¹æ³• > åº”è¯¥æ¸…é™¤é”™è¯¯çŠ¶æ€
   é”™è¯¯ä¿¡æ¯: this.setData is not a function
   é”™è¯¯ç±»å‹: test_failure

28. tests/unit/components/form-field.test.ts
   æµ‹è¯•å¥—ä»¶: è¡¨å•å­—æ®µç»„ä»¶æµ‹è¯•
   æµ‹è¯•åç§°: å·¥å…·æ–¹æ³• > åº”è¯¥é‡ç½®å­—æ®µå€¼
   é”™è¯¯ä¿¡æ¯: this.setData is not a function
   é”™è¯¯ç±»å‹: test_failure

29. tests/unit/components/form-field.test.ts
   æµ‹è¯•å¥—ä»¶: è¡¨å•å­—æ®µç»„ä»¶æµ‹è¯•
   æµ‹è¯•åç§°: å·¥å…·æ–¹æ³• > åº”è¯¥è·å–å­—æ®µå€¼
   é”™è¯¯ä¿¡æ¯: Cannot read properties of undefined (reading 'internalValue')
   é”™è¯¯ç±»å‹: test_failure

30. tests/unit/components/form-field.test.ts
   æµ‹è¯•å¥—ä»¶: è¡¨å•å­—æ®µç»„ä»¶æµ‹è¯•
   æµ‹è¯•åç§°: å·¥å…·æ–¹æ³• > åº”è¯¥è®¾ç½®å­—æ®µå€¼
   é”™è¯¯ä¿¡æ¯: this.setData is not a function
   é”™è¯¯ç±»å‹: test_failure

31. tests/unit/components/form-field.test.ts
   æµ‹è¯•å¥—ä»¶: è¡¨å•å­—æ®µç»„ä»¶æµ‹è¯•
   æµ‹è¯•åç§°: ä¸åŒå­—æ®µç±»å‹ > åº”è¯¥å¤„ç†æ–‡æœ¬åŸŸç±»å‹
   é”™è¯¯ä¿¡æ¯: Cannot read properties of undefined (reading 'internalValue')
   é”™è¯¯ç±»å‹: test_failure

32. tests/unit/components/form-field.test.ts
   æµ‹è¯•å¥—ä»¶: è¡¨å•å­—æ®µç»„ä»¶æµ‹è¯•
   æµ‹è¯•åç§°: ä¸åŒå­—æ®µç±»å‹ > åº”è¯¥å¤„ç†æ•°å­—ç±»å‹
   é”™è¯¯ä¿¡æ¯: Cannot read properties of undefined (reading 'type')
   é”™è¯¯ç±»å‹: test_failure

33. tests/unit/utils/storage.test.ts
   æµ‹è¯•å¥—ä»¶: æœ¬åœ°å­˜å‚¨å·¥å…·å‡½æ•°æµ‹è¯•
   æµ‹è¯•åç§°: getBatch æ–¹æ³• > åº”è¯¥å¤„ç†è·å–å¼‚å¸¸
   é”™è¯¯ä¿¡æ¯: +   [Error: è·å–å¤±è´¥],
   é”™è¯¯ç±»å‹: error

34. tests/unit/utils/storage.test.ts
   æµ‹è¯•å¥—ä»¶: æœ¬åœ°å­˜å‚¨å·¥å…·å‡½æ•°æµ‹è¯•
   æµ‹è¯•åç§°: getUsageRate æ–¹æ³• > åº”è¯¥å¤„ç†è·å–ä¿¡æ¯å¤±è´¥
   é”™è¯¯ä¿¡æ¯: +   [Error: è·å–ä¿¡æ¯å¤±è´¥],
   é”™è¯¯ç±»å‹: error

35. tests/e2e/complete-visitor-flow.test.ts
   æµ‹è¯•å¥—ä»¶: è®¿å®¢é¢„çº¦å®Œæ•´æµç¨‹ç«¯åˆ°ç«¯æµ‹è¯•
   æµ‹è¯•åç§°: æ•°æ®éªŒè¯æµ‹è¯• > åº”è¯¥éªŒè¯è®¿å®¢ç”³è¯·æ•°æ®æ ¼å¼
   é”™è¯¯ä¿¡æ¯: expected '2024-01-01T10:00:00.000Z' to be '2024-01-01T10:00:00Z' // Object.is equality
   é”™è¯¯ç±»å‹: test_failure

36. tests/e2e/complete-visitor-flow.test.ts
   æµ‹è¯•å¥—ä»¶: è®¿å®¢é¢„çº¦å®Œæ•´æµç¨‹ç«¯åˆ°ç«¯æµ‹è¯•
   æµ‹è¯•åç§°: æ•°æ®éªŒè¯æµ‹è¯• > åº”è¯¥éªŒè¯ç”³è¯·æ•°æ®å®Œæ•´æ€§
   é”™è¯¯ä¿¡æ¯: expected false to be true // Object.is equality
   é”™è¯¯ç±»å‹: test_failure

37. tests/e2e/complete-visitor-flow.test.ts
   æµ‹è¯•å¥—ä»¶: è®¿å®¢é¢„çº¦å®Œæ•´æµç¨‹ç«¯åˆ°ç«¯æµ‹è¯•
   æµ‹è¯•åç§°: é€šè¡Œç å±•ç¤ºå®æ—¶æ€§æµ‹è¯• > åº”è¯¥å®æ—¶æ›´æ–°é€šè¡Œç çŠ¶æ€
   é”™è¯¯ä¿¡æ¯: expected 'active' to be 'expired' // Object.is equality
   é”™è¯¯ç±»å‹: test_failure

38. tests/e2e/passcode-accuracy.test.ts
   æµ‹è¯•å¥—ä»¶: é€šè¡Œç å±•ç¤ºå‡†ç¡®æ€§æµ‹è¯•
   æµ‹è¯•åç§°: äºŒç»´ç ç”Ÿæˆå‡†ç¡®æ€§ > åº”è¯¥æ ¹æ®é€šè¡Œç å†…å®¹ç”Ÿæˆæ­£ç¡®çš„äºŒç»´ç 
   é”™è¯¯ä¿¡æ¯: expected "spy" to be called with arguments: [ +0, +0, 200, 200 ] | Received:
   é”™è¯¯ç±»å‹: test_failure

39. tests/e2e/passcode-accuracy.test.ts
   æµ‹è¯•å¥—ä»¶: é€šè¡Œç å±•ç¤ºå‡†ç¡®æ€§æµ‹è¯•
   æµ‹è¯•åç§°: äºŒç»´ç ç”Ÿæˆå‡†ç¡®æ€§ > åº”è¯¥æ ¹æ®å±å¹•å°ºå¯¸è‡ªé€‚åº”äºŒç»´ç å¤§å°
   é”™è¯¯ä¿¡æ¯: expected 177 to be 200 // Object.is equality
   é”™è¯¯ç±»å‹: test_failure

40. tests/e2e/passcode-accuracy.test.ts
   æµ‹è¯•å¥—ä»¶: é€šè¡Œç å±•ç¤ºå‡†ç¡®æ€§æµ‹è¯•
   æµ‹è¯•åç§°: é€šè¡Œç çŠ¶æ€å®æ—¶æ›´æ–° > åº”è¯¥å‡†ç¡®æ˜¾ç¤ºé€šè¡Œç çš„å®æ—¶çŠ¶æ€
   é”™è¯¯ä¿¡æ¯: expected 'å·²è¿‡æœŸ' to be 'å‰©ä½™ 3 æ¬¡ä½¿ç”¨' // Object.is equality
   é”™è¯¯ç±»å‹: test_failure

41. tests/e2e/passcode-accuracy.test.ts
   æµ‹è¯•å¥—ä»¶: é€šè¡Œç å±•ç¤ºå‡†ç¡®æ€§æµ‹è¯•
   æµ‹è¯•åç§°: é€šè¡Œç çŠ¶æ€å®æ—¶æ›´æ–° > åº”è¯¥å‡†ç¡®æ˜¾ç¤ºé€šè¡Œç çš„è¿‡æœŸçŠ¶æ€
   é”™è¯¯ä¿¡æ¯: expected true to be false // Object.is equality
   é”™è¯¯ç±»å‹: test_failure

42. tests/e2e/passcode-accuracy.test.ts
   æµ‹è¯•å¥—ä»¶: é€šè¡Œç å±•ç¤ºå‡†ç¡®æ€§æµ‹è¯•
   æµ‹è¯•åç§°: å‘˜å·¥é€šè¡Œç è‡ªåŠ¨åˆ·æ–°å‡†ç¡®æ€§ > åº”è¯¥æŒ‰ç…§è®¾å®šé¢‘ç‡å‡†ç¡®åˆ·æ–°å‘˜å·¥é€šè¡Œç 
   é”™è¯¯ä¿¡æ¯: Aborting after running 10000 timers, assuming an infinite loop!
   é”™è¯¯ç±»å‹: test_failure

43. tests/unit/services/api.test.ts
   æµ‹è¯•å¥—ä»¶: APIæœåŠ¡æµ‹è¯•
   æµ‹è¯•åç§°: å¹¶å‘è¯·æ±‚ > åº”è¯¥æ”¯æŒå¹¶å‘è¯·æ±‚
   é”™è¯¯ä¿¡æ¯: expected 3 to be 1 // Object.is equality
   é”™è¯¯ç±»å‹: test_failure

44. tests/unit/components/qr-code.test.ts
   æµ‹è¯•å¥—ä»¶: äºŒç»´ç ç»„ä»¶æµ‹è¯•
   æµ‹è¯•åç§°: ç»„ä»¶ç”Ÿå‘½å‘¨æœŸ > åº”è¯¥åœ¨readyæ—¶æ£€æŸ¥äºŒç»´ç çŠ¶æ€
   é”™è¯¯ä¿¡æ¯: expected "spy" to be called with arguments: [ 'äºŒç»´ç å†…å®¹ä¸ºç©º' ] | Received:
   é”™è¯¯ç±»å‹: test_failure

45. tests/unit/components/qr-code.test.ts
   æµ‹è¯•å¥—ä»¶: äºŒç»´ç ç»„ä»¶æµ‹è¯•
   æµ‹è¯•åç§°: äºŒç»´ç ç”Ÿæˆæ–¹æ³• > åº”è¯¥æ­£ç¡®ç”ŸæˆäºŒç»´ç 
   é”™è¯¯ä¿¡æ¯: Cannot read properties of undefined (reading 'canvasId')
   é”™è¯¯ç±»å‹: test_failure

46. tests/unit/components/qr-code.test.ts
   æµ‹è¯•å¥—ä»¶: äºŒç»´ç ç»„ä»¶æµ‹è¯•
   æµ‹è¯•åç§°: äºŒç»´ç ç”Ÿæˆæ–¹æ³• > åº”è¯¥å¤„ç†ç©ºçš„äºŒç»´ç å†…å®¹
   é”™è¯¯ä¿¡æ¯: Cannot read properties of undefined (reading 'code')
   é”™è¯¯ç±»å‹: test_failure

47. tests/unit/components/qr-code.test.ts
   æµ‹è¯•å¥—ä»¶: äºŒç»´ç ç»„ä»¶æµ‹è¯•
   æµ‹è¯•åç§°: äº‹ä»¶å¤„ç† > åº”è¯¥å¤„ç†ç‚¹å‡»äº‹ä»¶
   é”™è¯¯ä¿¡æ¯: Cannot read properties of undefined (reading 'code')
   é”™è¯¯ç±»å‹: test_failure

48. tests/unit/components/qr-code.test.ts
   æµ‹è¯•å¥—ä»¶: äºŒç»´ç ç»„ä»¶æµ‹è¯•
   æµ‹è¯•åç§°: äº‹ä»¶å¤„ç† > åº”è¯¥å¤„ç†é•¿æŒ‰äº‹ä»¶
   é”™è¯¯ä¿¡æ¯: Cannot read properties of undefined (reading 'code')
   é”™è¯¯ç±»å‹: test_failure

49. tests/unit/components/qr-code.test.ts
   æµ‹è¯•å¥—ä»¶: äºŒç»´ç ç»„ä»¶æµ‹è¯•
   æµ‹è¯•åç§°: æ•°æ®ç»‘å®š > åº”è¯¥æ­£ç¡®ç»‘å®šå±æ€§åˆ°è§†å›¾
   é”™è¯¯ä¿¡æ¯: Cannot read properties of undefined (reading 'showText')
   é”™è¯¯ç±»å‹: test_failure

50. tests/unit/components/qr-code.test.ts
   æµ‹è¯•å¥—ä»¶: äºŒç»´ç ç»„ä»¶æµ‹è¯•
   æµ‹è¯•åç§°: æ•°æ®ç»‘å®š > åº”è¯¥æ ¹æ®showTextå±æ€§æ§åˆ¶æ–‡æœ¬æ˜¾ç¤º
   é”™è¯¯ä¿¡æ¯: Cannot read properties of undefined (reading 'showText')
   é”™è¯¯ç±»å‹: test_failure

51. tests/unit/components/qr-code.test.ts
   æµ‹è¯•å¥—ä»¶: äºŒç»´ç ç»„ä»¶æµ‹è¯•
   æµ‹è¯•åç§°: æ ·å¼æ¸²æŸ“ > åº”è¯¥æ ¹æ®sizeå±æ€§è®¾ç½®ç”»å¸ƒå°ºå¯¸
   é”™è¯¯ä¿¡æ¯: Cannot read properties of undefined (reading 'size')
   é”™è¯¯ç±»å‹: test_failure

52. tests/unit/components/qr-code.test.ts
   æµ‹è¯•å¥—ä»¶: äºŒç»´ç ç»„ä»¶æµ‹è¯•
   æµ‹è¯•åç§°: æ ·å¼æ¸²æŸ“ > åº”è¯¥æ”¯æŒè‡ªå®šä¹‰æ ·å¼ç±»
   é”™è¯¯ä¿¡æ¯: Cannot read properties of undefined (reading 'customClass')
   é”™è¯¯ç±»å‹: test_failure

53. tests/unit/components/qr-code.test.ts
   æµ‹è¯•å¥—ä»¶: äºŒç»´ç ç»„ä»¶æµ‹è¯•
   æµ‹è¯•åç§°: é”™è¯¯å¤„ç† > åº”è¯¥å¤„ç†ç”»å¸ƒåˆ›å»ºå¤±è´¥
   é”™è¯¯ä¿¡æ¯: Cannot read properties of undefined (reading 'canvasId')
   é”™è¯¯ç±»å‹: test_failure

54. tests/unit/components/qr-code.test.ts
   æµ‹è¯•å¥—ä»¶: äºŒç»´ç ç»„ä»¶æµ‹è¯•
   æµ‹è¯•åç§°: é”™è¯¯å¤„ç† > åº”è¯¥å¤„ç†ç»˜åˆ¶å¼‚å¸¸
   é”™è¯¯ä¿¡æ¯: this.triggerEvent is not a function
   é”™è¯¯ç±»å‹: test_failure

55. tests/integration/employee-flow.test.ts
   æµ‹è¯•å¥—ä»¶: Employee Flow Integration Tests
   æµ‹è¯•åç§°: Passcode Management > should handle passcode refresh failure
   é”™è¯¯ä¿¡æ¯: expected [Function] to throw error including 'æœåŠ¡å™¨é”™è¯¯ï¼Œæ— æ³•åˆ·æ–°é€šè¡Œç ' but got 'HTTP 500: [object Object]'
   é”™è¯¯ç±»å‹: test_failure

56. tests/integration/employee-flow.test.ts
   æµ‹è¯•å¥—ä»¶: Employee Flow Integration Tests
   æµ‹è¯•åç§°: Data Validation > should validate ID card format
   é”™è¯¯ä¿¡æ¯: expected true to be false // Object.is equality
   é”™è¯¯ç±»å‹: test_failure

57. tests/examples/page-test-example.test.ts
   æµ‹è¯•å¥—ä»¶: å°ç¨‹åºé¡µé¢æµ‹è¯•å·¥å…·ç¤ºä¾‹
   æµ‹è¯•åç§°: è¡¨å•éªŒè¯æµ‹è¯• > åº”è¯¥æ­£ç¡®éªŒè¯å¿…å¡«å­—æ®µ
   é”™è¯¯ä¿¡æ¯: expected undefined to be truthy
   é”™è¯¯ç±»å‹: test_failure

58. tests/examples/page-test-example.test.ts
   æµ‹è¯•å¥—ä»¶: å°ç¨‹åºé¡µé¢æµ‹è¯•å·¥å…·ç¤ºä¾‹
   æµ‹è¯•åç§°: è¡¨å•éªŒè¯æµ‹è¯• > åº”è¯¥æ­£ç¡®éªŒè¯å¯†ç é•¿åº¦
   é”™è¯¯ä¿¡æ¯: expected undefined to be truthy
   é”™è¯¯ç±»å‹: test_failure

59. tests/examples/page-test-example.test.ts
   æµ‹è¯•å¥—ä»¶: å°ç¨‹åºé¡µé¢æµ‹è¯•å·¥å…·ç¤ºä¾‹
   æµ‹è¯•åç§°: ç½‘ç»œè¯·æ±‚æµ‹è¯• > åº”è¯¥æ­£ç¡®å¤„ç†ç½‘ç»œé”™è¯¯
   é”™è¯¯ä¿¡æ¯: expected "spy" to be called with arguments: [ ObjectContaining{â€¦} ] | Received:
   é”™è¯¯ç±»å‹: test_failure

60. tests/examples/page-test-example.test.ts
   æµ‹è¯•å¥—ä»¶: å°ç¨‹åºé¡µé¢æµ‹è¯•å·¥å…·ç¤ºä¾‹
   æµ‹è¯•åç§°: ç½‘ç»œè¯·æ±‚æµ‹è¯• > åº”è¯¥æ­£ç¡®å¤„ç†ç½‘ç»œè¶…æ—¶
   é”™è¯¯ä¿¡æ¯: MiniprogramApiTestHelper.mockWxRequestTimeout is not a function
   é”™è¯¯ç±»å‹: test_failure

61. tests/examples/page-test-example.test.ts
   æµ‹è¯•å¥—ä»¶: å°ç¨‹åºé¡µé¢æµ‹è¯•å·¥å…·ç¤ºä¾‹
   æµ‹è¯•åç§°: é¡µé¢çŠ¶æ€æµ‹è¯• > åº”è¯¥æ­£ç¡®æ˜¾ç¤ºåŠ è½½çŠ¶æ€
   é”™è¯¯ä¿¡æ¯: expected "spy" to be called with arguments: [ Array(1) ] | Received:
   é”™è¯¯ç±»å‹: test_failure

62. tests/unit/utils/date.test.ts
   æµ‹è¯•å¥—ä»¶: æ—¥æœŸå·¥å…·å‡½æ•°æµ‹è¯•
   æµ‹è¯•åç§°: è¾¹ç•Œæ¡ä»¶å’Œå¼‚å¸¸å¤„ç† > åº”è¯¥å¤„ç†ç©ºå€¼å’Œundefined
   é”™è¯¯ä¿¡æ¯: â†’ expected [Function] to not throw an error but 'Error: æ— æ•ˆçš„æ—¥æœŸ' was thrown
   é”™è¯¯ç±»å‹: error

63. tests/integration/visitor-flow.test.ts
   æµ‹è¯•å¥—ä»¶: Visitor Flow Integration Tests
   æµ‹è¯•åç§°: Complete Visitor Application Flow > should handle usage limit exceeded
   é”™è¯¯ä¿¡æ¯: expected [Function] to throw error including 'é€šè¡Œç ä½¿ç”¨æ¬¡æ•°å·²è¾¾ä¸Šé™ï¼Œæ— æ³•åˆ·æ–°' but got 'HTTP 400: [object Object]'
   é”™è¯¯ç±»å‹: test_failure

64. tests/integration/visitor-flow.test.ts
   æµ‹è¯•å¥—ä»¶: Visitor Flow Integration Tests
   æµ‹è¯•åç§°: Error Handling > should handle invalid application data
   é”™è¯¯ä¿¡æ¯: expected [Function] to throw error including 'ç”³è¯·æ•°æ®æ— æ•ˆ' but got 'HTTP 400: [object Object]'
   é”™è¯¯ç±»å‹: test_failure

65. tests/e2e/complete-visitor-flow.test.ts
   æµ‹è¯•å¥—ä»¶: è®¿å®¢é¢„çº¦å®Œæ•´æµç¨‹ç«¯åˆ°ç«¯æµ‹è¯•
   æµ‹è¯•åç§°: æ•°æ®éªŒè¯æµ‹è¯• > åº”è¯¥éªŒè¯è®¿å®¢ç”³è¯·æ•°æ®æ ¼å¼
   é”™è¯¯ä¿¡æ¯: AssertionError: expected '2024-01-01T10:00:00.000Z' to be '2024-01-01T10:00:00Z' // Object.is equality
   é”™è¯¯ç±»å‹: assertion

66. tests/e2e/complete-visitor-flow.test.ts
   æµ‹è¯•å¥—ä»¶: è®¿å®¢é¢„çº¦å®Œæ•´æµç¨‹ç«¯åˆ°ç«¯æµ‹è¯•
   æµ‹è¯•åç§°: æ•°æ®éªŒè¯æµ‹è¯• > åº”è¯¥éªŒè¯ç”³è¯·æ•°æ®å®Œæ•´æ€§
   é”™è¯¯ä¿¡æ¯: AssertionError: expected false to be true // Object.is equality
   é”™è¯¯ç±»å‹: assertion

67. tests/e2e/complete-visitor-flow.test.ts
   æµ‹è¯•å¥—ä»¶: è®¿å®¢é¢„çº¦å®Œæ•´æµç¨‹ç«¯åˆ°ç«¯æµ‹è¯•
   æµ‹è¯•åç§°: é€šè¡Œç å±•ç¤ºå®æ—¶æ€§æµ‹è¯• > åº”è¯¥å®æ—¶æ›´æ–°é€šè¡Œç çŠ¶æ€
   é”™è¯¯ä¿¡æ¯: AssertionError: expected 'active' to be 'expired' // Object.is equality
   é”™è¯¯ç±»å‹: assertion

68. tests/e2e/passcode-accuracy.test.ts
   æµ‹è¯•å¥—ä»¶: é€šè¡Œç å±•ç¤ºå‡†ç¡®æ€§æµ‹è¯•
   æµ‹è¯•åç§°: äºŒç»´ç ç”Ÿæˆå‡†ç¡®æ€§ > åº”è¯¥æ ¹æ®é€šè¡Œç å†…å®¹ç”Ÿæˆæ­£ç¡®çš„äºŒç»´ç 
   é”™è¯¯ä¿¡æ¯: AssertionError: expected "spy" to be called with arguments: [ +0, +0, 200, 200 ] | Received:
   é”™è¯¯ç±»å‹: assertion

69. tests/e2e/passcode-accuracy.test.ts
   æµ‹è¯•å¥—ä»¶: é€šè¡Œç å±•ç¤ºå‡†ç¡®æ€§æµ‹è¯•
   æµ‹è¯•åç§°: äºŒç»´ç ç”Ÿæˆå‡†ç¡®æ€§ > åº”è¯¥æ ¹æ®å±å¹•å°ºå¯¸è‡ªé€‚åº”äºŒç»´ç å¤§å°
   é”™è¯¯ä¿¡æ¯: AssertionError: expected 177 to be 200 // Object.is equality
   é”™è¯¯ç±»å‹: assertion

70. tests/e2e/passcode-accuracy.test.ts
   æµ‹è¯•å¥—ä»¶: é€šè¡Œç å±•ç¤ºå‡†ç¡®æ€§æµ‹è¯•
   æµ‹è¯•åç§°: é€šè¡Œç çŠ¶æ€å®æ—¶æ›´æ–° > åº”è¯¥å‡†ç¡®æ˜¾ç¤ºé€šè¡Œç çš„å®æ—¶çŠ¶æ€
   é”™è¯¯ä¿¡æ¯: AssertionError: expected 'å·²è¿‡æœŸ' to be 'å‰©ä½™ 3 æ¬¡ä½¿ç”¨' // Object.is equality
   é”™è¯¯ç±»å‹: assertion

71. tests/e2e/passcode-accuracy.test.ts
   æµ‹è¯•å¥—ä»¶: é€šè¡Œç å±•ç¤ºå‡†ç¡®æ€§æµ‹è¯•
   æµ‹è¯•åç§°: é€šè¡Œç çŠ¶æ€å®æ—¶æ›´æ–° > åº”è¯¥å‡†ç¡®æ˜¾ç¤ºé€šè¡Œç çš„è¿‡æœŸçŠ¶æ€
   é”™è¯¯ä¿¡æ¯: AssertionError: expected true to be false // Object.is equality
   é”™è¯¯ç±»å‹: assertion

72. tests/e2e/passcode-accuracy.test.ts
   æµ‹è¯•å¥—ä»¶: é€šè¡Œç å±•ç¤ºå‡†ç¡®æ€§æµ‹è¯•
   æµ‹è¯•åç§°: å‘˜å·¥é€šè¡Œç è‡ªåŠ¨åˆ·æ–°å‡†ç¡®æ€§ > åº”è¯¥æŒ‰ç…§è®¾å®šé¢‘ç‡å‡†ç¡®åˆ·æ–°å‘˜å·¥é€šè¡Œç 
   é”™è¯¯ä¿¡æ¯: Error: Aborting after running 10000 timers, assuming an infinite loop!
   é”™è¯¯ç±»å‹: error

73. tests/examples/page-test-example.test.ts
   æµ‹è¯•å¥—ä»¶: å°ç¨‹åºé¡µé¢æµ‹è¯•å·¥å…·ç¤ºä¾‹
   æµ‹è¯•åç§°: è¡¨å•éªŒè¯æµ‹è¯• > åº”è¯¥æ­£ç¡®éªŒè¯å¿…å¡«å­—æ®µ
   é”™è¯¯ä¿¡æ¯: AssertionError: expected undefined to be truthy | - Expected:
   é”™è¯¯ç±»å‹: assertion

74. tests/examples/page-test-example.test.ts
   æµ‹è¯•å¥—ä»¶: å°ç¨‹åºé¡µé¢æµ‹è¯•å·¥å…·ç¤ºä¾‹
   æµ‹è¯•åç§°: è¡¨å•éªŒè¯æµ‹è¯• > åº”è¯¥æ­£ç¡®éªŒè¯å¯†ç é•¿åº¦
   é”™è¯¯ä¿¡æ¯: AssertionError: expected undefined to be truthy | - Expected:
   é”™è¯¯ç±»å‹: assertion

75. tests/examples/page-test-example.test.ts
   æµ‹è¯•å¥—ä»¶: å°ç¨‹åºé¡µé¢æµ‹è¯•å·¥å…·ç¤ºä¾‹
   æµ‹è¯•åç§°: ç½‘ç»œè¯·æ±‚æµ‹è¯• > åº”è¯¥æ­£ç¡®å¤„ç†ç½‘ç»œé”™è¯¯
   é”™è¯¯ä¿¡æ¯: AssertionError: expected "spy" to be called with arguments: [ ObjectContaining{â€¦} ] | Received:
   é”™è¯¯ç±»å‹: assertion

76. tests/examples/page-test-example.test.ts
   æµ‹è¯•å¥—ä»¶: å°ç¨‹åºé¡µé¢æµ‹è¯•å·¥å…·ç¤ºä¾‹
   æµ‹è¯•åç§°: ç½‘ç»œè¯·æ±‚æµ‹è¯• > åº”è¯¥æ­£ç¡®å¤„ç†ç½‘ç»œè¶…æ—¶
   é”™è¯¯ä¿¡æ¯: TypeError: MiniprogramApiTestHelper.mockWxRequestTimeout is not a function
   é”™è¯¯ç±»å‹: error

77. tests/examples/page-test-example.test.ts
   æµ‹è¯•å¥—ä»¶: å°ç¨‹åºé¡µé¢æµ‹è¯•å·¥å…·ç¤ºä¾‹
   æµ‹è¯•åç§°: é¡µé¢çŠ¶æ€æµ‹è¯• > åº”è¯¥æ­£ç¡®æ˜¾ç¤ºåŠ è½½çŠ¶æ€
   é”™è¯¯ä¿¡æ¯: AssertionError: expected "spy" to be called with arguments: [ Array(1) ] | Received:
   é”™è¯¯ç±»å‹: assertion

78. tests/integration/employee-flow.test.ts
   æµ‹è¯•å¥—ä»¶: Employee Flow Integration Tests
   æµ‹è¯•åç§°: Passcode Management > should handle passcode refresh failure
   é”™è¯¯ä¿¡æ¯: AssertionError: expected [Function] to throw error including 'æœåŠ¡å™¨é”™è¯¯ï¼Œæ— æ³•åˆ·æ–°é€šè¡Œç ' but got 'HTTP 500: [object Object]'
   é”™è¯¯ç±»å‹: assertion

79. tests/integration/employee-flow.test.ts
   æµ‹è¯•å¥—ä»¶: Employee Flow Integration Tests
   æµ‹è¯•åç§°: Data Validation > should validate ID card format
   é”™è¯¯ä¿¡æ¯: AssertionError: expected true to be false // Object.is equality
   é”™è¯¯ç±»å‹: assertion

80. tests/integration/visitor-flow.test.ts
   æµ‹è¯•å¥—ä»¶: Visitor Flow Integration Tests
   æµ‹è¯•åç§°: Complete Visitor Application Flow > should handle usage limit exceeded
   é”™è¯¯ä¿¡æ¯: AssertionError: expected [Function] to throw error including 'é€šè¡Œç ä½¿ç”¨æ¬¡æ•°å·²è¾¾ä¸Šé™ï¼Œæ— æ³•åˆ·æ–°' but got 'HTTP 400: [object Object]'
   é”™è¯¯ç±»å‹: assertion

81. tests/integration/visitor-flow.test.ts
   æµ‹è¯•å¥—ä»¶: Visitor Flow Integration Tests
   æµ‹è¯•åç§°: Error Handling > should handle invalid application data
   é”™è¯¯ä¿¡æ¯: AssertionError: expected [Function] to throw error including 'ç”³è¯·æ•°æ®æ— æ•ˆ' but got 'HTTP 400: [object Object]'
   é”™è¯¯ç±»å‹: assertion

82. tests/unit/components/form-field.test.ts
   æµ‹è¯•å¥—ä»¶: è¡¨å•å­—æ®µç»„ä»¶æµ‹è¯•
   æµ‹è¯•åç§°: ç»„ä»¶ç”Ÿå‘½å‘¨æœŸ > åº”è¯¥åœ¨attachedæ—¶åˆå§‹åŒ–å†…éƒ¨å€¼
   é”™è¯¯ä¿¡æ¯: AssertionError: expected "spy" to be called with arguments: [ { internalValue: 'åˆå§‹å€¼' } ] | Received:
   é”™è¯¯ç±»å‹: assertion

83. tests/unit/components/form-field.test.ts
   æµ‹è¯•å¥—ä»¶: è¡¨å•å­—æ®µç»„ä»¶æµ‹è¯•
   æµ‹è¯•åç§°: ç»„ä»¶ç”Ÿå‘½å‘¨æœŸ > åº”è¯¥åœ¨readyæ—¶è¿›è¡Œåˆå§‹éªŒè¯
   é”™è¯¯ä¿¡æ¯: TypeError: this.properties.value.trim is not a function
   é”™è¯¯ç±»å‹: error

84. tests/unit/components/form-field.test.ts
   æµ‹è¯•å¥—ä»¶: è¡¨å•å­—æ®µç»„ä»¶æµ‹è¯•
   æµ‹è¯•åç§°: è¾“å…¥äº‹ä»¶å¤„ç† > åº”è¯¥å¤„ç†è¾“å…¥äº‹ä»¶å¹¶æ›´æ–°å€¼
   é”™è¯¯ä¿¡æ¯: TypeError: this.setData is not a function
   é”™è¯¯ç±»å‹: error

85. tests/unit/components/form-field.test.ts
   æµ‹è¯•å¥—ä»¶: è¡¨å•å­—æ®µç»„ä»¶æµ‹è¯•
   æµ‹è¯•åç§°: è¾“å…¥äº‹ä»¶å¤„ç† > åº”è¯¥å¤„ç†ç„¦ç‚¹äº‹ä»¶
   é”™è¯¯ä¿¡æ¯: TypeError: this.setData is not a function
   é”™è¯¯ç±»å‹: error

86. tests/unit/components/form-field.test.ts
   æµ‹è¯•å¥—ä»¶: è¡¨å•å­—æ®µç»„ä»¶æµ‹è¯•
   æµ‹è¯•åç§°: è¡¨å•éªŒè¯ > åº”è¯¥éªŒè¯å¿…å¡«å­—æ®µ
   é”™è¯¯ä¿¡æ¯: TypeError: Cannot read properties of undefined (reading 'required')
   é”™è¯¯ç±»å‹: error

87. tests/unit/components/form-field.test.ts
   æµ‹è¯•å¥—ä»¶: è¡¨å•å­—æ®µç»„ä»¶æµ‹è¯•
   æµ‹è¯•åç§°: è¡¨å•éªŒè¯ > åº”è¯¥éªŒè¯å­—æ®µé•¿åº¦
   é”™è¯¯ä¿¡æ¯: TypeError: Cannot read properties of undefined (reading 'value')
   é”™è¯¯ç±»å‹: error

88. tests/unit/components/form-field.test.ts
   æµ‹è¯•å¥—ä»¶: è¡¨å•å­—æ®µç»„ä»¶æµ‹è¯•
   æµ‹è¯•åç§°: è¡¨å•éªŒè¯ > åº”è¯¥éªŒè¯æ­£åˆ™è¡¨è¾¾å¼
   é”™è¯¯ä¿¡æ¯: TypeError: Cannot read properties of undefined (reading 'value')
   é”™è¯¯ç±»å‹: error

89. tests/unit/components/form-field.test.ts
   æµ‹è¯•å¥—ä»¶: è¡¨å•å­—æ®µç»„ä»¶æµ‹è¯•
   æµ‹è¯•åç§°: è¡¨å•éªŒè¯ > åº”è¯¥æ”¯æŒè‡ªå®šä¹‰éªŒè¯å‡½æ•°
   é”™è¯¯ä¿¡æ¯: TypeError: Cannot read properties of undefined (reading 'value')
   é”™è¯¯ç±»å‹: error

90. tests/unit/components/form-field.test.ts
   æµ‹è¯•å¥—ä»¶: è¡¨å•å­—æ®µç»„ä»¶æµ‹è¯•
   æµ‹è¯•åç§°: è¡¨å•éªŒè¯ > åº”è¯¥é€šè¿‡æ‰€æœ‰éªŒè¯è§„åˆ™
   é”™è¯¯ä¿¡æ¯: TypeError: Cannot read properties of undefined (reading 'value')
   é”™è¯¯ç±»å‹: error

91. tests/unit/components/form-field.test.ts
   æµ‹è¯•å¥—ä»¶: è¡¨å•å­—æ®µç»„ä»¶æµ‹è¯•
   æµ‹è¯•åç§°: æ ·å¼è®¡ç®— > åº”è¯¥æ ¹æ®çŠ¶æ€è®¡ç®—è¾“å…¥æ¡†æ ·å¼
   é”™è¯¯ä¿¡æ¯: TypeError: Cannot read properties of undefined (reading 'focused')
   é”™è¯¯ç±»å‹: error

92. tests/unit/components/form-field.test.ts
   æµ‹è¯•å¥—ä»¶: è¡¨å•å­—æ®µç»„ä»¶æµ‹è¯•
   æµ‹è¯•åç§°: æ ·å¼è®¡ç®— > åº”è¯¥è®¡ç®—æ ‡ç­¾æ ·å¼
   é”™è¯¯ä¿¡æ¯: TypeError: Cannot read properties of undefined (reading 'required')
   é”™è¯¯ç±»å‹: error

93. tests/unit/components/form-field.test.ts
   æµ‹è¯•å¥—ä»¶: è¡¨å•å­—æ®µç»„ä»¶æµ‹è¯•
   æµ‹è¯•åç§°: å·¥å…·æ–¹æ³• > åº”è¯¥æ¸…é™¤é”™è¯¯çŠ¶æ€
   é”™è¯¯ä¿¡æ¯: 592|               showError: false
   é”™è¯¯ç±»å‹: error

94. tests/unit/components/form-field.test.ts
   æµ‹è¯•å¥—ä»¶: è¡¨å•å­—æ®µç»„ä»¶æµ‹è¯•
   æµ‹è¯•åç§°: å·¥å…·æ–¹æ³• > åº”è¯¥é‡ç½®å­—æ®µå€¼
   é”™è¯¯ä¿¡æ¯: TypeError: this.setData is not a function
   é”™è¯¯ç±»å‹: error

95. tests/unit/components/form-field.test.ts
   æµ‹è¯•å¥—ä»¶: è¡¨å•å­—æ®µç»„ä»¶æµ‹è¯•
   æµ‹è¯•åç§°: å·¥å…·æ–¹æ³• > åº”è¯¥è·å–å­—æ®µå€¼
   é”™è¯¯ä¿¡æ¯: TypeError: Cannot read properties of undefined (reading 'internalValue')
   é”™è¯¯ç±»å‹: error

96. tests/unit/components/form-field.test.ts
   æµ‹è¯•å¥—ä»¶: è¡¨å•å­—æ®µç»„ä»¶æµ‹è¯•
   æµ‹è¯•åç§°: å·¥å…·æ–¹æ³• > åº”è¯¥è®¾ç½®å­—æ®µå€¼
   é”™è¯¯ä¿¡æ¯: TypeError: this.setData is not a function
   é”™è¯¯ç±»å‹: error

97. tests/unit/components/form-field.test.ts
   æµ‹è¯•å¥—ä»¶: è¡¨å•å­—æ®µç»„ä»¶æµ‹è¯•
   æµ‹è¯•åç§°: ä¸åŒå­—æ®µç±»å‹ > åº”è¯¥å¤„ç†æ–‡æœ¬åŸŸç±»å‹
   é”™è¯¯ä¿¡æ¯: TypeError: Cannot read properties of undefined (reading 'internalValue')
   é”™è¯¯ç±»å‹: error

98. tests/unit/components/form-field.test.ts
   æµ‹è¯•å¥—ä»¶: è¡¨å•å­—æ®µç»„ä»¶æµ‹è¯•
   æµ‹è¯•åç§°: ä¸åŒå­—æ®µç±»å‹ > åº”è¯¥å¤„ç†æ•°å­—ç±»å‹
   é”™è¯¯ä¿¡æ¯: TypeError: Cannot read properties of undefined (reading 'type')
   é”™è¯¯ç±»å‹: error

99. tests/unit/components/qr-code.test.ts
   æµ‹è¯•å¥—ä»¶: äºŒç»´ç ç»„ä»¶æµ‹è¯•
   æµ‹è¯•åç§°: ç»„ä»¶ç”Ÿå‘½å‘¨æœŸ > åº”è¯¥åœ¨readyæ—¶æ£€æŸ¥äºŒç»´ç çŠ¶æ€
   é”™è¯¯ä¿¡æ¯: AssertionError: expected "spy" to be called with arguments: [ 'äºŒç»´ç å†…å®¹ä¸ºç©º' ] | Received:
   é”™è¯¯ç±»å‹: assertion

100. tests/unit/components/qr-code.test.ts
   æµ‹è¯•å¥—ä»¶: äºŒç»´ç ç»„ä»¶æµ‹è¯•
   æµ‹è¯•åç§°: äºŒç»´ç ç”Ÿæˆæ–¹æ³• > åº”è¯¥æ­£ç¡®ç”ŸæˆäºŒç»´ç 
   é”™è¯¯ä¿¡æ¯: TypeError: Cannot read properties of undefined (reading 'canvasId')
   é”™è¯¯ç±»å‹: error

101. tests/unit/components/qr-code.test.ts
   æµ‹è¯•å¥—ä»¶: äºŒç»´ç ç»„ä»¶æµ‹è¯•
   æµ‹è¯•åç§°: äºŒç»´ç ç”Ÿæˆæ–¹æ³• > åº”è¯¥å¤„ç†ç©ºçš„äºŒç»´ç å†…å®¹
   é”™è¯¯ä¿¡æ¯: TypeError: Cannot read properties of undefined (reading 'code')
   é”™è¯¯ç±»å‹: error

102. tests/unit/components/qr-code.test.ts
   æµ‹è¯•å¥—ä»¶: äºŒç»´ç ç»„ä»¶æµ‹è¯•
   æµ‹è¯•åç§°: äº‹ä»¶å¤„ç† > åº”è¯¥å¤„ç†ç‚¹å‡»äº‹ä»¶
   é”™è¯¯ä¿¡æ¯: TypeError: Cannot read properties of undefined (reading 'code')
   é”™è¯¯ç±»å‹: error

103. tests/unit/components/qr-code.test.ts
   æµ‹è¯•å¥—ä»¶: äºŒç»´ç ç»„ä»¶æµ‹è¯•
   æµ‹è¯•åç§°: äº‹ä»¶å¤„ç† > åº”è¯¥å¤„ç†é•¿æŒ‰äº‹ä»¶
   é”™è¯¯ä¿¡æ¯: TypeError: Cannot read properties of undefined (reading 'code')
   é”™è¯¯ç±»å‹: error

104. tests/unit/components/qr-code.test.ts
   æµ‹è¯•å¥—ä»¶: äºŒç»´ç ç»„ä»¶æµ‹è¯•
   æµ‹è¯•åç§°: æ•°æ®ç»‘å®š > åº”è¯¥æ­£ç¡®ç»‘å®šå±æ€§åˆ°è§†å›¾
   é”™è¯¯ä¿¡æ¯: TypeError: Cannot read properties of undefined (reading 'showText')
   é”™è¯¯ç±»å‹: error

105. tests/unit/components/qr-code.test.ts
   æµ‹è¯•å¥—ä»¶: äºŒç»´ç ç»„ä»¶æµ‹è¯•
   æµ‹è¯•åç§°: æ•°æ®ç»‘å®š > åº”è¯¥æ ¹æ®showTextå±æ€§æ§åˆ¶æ–‡æœ¬æ˜¾ç¤º
   é”™è¯¯ä¿¡æ¯: TypeError: Cannot read properties of undefined (reading 'showText')
   é”™è¯¯ç±»å‹: error

106. tests/unit/components/qr-code.test.ts
   æµ‹è¯•å¥—ä»¶: äºŒç»´ç ç»„ä»¶æµ‹è¯•
   æµ‹è¯•åç§°: æ ·å¼æ¸²æŸ“ > åº”è¯¥æ ¹æ®sizeå±æ€§è®¾ç½®ç”»å¸ƒå°ºå¯¸
   é”™è¯¯ä¿¡æ¯: TypeError: Cannot read properties of undefined (reading 'size')
   é”™è¯¯ç±»å‹: error

107. tests/unit/components/qr-code.test.ts
   æµ‹è¯•å¥—ä»¶: äºŒç»´ç ç»„ä»¶æµ‹è¯•
   æµ‹è¯•åç§°: æ ·å¼æ¸²æŸ“ > åº”è¯¥æ”¯æŒè‡ªå®šä¹‰æ ·å¼ç±»
   é”™è¯¯ä¿¡æ¯: TypeError: Cannot read properties of undefined (reading 'customClass')
   é”™è¯¯ç±»å‹: error

108. tests/unit/components/qr-code.test.ts
   æµ‹è¯•å¥—ä»¶: äºŒç»´ç ç»„ä»¶æµ‹è¯•
   æµ‹è¯•åç§°: é”™è¯¯å¤„ç† > åº”è¯¥å¤„ç†ç”»å¸ƒåˆ›å»ºå¤±è´¥
   é”™è¯¯ä¿¡æ¯: TypeError: Cannot read properties of undefined (reading 'canvasId')
   é”™è¯¯ç±»å‹: error

109. tests/unit/components/qr-code.test.ts
   æµ‹è¯•å¥—ä»¶: äºŒç»´ç ç»„ä»¶æµ‹è¯•
   æµ‹è¯•åç§°: é”™è¯¯å¤„ç† > åº”è¯¥å¤„ç†ç»˜åˆ¶å¼‚å¸¸
   é”™è¯¯ä¿¡æ¯: TypeError: this.triggerEvent is not a function
   é”™è¯¯ç±»å‹: error

110. tests/unit/components/status-badge.test.ts
   æµ‹è¯•å¥—ä»¶: çŠ¶æ€å¾½ç« ç»„ä»¶æµ‹è¯•
   æµ‹è¯•åç§°: ç»„ä»¶ç”Ÿå‘½å‘¨æœŸ > åº”è¯¥åœ¨attachedæ—¶åˆå§‹åŒ–çŠ¶æ€é…ç½®
   é”™è¯¯ä¿¡æ¯: AssertionError: expected "spy" to be called with arguments: [ { displayText: 'å·²é€šè¿‡', â€¦(1) } ] | Received:
   é”™è¯¯ç±»å‹: assertion

111. tests/unit/components/status-badge.test.ts
   æµ‹è¯•å¥—ä»¶: çŠ¶æ€å¾½ç« ç»„ä»¶æµ‹è¯•
   æµ‹è¯•åç§°: ç»„ä»¶ç”Ÿå‘½å‘¨æœŸ > åº”è¯¥åœ¨readyæ—¶æ£€æŸ¥å±æ€§æœ‰æ•ˆæ€§
   é”™è¯¯ä¿¡æ¯: AssertionError: expected "spy" to be called with arguments: [ 'æœªçŸ¥çš„çŠ¶æ€ç±»å‹: invalid_status' ] | Received:
   é”™è¯¯ç±»å‹: assertion

112. tests/unit/components/status-badge.test.ts
   æµ‹è¯•å¥—ä»¶: çŠ¶æ€å¾½ç« ç»„ä»¶æµ‹è¯•
   æµ‹è¯•åç§°: å±æ€§å˜åŒ–ç›‘å¬ > åº”è¯¥ç›‘å¬statuså±æ€§å˜åŒ–å¹¶æ›´æ–°æ˜¾ç¤º
   é”™è¯¯ä¿¡æ¯: AssertionError: expected "spy" to be called with arguments: [ { displayText: 'å·²é€šè¿‡', â€¦(1) } ] | Received:
   é”™è¯¯ç±»å‹: assertion

113. tests/unit/components/status-badge.test.ts
   æµ‹è¯•å¥—ä»¶: çŠ¶æ€å¾½ç« ç»„ä»¶æµ‹è¯•
   æµ‹è¯•åç§°: å±æ€§å˜åŒ–ç›‘å¬ > åº”è¯¥ç›‘å¬textå±æ€§å˜åŒ–å¹¶æ›´æ–°æ˜¾ç¤ºæ–‡æœ¬
   é”™è¯¯ä¿¡æ¯: AssertionError: expected "spy" to be called with arguments: [ { displayText: 'è‡ªå®šä¹‰æ–‡æœ¬', â€¦(1) } ] | Received:
   é”™è¯¯ç±»å‹: assertion

114. tests/unit/components/status-badge.test.ts
   æµ‹è¯•å¥—ä»¶: çŠ¶æ€å¾½ç« ç»„ä»¶æµ‹è¯•
   æµ‹è¯•åç§°: æ ·å¼è®¡ç®— > åº”è¯¥æ ¹æ®typeå±æ€§è®¡ç®—æ ·å¼ç±»
   é”™è¯¯ä¿¡æ¯: AssertionError: expected "spy" to be called with arguments: [ Array(1) ] | Received:
   é”™è¯¯ç±»å‹: assertion

115. tests/unit/components/status-badge.test.ts
   æµ‹è¯•å¥—ä»¶: çŠ¶æ€å¾½ç« ç»„ä»¶æµ‹è¯•
   æµ‹è¯•åç§°: æ ·å¼è®¡ç®— > åº”è¯¥æ”¯æŒåœ†è§’æ ·å¼
   é”™è¯¯ä¿¡æ¯: AssertionError: expected "spy" to be called with arguments: [ Array(1) ] | Received:
   é”™è¯¯ç±»å‹: assertion

116. tests/unit/components/status-badge.test.ts
   æµ‹è¯•å¥—ä»¶: çŠ¶æ€å¾½ç« ç»„ä»¶æµ‹è¯•
   æµ‹è¯•åç§°: äº‹ä»¶å¤„ç† > åº”è¯¥å¤„ç†ç‚¹å‡»äº‹ä»¶
   é”™è¯¯ä¿¡æ¯: AssertionError: expected "spy" to be called with arguments: [ 'tap', { status: 'pending', â€¦(1) } ] | Received:
   é”™è¯¯ç±»å‹: assertion

117. tests/unit/components/status-badge.test.ts
   æµ‹è¯•å¥—ä»¶: çŠ¶æ€å¾½ç« ç»„ä»¶æµ‹è¯•
   æµ‹è¯•åç§°: çŠ¶æ€é…ç½® > åº”è¯¥æ­£ç¡®å¤„ç†æ‰€æœ‰é¢„å®šä¹‰çŠ¶æ€
   é”™è¯¯ä¿¡æ¯: TypeError: Cannot read properties of undefined (reading 'statusConfig')
   é”™è¯¯ç±»å‹: error

118. tests/unit/components/status-badge.test.ts
   æµ‹è¯•å¥—ä»¶: çŠ¶æ€å¾½ç« ç»„ä»¶æµ‹è¯•
   æµ‹è¯•åç§°: çŠ¶æ€é…ç½® > åº”è¯¥æ”¯æŒè‡ªå®šä¹‰çŠ¶æ€é…ç½®
   é”™è¯¯ä¿¡æ¯: AssertionError: expected "spy" to be called with arguments: [ { statusConfig: { â€¦(2) } } ] | Received:
   é”™è¯¯ç±»å‹: assertion

119. tests/unit/components/status-badge.test.ts
   æµ‹è¯•å¥—ä»¶: çŠ¶æ€å¾½ç« ç»„ä»¶æµ‹è¯•
   æµ‹è¯•åç§°: æ•°æ®ç»‘å®š > åº”è¯¥æ­£ç¡®ç»‘å®šæ˜¾ç¤ºæ–‡æœ¬
   é”™è¯¯ä¿¡æ¯: AssertionError: expected "spy" to be called with arguments: [ { displayText: 'å·²é€šè¿‡' } ] | Received:
   é”™è¯¯ç±»å‹: assertion

120. tests/unit/components/status-badge.test.ts
   æµ‹è¯•å¥—ä»¶: çŠ¶æ€å¾½ç« ç»„ä»¶æµ‹è¯•
   æµ‹è¯•åç§°: æ•°æ®ç»‘å®š > åº”è¯¥ä¼˜å…ˆä½¿ç”¨è‡ªå®šä¹‰æ–‡æœ¬
   é”™è¯¯ä¿¡æ¯: AssertionError: expected "spy" to be called with arguments: [ { displayText: 'å®¡æ ¸é€šè¿‡' } ] | Received:
   é”™è¯¯ç±»å‹: assertion

121. tests/unit/components/status-badge.test.ts
   æµ‹è¯•å¥—ä»¶: çŠ¶æ€å¾½ç« ç»„ä»¶æµ‹è¯•
   æµ‹è¯•åç§°: æ•°æ®ç»‘å®š > åº”è¯¥åœ¨æ²¡æœ‰é…ç½®æ—¶ä½¿ç”¨çŠ¶æ€å€¼ä½œä¸ºæ˜¾ç¤ºæ–‡æœ¬
   é”™è¯¯ä¿¡æ¯: AssertionError: expected "spy" to be called with arguments: [ { displayText: 'unknown_status' } ] | Received:
   é”™è¯¯ç±»å‹: assertion

122. tests/unit/components/status-badge.test.ts
   æµ‹è¯•å¥—ä»¶: çŠ¶æ€å¾½ç« ç»„ä»¶æµ‹è¯•
   æµ‹è¯•åç§°: æ¡ä»¶æ¸²æŸ“ > åº”è¯¥æ ¹æ®çŠ¶æ€æ§åˆ¶æ˜¾ç¤ºéšè—
   é”™è¯¯ä¿¡æ¯: TypeError: this.properties.status.trim is not a function
   é”™è¯¯ç±»å‹: error

123. tests/unit/components/status-badge.test.ts
   æµ‹è¯•å¥—ä»¶: çŠ¶æ€å¾½ç« ç»„ä»¶æµ‹è¯•
   æµ‹è¯•åç§°: æ¡ä»¶æ¸²æŸ“ > åº”è¯¥åœ¨çŠ¶æ€ä¸ºç©ºæ—¶éšè—ç»„ä»¶
   é”™è¯¯ä¿¡æ¯: TypeError: this.properties.status.trim is not a function
   é”™è¯¯ç±»å‹: error

124. tests/unit/utils/date.test.ts
   æµ‹è¯•å¥—ä»¶: æ—¥æœŸå·¥å…·å‡½æ•°æµ‹è¯•
   æµ‹è¯•åç§°: è¾¹ç•Œæ¡ä»¶å’Œå¼‚å¸¸å¤„ç† > åº”è¯¥å¤„ç†ç©ºå€¼å’Œundefined
   é”™è¯¯ä¿¡æ¯: "Error: æ— æ•ˆçš„æ—¥æœŸ"
   é”™è¯¯ç±»å‹: error

125. tests/unit/utils/storage.test.ts
   æµ‹è¯•å¥—ä»¶: æœ¬åœ°å­˜å‚¨å·¥å…·å‡½æ•°æµ‹è¯•
   æµ‹è¯•åç§°: getBatch æ–¹æ³• > åº”è¯¥å¤„ç†è·å–å¼‚å¸¸
   é”™è¯¯ä¿¡æ¯: +   [Error: è·å–å¤±è´¥],
   é”™è¯¯ç±»å‹: error

126. tests/unit/utils/storage.test.ts
   æµ‹è¯•å¥—ä»¶: æœ¬åœ°å­˜å‚¨å·¥å…·å‡½æ•°æµ‹è¯•
   æµ‹è¯•åç§°: getUsageRate æ–¹æ³• > åº”è¯¥å¤„ç†è·å–ä¿¡æ¯å¤±è´¥
   é”™è¯¯ä¿¡æ¯: +   [Error: è·å–ä¿¡æ¯å¤±è´¥],
   é”™è¯¯ç±»å‹: error

127. tests/unit/services/api.test.ts
   æµ‹è¯•å¥—ä»¶: APIæœåŠ¡æµ‹è¯•
   æµ‹è¯•åç§°: å¹¶å‘è¯·æ±‚ > åº”è¯¥æ”¯æŒå¹¶å‘è¯·æ±‚
   é”™è¯¯ä¿¡æ¯: AssertionError: expected 3 to be 1 // Object.is equality
   é”™è¯¯ç±»å‹: assertion

128. tests/unit/services/notification.test.ts
   æµ‹è¯•å¥—ä»¶: é€šçŸ¥æœåŠ¡æµ‹è¯•
   æµ‹è¯•åç§°: é€šçŸ¥æ•°æ®éªŒè¯ > åº”è¯¥å¤„ç†ç‰¹æ®Šå­—ç¬¦å’Œé•¿æ–‡æœ¬
   é”™è¯¯ä¿¡æ¯: AssertionError: expected 105 to be less than or equal to 104
   é”™è¯¯ç±»å‹: assertion

------------------------------------------------------------
ğŸ“„ å®Œæ•´æµ‹è¯•æ—¥å¿—: 2025-10-15-33492-test-execution.log
ğŸ“„ è¯¦ç»†é”™è¯¯æ—¥å¿—: 2025-10-15-33492-test-errors.log
============================================================
