å•†æˆ·ç®¡ç†ç«¯ æµ‹è¯•å¤±è´¥æ‘˜è¦ (2025/10/15 08:45:09)
============================================================

å¤±è´¥æµ‹è¯•æ•°é‡: 8
æå–åˆ°çš„é”™è¯¯è¯¦æƒ…: 16 ä¸ª

1. src/services/__tests__/employeeService.test.ts
   æµ‹è¯•å¥—ä»¶: employeeService
   æµ‹è¯•åç§°: batchImportEmployees > åº”è¯¥æˆåŠŸæ‰¹é‡å¯¼å…¥å‘˜å·¥
   é”™è¯¯ä¿¡æ¯: Test timed out in 10000ms.
   é”™è¯¯ç±»å‹: test_failure

2. src/services/__tests__/employeeService.test.ts
   æµ‹è¯•å¥—ä»¶: employeeService
   æµ‹è¯•åç§°: batchImportEmployees > åº”è¯¥å¤„ç†æ–‡ä»¶æ ¼å¼é”™è¯¯
   é”™è¯¯ä¿¡æ¯: Test timed out in 10000ms.
   é”™è¯¯ç±»å‹: test_failure

3. src/services/__tests__/employeeService.test.ts
   æµ‹è¯•å¥—ä»¶: employeeService
   æµ‹è¯•åç§°: batchImportEmployees > åº”è¯¥å¤„ç†æ–‡ä»¶è¿‡å¤§
   é”™è¯¯ä¿¡æ¯: Test timed out in 10000ms.
   é”™è¯¯ç±»å‹: test_failure

4. src/services/__tests__/api.test.ts
   æµ‹è¯•å¥—ä»¶: merchant-admin api.ts - è¯·æ±‚æ‹¦æˆªå™¨å’Œå“åº”æ‹¦æˆªå™¨æµ‹è¯•
   æµ‹è¯•åç§°: å“åº”æ‹¦æˆªå™¨æµ‹è¯• - HTTPé”™è¯¯çŠ¶æ€ç  > åº”è¯¥å¤„ç†401æœªæˆæƒé”™è¯¯
   é”™è¯¯ä¿¡æ¯: expected 'è¯·æ±‚å¤±è´¥ (401)' to be 'TIMEOUT' // Object.is equality
   é”™è¯¯ç±»å‹: test_failure

5. src/services/__tests__/api.test.ts
   æµ‹è¯•å¥—ä»¶: merchant-admin api.ts - è¯·æ±‚æ‹¦æˆªå™¨å’Œå“åº”æ‹¦æˆªå™¨æµ‹è¯•
   æµ‹è¯•åç§°: å“åº”æ‹¦æˆªå™¨æµ‹è¯• - HTTPé”™è¯¯çŠ¶æ€ç  > åº”è¯¥å¤„ç†403æƒé™ä¸è¶³é”™è¯¯
   é”™è¯¯ä¿¡æ¯: expected "spy" to be called with arguments: [ 'æƒé™ä¸è¶³' ] | Received:
   é”™è¯¯ç±»å‹: test_failure

6. src/services/__tests__/api.test.ts
   æµ‹è¯•å¥—ä»¶: merchant-admin api.ts - è¯·æ±‚æ‹¦æˆªå™¨å’Œå“åº”æ‹¦æˆªå™¨æµ‹è¯•
   æµ‹è¯•åç§°: å“åº”æ‹¦æˆªå™¨æµ‹è¯• - HTTPé”™è¯¯çŠ¶æ€ç  > åº”è¯¥å¤„ç†404èµ„æºä¸å­˜åœ¨é”™è¯¯
   é”™è¯¯ä¿¡æ¯: expected "spy" to be called with arguments: [ 'è¯·æ±‚çš„èµ„æºä¸å­˜åœ¨' ] | Received:
   é”™è¯¯ç±»å‹: test_failure

7. src/services/__tests__/api.test.ts
   æµ‹è¯•å¥—ä»¶: merchant-admin api.ts - è¯·æ±‚æ‹¦æˆªå™¨å’Œå“åº”æ‹¦æˆªå™¨æµ‹è¯•
   æµ‹è¯•åç§°: å“åº”æ‹¦æˆªå™¨æµ‹è¯• - HTTPé”™è¯¯çŠ¶æ€ç  > åº”è¯¥å¤„ç†500æœåŠ¡å™¨å†…éƒ¨é”™è¯¯
   é”™è¯¯ä¿¡æ¯: expected "spy" to be called with arguments: [ 'æœåŠ¡å™¨å†…éƒ¨é”™è¯¯' ] | Received:
   é”™è¯¯ç±»å‹: test_failure

8. src/services/__tests__/api.test.ts
   æµ‹è¯•å¥—ä»¶: merchant-admin api.ts - è¯·æ±‚æ‹¦æˆªå™¨å’Œå“åº”æ‹¦æˆªå™¨æµ‹è¯•
   æµ‹è¯•åç§°: å“åº”æ‹¦æˆªå™¨æµ‹è¯• - ç½‘ç»œé”™è¯¯ > åº”è¯¥å¤„ç†ç½‘ç»œè¿æ¥å¤±è´¥
   é”™è¯¯ä¿¡æ¯: Error: Not implemented: window.computedStyle(elt, pseudoElt)
   é”™è¯¯ç±»å‹: error

9. src/services/__tests__/api.test.ts
   æµ‹è¯•å¥—ä»¶: merchant-admin api.ts - è¯·æ±‚æ‹¦æˆªå™¨å’Œå“åº”æ‹¦æˆªå™¨æµ‹è¯•
   æµ‹è¯•åç§°: å“åº”æ‹¦æˆªå™¨æµ‹è¯• - HTTPé”™è¯¯çŠ¶æ€ç  > åº”è¯¥å¤„ç†401æœªæˆæƒé”™è¯¯
   é”™è¯¯ä¿¡æ¯: AssertionError: expected 'è¯·æ±‚å¤±è´¥ (401)' to be 'TIMEOUT' // Object.is equality
   é”™è¯¯ç±»å‹: assertion

10. src/services/__tests__/api.test.ts
   æµ‹è¯•å¥—ä»¶: merchant-admin api.ts - è¯·æ±‚æ‹¦æˆªå™¨å’Œå“åº”æ‹¦æˆªå™¨æµ‹è¯•
   æµ‹è¯•åç§°: å“åº”æ‹¦æˆªå™¨æµ‹è¯• - HTTPé”™è¯¯çŠ¶æ€ç  > åº”è¯¥å¤„ç†403æƒé™ä¸è¶³é”™è¯¯
   é”™è¯¯ä¿¡æ¯: AssertionError: expected "spy" to be called with arguments: [ 'æƒé™ä¸è¶³' ] | Received:
   é”™è¯¯ç±»å‹: assertion

11. src/services/__tests__/api.test.ts
   æµ‹è¯•å¥—ä»¶: merchant-admin api.ts - è¯·æ±‚æ‹¦æˆªå™¨å’Œå“åº”æ‹¦æˆªå™¨æµ‹è¯•
   æµ‹è¯•åç§°: å“åº”æ‹¦æˆªå™¨æµ‹è¯• - HTTPé”™è¯¯çŠ¶æ€ç  > åº”è¯¥å¤„ç†404èµ„æºä¸å­˜åœ¨é”™è¯¯
   é”™è¯¯ä¿¡æ¯: AssertionError: expected "spy" to be called with arguments: [ 'è¯·æ±‚çš„èµ„æºä¸å­˜åœ¨' ] | Received:
   é”™è¯¯ç±»å‹: assertion

12. src/services/__tests__/api.test.ts
   æµ‹è¯•å¥—ä»¶: merchant-admin api.ts - è¯·æ±‚æ‹¦æˆªå™¨å’Œå“åº”æ‹¦æˆªå™¨æµ‹è¯•
   æµ‹è¯•åç§°: å“åº”æ‹¦æˆªå™¨æµ‹è¯• - HTTPé”™è¯¯çŠ¶æ€ç  > åº”è¯¥å¤„ç†500æœåŠ¡å™¨å†…éƒ¨é”™è¯¯
   é”™è¯¯ä¿¡æ¯: AssertionError: expected "spy" to be called with arguments: [ 'æœåŠ¡å™¨å†…éƒ¨é”™è¯¯' ] | Received:
   é”™è¯¯ç±»å‹: assertion

13. src/services/__tests__/api.test.ts
   æµ‹è¯•å¥—ä»¶: merchant-admin api.ts - è¯·æ±‚æ‹¦æˆªå™¨å’Œå“åº”æ‹¦æˆªå™¨æµ‹è¯•
   æµ‹è¯•åç§°: å“åº”æ‹¦æˆªå™¨æµ‹è¯• - ç½‘ç»œé”™è¯¯ > åº”è¯¥å¤„ç†ç½‘ç»œè¿æ¥å¤±è´¥
   é”™è¯¯ä¿¡æ¯: AssertionError: expected "spy" to be called with arguments: [ 'ç½‘ç»œè¿æ¥å¤±è´¥ï¼Œè¯·æ£€æŸ¥ç½‘ç»œè®¾ç½®' ] | Received:
   é”™è¯¯ç±»å‹: assertion

14. src/services/__tests__/employeeService.test.ts
   æµ‹è¯•å¥—ä»¶: employeeService
   æµ‹è¯•åç§°: batchImportEmployees > åº”è¯¥æˆåŠŸæ‰¹é‡å¯¼å…¥å‘˜å·¥
   é”™è¯¯ç±»å‹: test_failure

15. src/services/__tests__/employeeService.test.ts
   æµ‹è¯•å¥—ä»¶: employeeService
   æµ‹è¯•åç§°: batchImportEmployees > åº”è¯¥å¤„ç†æ–‡ä»¶æ ¼å¼é”™è¯¯
   é”™è¯¯ç±»å‹: test_failure

16. src/services/__tests__/employeeService.test.ts
   æµ‹è¯•å¥—ä»¶: employeeService
   æµ‹è¯•åç§°: batchImportEmployees > åº”è¯¥å¤„ç†æ–‡ä»¶è¿‡å¤§
   é”™è¯¯ä¿¡æ¯: Error: Test timed out in 10000ms.
   é”™è¯¯ç±»å‹: error

------------------------------------------------------------
ğŸ“„ å®Œæ•´æµ‹è¯•æ—¥å¿—: 2025-10-15-18676-test-execution.log
ğŸ“„ è¯¦ç»†é”™è¯¯æ—¥å¿—: 2025-10-15-18676-test-errors.log
============================================================
