å•†æˆ·ç®¡ç†ç«¯ æµ‹è¯•å¤±è´¥æ‘˜è¦ (2025/10/10 20:23:51)
============================================================

å¤±è´¥æµ‹è¯•æ•°é‡: 7
æå–åˆ°çš„é”™è¯¯è¯¦æƒ…: 14 ä¸ª

1. tests/unit/services/error-test.test.ts
   æµ‹è¯•å¥—ä»¶: å‰ç«¯å•†æˆ·ç®¡ç†ç«¯é”™è¯¯æµ‹è¯•
   æµ‹è¯•åç§°: åº”è¯¥æ•…æ„å¤±è´¥ - ç”¨æˆ·è®¤è¯é”™è¯¯
   é”™è¯¯ä¿¡æ¯: expected null to be truthy
   é”™è¯¯ç±»å‹: test_failure

2. tests/unit/services/error-test.test.ts
   æµ‹è¯•å¥—ä»¶: å‰ç«¯å•†æˆ·ç®¡ç†ç«¯é”™è¯¯æµ‹è¯•
   æµ‹è¯•åç§°: åº”è¯¥æ•…æ„å¤±è´¥ - æ•°æ®éªŒè¯é”™è¯¯
   é”™è¯¯ä¿¡æ¯: expected '' not to be '' // Object.is equality
   é”™è¯¯ç±»å‹: test_failure

3. tests/unit/services/error-test.test.ts
   æµ‹è¯•å¥—ä»¶: å‰ç«¯å•†æˆ·ç®¡ç†ç«¯é”™è¯¯æµ‹è¯•
   æµ‹è¯•åç§°: åº”è¯¥æ•…æ„å¤±è´¥ - æƒé™æ£€æŸ¥é”™è¯¯
   é”™è¯¯ä¿¡æ¯: expected 'employee' to be 'admin' // Object.is equality
   é”™è¯¯ç±»å‹: test_failure

4. tests/unit/services/error-test.test.ts
   æµ‹è¯•å¥—ä»¶: å‰ç«¯å•†æˆ·ç®¡ç†ç«¯é”™è¯¯æµ‹è¯•
   æµ‹è¯•åç§°: åº”è¯¥æ•…æ„å¤±è´¥ - ç½‘ç»œè¯·æ±‚è¶…æ—¶
   é”™è¯¯ä¿¡æ¯: â†’ promise rejected "Error: ç½‘ç»œè¯·æ±‚è¶…æ—¶" instead of resolving
   é”™è¯¯ç±»å‹: error

5. tests/unit/services/error-test.test.ts
   æµ‹è¯•å¥—ä»¶: å‰ç«¯å•†æˆ·ç®¡ç†ç«¯é”™è¯¯æµ‹è¯•
   æµ‹è¯•åç§°: åº”è¯¥æ•…æ„å¤±è´¥ - æ•°æ®æ ¼å¼è½¬æ¢é”™è¯¯
   é”™è¯¯ä¿¡æ¯: â†’ expected [Function] to not throw an error but 'SyntaxError: Expected property name oâ€¦' was thrown
   é”™è¯¯ç±»å‹: error

6. src/components/__tests__/PermissionModal.test.tsx
   æµ‹è¯•å¥—ä»¶: PermissionModal
   æµ‹è¯•åç§°: should render permission modal with employee info
   é”™è¯¯ä¿¡æ¯: Unable to find an element with the text: æŠ€æœ¯éƒ¨. This could be because the text is broken up by multiple elements. In this case, you can provide a function for your text matcher to make your matcher more flexible.
   é”™è¯¯ç±»å‹: test_failure

7. src/components/__tests__/VisitorApprovalModal.test.tsx
   æµ‹è¯•å¥—ä»¶: VisitorApprovalModal
   æµ‹è¯•åç§°: should render visitor approval modal with application info
   é”™è¯¯ä¿¡æ¯: Error: Playwright Test did not expect test.describe() to be called here.
   é”™è¯¯ç±»å‹: error

8. src/components/__tests__/PermissionModal.test.tsx
   æµ‹è¯•å¥—ä»¶: PermissionModal
   æµ‹è¯•åç§°: should render permission modal with employee info
   é”™è¯¯ä¿¡æ¯: TestingLibraryElementError: Unable to find an element with the text: æŠ€æœ¯éƒ¨. This could be because the text is broken up by multiple elements. In this case, you can provide a function for your text matcher to make your matcher more flexible.
   é”™è¯¯ç±»å‹: element_not_found

9. src/components/__tests__/VisitorApprovalModal.test.tsx
   æµ‹è¯•å¥—ä»¶: VisitorApprovalModal
   æµ‹è¯•åç§°: should render visitor approval modal with application info
   é”™è¯¯ä¿¡æ¯: TestingLibraryElementError: Found multiple elements with the text: å¼ ä¸‰
   é”™è¯¯ç±»å‹: element_not_found

10. tests/unit/services/error-test.test.ts
   æµ‹è¯•å¥—ä»¶: å‰ç«¯å•†æˆ·ç®¡ç†ç«¯é”™è¯¯æµ‹è¯•
   æµ‹è¯•åç§°: åº”è¯¥æ•…æ„å¤±è´¥ - ç”¨æˆ·è®¤è¯é”™è¯¯
   é”™è¯¯ä¿¡æ¯: AssertionError: expected null to be truthy | - Expected:
   é”™è¯¯ç±»å‹: assertion

11. tests/unit/services/error-test.test.ts
   æµ‹è¯•å¥—ä»¶: å‰ç«¯å•†æˆ·ç®¡ç†ç«¯é”™è¯¯æµ‹è¯•
   æµ‹è¯•åç§°: åº”è¯¥æ•…æ„å¤±è´¥ - æ•°æ®éªŒè¯é”™è¯¯
   é”™è¯¯ä¿¡æ¯: AssertionError: expected '' not to be '' // Object.is equality
   é”™è¯¯ç±»å‹: assertion

12. tests/unit/services/error-test.test.ts
   æµ‹è¯•å¥—ä»¶: å‰ç«¯å•†æˆ·ç®¡ç†ç«¯é”™è¯¯æµ‹è¯•
   æµ‹è¯•åç§°: åº”è¯¥æ•…æ„å¤±è´¥ - æƒé™æ£€æŸ¥é”™è¯¯
   é”™è¯¯ä¿¡æ¯: AssertionError: expected 'employee' to be 'admin' // Object.is equality
   é”™è¯¯ç±»å‹: assertion

13. tests/unit/services/error-test.test.ts
   æµ‹è¯•å¥—ä»¶: å‰ç«¯å•†æˆ·ç®¡ç†ç«¯é”™è¯¯æµ‹è¯•
   æµ‹è¯•åç§°: åº”è¯¥æ•…æ„å¤±è´¥ - ç½‘ç»œè¯·æ±‚è¶…æ—¶
   é”™è¯¯ä¿¡æ¯: Caused by: Error: ç½‘ç»œè¯·æ±‚è¶…æ—¶
   é”™è¯¯ç±»å‹: error

14. tests/unit/services/error-test.test.ts
   æµ‹è¯•å¥—ä»¶: å‰ç«¯å•†æˆ·ç®¡ç†ç«¯é”™è¯¯æµ‹è¯•
   æµ‹è¯•åç§°: åº”è¯¥æ•…æ„å¤±è´¥ - æ•°æ®æ ¼å¼è½¬æ¢é”™è¯¯
   é”™è¯¯ä¿¡æ¯: "SyntaxError: Expected property name or '}' in JSON at position 2 (line 1 column 3)"
   é”™è¯¯ç±»å‹: error

------------------------------------------------------------
ğŸ“„ å®Œæ•´æµ‹è¯•æ—¥å¿—: 2025-10-10-33368-test-execution.log
ğŸ“„ è¯¦ç»†é”™è¯¯æ—¥å¿—: 2025-10-10-33368-test-errors.log
============================================================
