å•†æˆ·ç®¡ç†ç«¯ æµ‹è¯•å¤±è´¥æ‘˜è¦ (2025/10/13 09:10:37)
============================================================

å¤±è´¥æµ‹è¯•æ•°é‡: 9
æå–åˆ°çš„é”™è¯¯è¯¦æƒ…: 18 ä¸ª

1. src/services/__tests__/employeeService.test.ts
   æµ‹è¯•å¥—ä»¶: employeeService
   æµ‹è¯•åç§°: batchImportEmployees > åº”è¯¥æˆåŠŸæ‰¹é‡å¯¼å…¥å‘˜å·¥
   é”™è¯¯ä¿¡æ¯: Test timed out in 10000ms.
   é”™è¯¯ç±»å‹: test_failure

2. src/services/__tests__/employeeService.test.ts
   æµ‹è¯•å¥—ä»¶: employeeService
   æµ‹è¯•åç§°: batchImportEmployees > åº”è¯¥å¤„ç†æ–‡ä»¶æ ¼å¼é”™è¯¯
   é”™è¯¯ä¿¡æ¯: Test timed out in 10000ms.
   é”™è¯¯ç±»å‹: test_failure

3. src/services/__tests__/employeeService.test.ts
   æµ‹è¯•å¥—ä»¶: employeeService
   æµ‹è¯•åç§°: batchImportEmployees > åº”è¯¥å¤„ç†æ–‡ä»¶è¿‡å¤§
   é”™è¯¯ä¿¡æ¯: Test timed out in 10000ms.
   é”™è¯¯ç±»å‹: test_failure

4. src/services/__tests__/employeeService.test.ts
   æµ‹è¯•å¥—ä»¶: employeeService
   æµ‹è¯•åç§°: downloadTemplate > åº”è¯¥å¤„ç†æ¨¡æ¿ä¸‹è½½å¤±è´¥
   é”™è¯¯ä¿¡æ¯: expected [Function] to throw error including 'æ¨¡æ¿ä¸‹è½½å¤±è´¥' but got 'è¯·æ±‚å¤±è´¥ (500)'
   é”™è¯¯ç±»å‹: test_failure

5. src/services/__tests__/employeeService.test.ts
   æµ‹è¯•å¥—ä»¶: employeeService
   æµ‹è¯•åç§°: exportEmployees > åº”è¯¥å¤„ç†å¯¼å‡ºå¤±è´¥
   é”™è¯¯ä¿¡æ¯: expected [Function] to throw error including 'å¯¼å‡ºå¤±è´¥' but got 'è¯·æ±‚å¤±è´¥ (500)'
   é”™è¯¯ç±»å‹: test_failure

6. src/components/__tests__/PermissionModal.test.tsx
   æµ‹è¯•å¥—ä»¶: PermissionModal
   æµ‹è¯•åç§°: should display permission groups
   é”™è¯¯ä¿¡æ¯: Found multiple elements with the text: ç©ºé—´è®¿é—®æƒé™
   é”™è¯¯ç±»å‹: test_failure

7. src/components/__tests__/PermissionModal.test.tsx
   æµ‹è¯•å¥—ä»¶: PermissionModal
   æµ‹è¯•åç§°: should show selected permissions count
   é”™è¯¯ä¿¡æ¯: Found multiple elements with the text: /å·²é€‰æ‹©.*é¡¹æƒé™/
   é”™è¯¯ç±»å‹: test_failure

8. src/components/__tests__/PermissionModal.test.tsx
   æµ‹è¯•å¥—ä»¶: PermissionModal
   æµ‹è¯•åç§°: should not render when visible is false
   é”™è¯¯ä¿¡æ¯: Found multiple elements with the text: æƒé™è®¾ç½®
   é”™è¯¯ç±»å‹: test_failure

9. src/components/__tests__/PermissionModal.test.tsx
   æµ‹è¯•å¥—ä»¶: PermissionModal
   æµ‹è¯•åç§°: should not render when employee is null
   é”™è¯¯ä¿¡æ¯: Error: Playwright Test did not expect test.describe() to be called here.
   é”™è¯¯ç±»å‹: error

10. src/services/__tests__/employeeService.test.ts
   æµ‹è¯•å¥—ä»¶: employeeService
   æµ‹è¯•åç§°: batchImportEmployees > åº”è¯¥æˆåŠŸæ‰¹é‡å¯¼å…¥å‘˜å·¥
   é”™è¯¯ç±»å‹: test_failure

11. src/services/__tests__/employeeService.test.ts
   æµ‹è¯•å¥—ä»¶: employeeService
   æµ‹è¯•åç§°: batchImportEmployees > åº”è¯¥å¤„ç†æ–‡ä»¶æ ¼å¼é”™è¯¯
   é”™è¯¯ç±»å‹: test_failure

12. src/services/__tests__/employeeService.test.ts
   æµ‹è¯•å¥—ä»¶: employeeService
   æµ‹è¯•åç§°: batchImportEmployees > åº”è¯¥å¤„ç†æ–‡ä»¶è¿‡å¤§
   é”™è¯¯ä¿¡æ¯: Error: Test timed out in 10000ms.
   é”™è¯¯ç±»å‹: error

13. src/services/__tests__/employeeService.test.ts
   æµ‹è¯•å¥—ä»¶: employeeService
   æµ‹è¯•åç§°: downloadTemplate > åº”è¯¥å¤„ç†æ¨¡æ¿ä¸‹è½½å¤±è´¥
   é”™è¯¯ä¿¡æ¯: AssertionError: expected [Function] to throw error including 'æ¨¡æ¿ä¸‹è½½å¤±è´¥' but got 'è¯·æ±‚å¤±è´¥ (500)'
   é”™è¯¯ç±»å‹: assertion

14. src/services/__tests__/employeeService.test.ts
   æµ‹è¯•å¥—ä»¶: employeeService
   æµ‹è¯•åç§°: exportEmployees > åº”è¯¥å¤„ç†å¯¼å‡ºå¤±è´¥
   é”™è¯¯ä¿¡æ¯: AssertionError: expected [Function] to throw error including 'å¯¼å‡ºå¤±è´¥' but got 'è¯·æ±‚å¤±è´¥ (500)'
   é”™è¯¯ç±»å‹: assertion

15. src/components/__tests__/PermissionModal.test.tsx
   æµ‹è¯•å¥—ä»¶: PermissionModal
   æµ‹è¯•åç§°: should display permission groups
   é”™è¯¯ä¿¡æ¯: TestingLibraryElementError: Found multiple elements with the text: ç©ºé—´è®¿é—®æƒé™
   é”™è¯¯ç±»å‹: element_not_found

16. src/components/__tests__/PermissionModal.test.tsx
   æµ‹è¯•å¥—ä»¶: PermissionModal
   æµ‹è¯•åç§°: should show selected permissions count
   é”™è¯¯ä¿¡æ¯: TestingLibraryElementError: Found multiple elements with the text: /å·²é€‰æ‹©.*é¡¹æƒé™/
   é”™è¯¯ç±»å‹: element_not_found

17. src/components/__tests__/PermissionModal.test.tsx
   æµ‹è¯•å¥—ä»¶: PermissionModal
   æµ‹è¯•åç§°: should not render when visible is false
   é”™è¯¯ä¿¡æ¯: TestingLibraryElementError: Found multiple elements with the text: æƒé™è®¾ç½®
   é”™è¯¯ç±»å‹: element_not_found

18. src/components/__tests__/PermissionModal.test.tsx
   æµ‹è¯•å¥—ä»¶: PermissionModal
   æµ‹è¯•åç§°: should not render when employee is null
   é”™è¯¯ä¿¡æ¯: TestingLibraryElementError: Found multiple elements with the text: å¼ ä¸‰
   é”™è¯¯ç±»å‹: element_not_found

------------------------------------------------------------
ğŸ“„ å®Œæ•´æµ‹è¯•æ—¥å¿—: 2025-10-13-42444-test-execution.log
ğŸ“„ è¯¦ç»†é”™è¯¯æ—¥å¿—: 2025-10-13-42444-test-errors.log
============================================================
