            "text": "å¤„ç†ä¸­",
            "type": "primary",
+         },
        },
      },
    },
  ]


Number of calls: 1

 â¯ tests/unit/components/status-badge.test.ts:396:44
    394|       statusBadgeComponent.mergeConfig.call(statusBadgeComponent);
    395| 
    396|       expect(statusBadgeComponent.setData).toHaveBeenCalledWith({
       |                                            ^
    397|         statusConfig: {
    398|           pending: { text: 'å¾…å®¡æ‰¹', type: 'warning' },

â¯â¯â¯â¯â¯â¯â¯â¯â¯â¯â¯â¯â¯â¯â¯â¯â¯â¯â¯â¯â¯â¯[31/34]â¯

 FAIL  tests/unit/components/status-badge.test.ts > çŠ¶æ€å¾½ç« ç»„ä»¶æµ‹è¯• > æ¡ä»¶æ¸²æŸ“ > åº”è¯¥æ ¹æ®çŠ¶æ€æ§åˆ¶æ˜¾ç¤ºéšè—
AssertionError: expected "spy" to be called with arguments: [ { visible: true } ]

Received: 

  1st spy call:

  Array [
    Object {
-     "visible": true,
+     "visible": "pending",
    },
  ]


Number of calls: 1

 â¯ tests/unit/components/status-badge.test.ts:510:44
    508|       statusBadgeComponent.updateVisibility.call(statusBadgeComponent);
    509| 
    510|       expect(statusBadgeComponent.setData).toHaveBeenCalledWith({
       |                                            ^
    511|         visible: true
    512|       });

â¯â¯â¯â¯â¯â¯â¯â¯â¯â¯â¯â¯â¯â¯â¯â¯â¯â¯â¯â¯â¯â¯[32/34]â¯

 FAIL  tests/unit/components/status-badge.test.ts > çŠ¶æ€å¾½ç« ç»„ä»¶æµ‹è¯• > æ¡ä»¶æ¸²æŸ“ > åº”è¯¥åœ¨çŠ¶æ€ä¸ºç©ºæ—¶éšè—ç»„ä»¶
AssertionError: expected "spy" to be called with arguments: [ { visible: false } ]

Received: 

  1st spy call:

  Array [
    Object {
-     "visible": false,
+     "visible": "",
    },
  ]


Number of calls: 1

 â¯ tests/unit/components/status-badge.test.ts:535:44
    533|       statusBadgeComponent.updateVisibility.call(statusBadgeComponent);
    534| 
    535|       expect(statusBadgeComponent.setData).toHaveBeenCalledWith({
       |                                            ^
    536|         visible: false
    537|       });

â¯â¯â¯â¯â¯â¯â¯â¯â¯â¯â¯â¯â¯â¯â¯â¯â¯â¯â¯â¯â¯â¯[33/34]â¯

 FAIL  tests/unit/services/api.test.ts > APIæœåŠ¡æµ‹è¯• > å¹¶å‘è¯·æ±‚ > åº”è¯¥æ”¯æŒå¹¶å‘è¯·æ±‚
AssertionError: expected 3 to be 1 // Object.is equality

- Expected
+ Received

- 1
+ 3

 â¯ tests/unit/services/api.test.ts:696:34
    694|       expect(results).toHaveLength(3);
    695|       expect(wx.request).toHaveBeenCalledTimes(3);
    696|       expect(results[0].data.id).toBe(1);
       |                                  ^
    697|       expect(results[1].data.id).toBe(2);
    698|       expect(results[2].data.id).toBe(3);

â¯â¯â¯â¯â¯â¯â¯â¯â¯â¯â¯â¯â¯â¯â¯â¯â¯â¯â¯â¯â¯â¯[34/34]â¯

[2m Test Files [22m [1m[31m9 failed[39m[22m[2m | [22m[1m[32m16 passed[39m[22m[90m (25)[39m
[2m      Tests [22m [1m[31m34 failed[39m[22m[2m | [22m[1m[32m424 passed[39m[22m[90m (458)[39m
[2m   Start at [22m 14:19:44
[2m   Duration [22m 18.94s[2m (transform 3.80s, setup 2.37s, collect 4.81s, tests 4.28s, environment 124.53s, prepare 25.67s)[22m

â€‰ELIFECYCLEâ€‰ Command failed with exit code 1.
